#
# There is insufficient memory for the Java Runtime Environment to continue.
# Native memory allocation (malloc) failed to allocate 2731184 bytes for Chunk::new
# Possible reasons:
#   The system is out of physical RAM or swap space
#   The process is running with CompressedOops enabled, and the Java Heap may be blocking the growth of the native heap
# Possible solutions:
#   Reduce memory load on the system
#   Increase physical memory or swap space
#   Check if swap backing store is full
#   Decrease Java heap size (-Xmx/-Xms)
#   Decrease number of Java threads
#   Decrease Java thread stack sizes (-Xss)
#   Set larger code cache with -XX:ReservedCodeCacheSize=
#   JVM is running with Unscaled Compressed Oops mode in which the Java heap is
#     placed in the first 4GB address space. The Java Heap base address is the
#     maximum limit for the native heap growth. Please use -XX:HeapBaseMinAddress
#     to set the Java Heap base and to place the Java Heap above 4GB virtual address.
# This output file may be truncated or incomplete.
#
#  Out of Memory Error (arena.cpp:189), pid=17732, tid=5820
#
# JRE version: Java(TM) SE Runtime Environment (17.0.12+8) (build 17.0.12+8-LTS-286)
# Java VM: Java HotSpot(TM) 64-Bit Server VM (17.0.12+8-LTS-286, mixed mode, sharing, tiered, compressed oops, compressed class ptrs, parallel gc, windows-amd64)
# No core dump will be written. Minidumps are not enabled by default on client versions of Windows
#

---------------  S U M M A R Y ------------

Command Line: --add-opens=java.base/java.lang=ALL-UNNAMED --add-opens=java.base/java.lang.invoke=ALL-UNNAMED --add-opens=java.base/java.util=ALL-UNNAMED --add-opens=java.prefs/java.util.prefs=ALL-UNNAMED --add-exports=jdk.compiler/com.sun.tools.javac.api=ALL-UNNAMED --add-exports=jdk.compiler/com.sun.tools.javac.util=ALL-UNNAMED --add-opens=java.base/java.util=ALL-UNNAMED --add-opens=java.prefs/java.util.prefs=ALL-UNNAMED --add-opens=java.base/java.nio.charset=ALL-UNNAMED --add-opens=java.base/java.net=ALL-UNNAMED --add-opens=java.base/java.util.concurrent=ALL-UNNAMED --add-opens=java.base/java.util.concurrent.atomic=ALL-UNNAMED --add-opens=java.xml/javax.xml.namespace=ALL-UNNAMED -XX:MaxMetaspaceSize=512m -XX:+UseParallelGC --add-opens=java.base/java.lang=ALL-UNNAMED --add-opens=java.base/java.util=ALL-UNNAMED --add-opens=java.base/java.io=ALL-UNNAMED --add-opens=java.base/java.lang.reflect=ALL-UNNAMED --add-opens=java.base/java.text=ALL-UNNAMED --add-opens=java.base/java.nio=ALL-UNNAMED --add-exports=jdk.unsupported/sun.misc=ALL-UNNAMED --enable-native-access=ALL-UNNAMED -Xmx2048m -Dfile.encoding=windows-1252 -Duser.country=IN -Duser.language=en -Duser.variant -javaagent:C:\Users\hp\.gradle\wrapper\dists\gradle-9.0.0-bin\d6wjpkvcgsg3oed0qlfss3wgl\gradle-9.0.0\lib\agents\gradle-instrumentation-agent-9.0.0.jar org.gradle.launcher.daemon.bootstrap.GradleDaemon 9.0.0

Host: 12th Gen Intel(R) Core(TM) i5-1235U, 12 cores, 7G,  Windows 11 , 64 bit Build 26100 (10.0.26100.7920)
Time: Wed Apr  1 17:39:01 2026 India Standard Time elapsed time: 228.380450 seconds (0d 0h 3m 48s)

---------------  T H R E A D  ---------------

Current thread (0x00000270008ccfe0):  JavaThread "C2 CompilerThread1" daemon [_thread_in_native, id=5820, stack(0x000000d726700000,0x000000d726800000)]


Current CompileTask:
C2: 228380 31234       4       com.sun.tools.javac.code.Types$ImplementationCache::get (159 bytes)

Stack: [0x000000d726700000,0x000000d726800000]
Native frames: (J=compiled Java code, j=interpreted, Vv=VM code, C=native code)
V  [jvm.dll+0x67a04a]
V  [jvm.dll+0x7da4ed]
V  [jvm.dll+0x7dbe33]
V  [jvm.dll+0x7dc4a3]
V  [jvm.dll+0x24508f]
V  [jvm.dll+0xab773]
V  [jvm.dll+0xabd3c]
V  [jvm.dll+0x361bee]
V  [jvm.dll+0x1ba64a]
V  [jvm.dll+0x216997]
V  [jvm.dll+0x215c6f]
V  [jvm.dll+0x1a2960]
V  [jvm.dll+0x22610b]
V  [jvm.dll+0x2242ab]
V  [jvm.dll+0x79075c]
V  [jvm.dll+0x78abea]
V  [jvm.dll+0x678f35]
C  [ucrtbase.dll+0x37b0]
C  [KERNEL32.DLL+0x2e8d7]
C  [ntdll.dll+0x8c48c]


---------------  P R O C E S S  ---------------

Threads class SMR info:
_java_thread_list=0x000002707e80fa70, length=93, elements={
0x0000027032e28380, 0x0000027032ee8e70, 0x0000027032ee9d60, 0x000002704fbbd390,
0x000002704fbbde60, 0x000002706c252fe0, 0x000002706c2558c0, 0x000002706c2581a0,
0x000002706c258b60, 0x000002706c259c10, 0x0000027032e8f960, 0x000002706c46f2c0,
0x0000027072dfd260, 0x00000270730440a0, 0x0000027072feb040, 0x0000027072fbd790,
0x0000027072fba760, 0x00000270730dd920, 0x00000270730ded60, 0x00000270730dde30,
0x00000270730de340, 0x00000270730df780, 0x00000270730de850, 0x00000270730df270,
0x00000270730dbfd0, 0x00000270730dc4e0, 0x00000270730dcf00, 0x00000270730dc9f0,
0x00000270730dd410, 0x00000270731ff570, 0x00000270732013d0, 0x0000027073201df0,
0x00000270731fff90, 0x00000270732004a0, 0x0000027073202810, 0x00000270731ffa80,
0x0000027073205090, 0x00000270732069e0, 0x0000027073203c50, 0x0000027073204160,
0x00000270732009b0, 0x0000027073204670, 0x00000270732055a0, 0x00000270732064d0,
0x000002707587ddc0, 0x000002707587d8b0, 0x000002707587e2d0, 0x000002707587e7e0,
0x000002707587ecf0, 0x000002707587f710, 0x000002707587fc20, 0x0000027075880130,
0x0000027075880b50, 0x0000027076491ad0, 0x0000027076490690, 0x0000027076490ba0,
0x0000027076494860, 0x00000270764910b0, 0x0000027076492a00, 0x0000027076494350,
0x0000027076492f10, 0x0000027076491fe0, 0x0000027076494d70, 0x0000027076493420,
0x00000270764915c0, 0x0000027076495790, 0x0000027076493930, 0x0000027076493e40,
0x0000027076495280, 0x00000270764970e0, 0x00000270764966c0, 0x0000027076496bd0,
0x00000270764975f0, 0x00000270780676d0, 0x000002707806a460, 0x0000027078069530,
0x000002707806a970, 0x00000270782b9070, 0x00000270782bcd30, 0x00000270782b9a90,
0x00000270782be170, 0x00000270782be680, 0x0000027077be7600, 0x0000027077be8020,
0x0000027077be4870, 0x000002707587f200, 0x0000027073202300, 0x0000027077beb2c0,
0x000002707ef379c0, 0x000002707ef388f0, 0x000002707ef36070, 0x00000270008ccfe0,
0x000002707ef3cac0
}

Java Threads: ( => current thread )
  0x0000027032e28380 JavaThread "main" [_thread_blocked, id=24556, stack(0x000000d720000000,0x000000d720100000)]
  0x0000027032ee8e70 JavaThread "Reference Handler" daemon [_thread_blocked, id=14040, stack(0x000000d720300000,0x000000d720400000)]
  0x0000027032ee9d60 JavaThread "Finalizer" daemon [_thread_blocked, id=22624, stack(0x000000d720400000,0x000000d720500000)]
  0x000002704fbbd390 JavaThread "Signal Dispatcher" daemon [_thread_blocked, id=7316, stack(0x000000d720500000,0x000000d720600000)]
  0x000002704fbbde60 JavaThread "Attach Listener" daemon [_thread_blocked, id=22756, stack(0x000000d720600000,0x000000d720700000)]
  0x000002706c252fe0 JavaThread "Service Thread" daemon [_thread_blocked, id=25444, stack(0x000000d720700000,0x000000d720800000)]
  0x000002706c2558c0 JavaThread "Monitor Deflation Thread" daemon [_thread_blocked, id=19764, stack(0x000000d720800000,0x000000d720900000)]
  0x000002706c2581a0 JavaThread "C2 CompilerThread0" daemon [_thread_blocked, id=20068, stack(0x000000d720900000,0x000000d720a00000)]
  0x000002706c258b60 JavaThread "C1 CompilerThread0" daemon [_thread_blocked, id=23296, stack(0x000000d720a00000,0x000000d720b00000)]
  0x000002706c259c10 JavaThread "Sweeper thread" daemon [_thread_blocked, id=23872, stack(0x000000d720b00000,0x000000d720c00000)]
  0x0000027032e8f960 JavaThread "Common-Cleaner" daemon [_thread_blocked, id=9872, stack(0x000000d720c00000,0x000000d720d00000)]
  0x000002706c46f2c0 JavaThread "Notification Thread" daemon [_thread_blocked, id=11968, stack(0x000000d720e00000,0x000000d720f00000)]
  0x0000027072dfd260 JavaThread "Daemon health stats" [_thread_blocked, id=14964, stack(0x000000d721400000,0x000000d721500000)]
  0x00000270730440a0 JavaThread "Incoming local TCP Connector on port 54337" [_thread_in_native, id=20200, stack(0x000000d721900000,0x000000d721a00000)]
  0x0000027072feb040 JavaThread "Daemon periodic checks" [_thread_blocked, id=11092, stack(0x000000d721a00000,0x000000d721b00000)]
  0x0000027072fbd790 JavaThread "Daemon" [_thread_blocked, id=14628, stack(0x000000d721b00000,0x000000d721c00000)]
  0x0000027072fba760 JavaThread "Handler for socket connection from /127.0.0.1:54337 to /127.0.0.1:54338" [_thread_in_native, id=24524, stack(0x000000d721c00000,0x000000d721d00000)]
  0x00000270730dd920 JavaThread "Cancel handler" [_thread_blocked, id=24264, stack(0x000000d721d00000,0x000000d721e00000)]
  0x00000270730ded60 JavaThread "Daemon worker" [_thread_blocked, id=460, stack(0x000000d721e00000,0x000000d721f00000)]
  0x00000270730dde30 JavaThread "Asynchronous log dispatcher for DefaultDaemonConnection: socket connection from /127.0.0.1:54337 to /127.0.0.1:54338" [_thread_blocked, id=21784, stack(0x000000d721f00000,0x000000d722000000)]
  0x00000270730de340 JavaThread "Stdin handler" [_thread_blocked, id=20124, stack(0x000000d722000000,0x000000d722100000)]
  0x00000270730df780 JavaThread "Daemon client event forwarder" [_thread_blocked, id=24124, stack(0x000000d722100000,0x000000d722200000)]
  0x00000270730de850 JavaThread "Cache worker for journal cache (C:\Users\hp\.gradle\caches\journal-1)" [_thread_blocked, id=3456, stack(0x000000d722200000,0x000000d722300000)]
  0x00000270730df270 JavaThread "File lock request listener" [_thread_in_native, id=11124, stack(0x000000d722300000,0x000000d722400000)]
  0x00000270730dbfd0 JavaThread "Cache worker for file hash cache (C:\Users\hp\.gradle\caches\9.0.0\fileHashes)" [_thread_blocked, id=24356, stack(0x000000d722400000,0x000000d722500000)]
  0x00000270730dc4e0 JavaThread "Cache worker for file hash cache (C:\Users\hp\Desktop\AIB Innovations\TiffsyDriver-1\android\.gradle\9.0.0\fileHashes)" [_thread_blocked, id=19388, stack(0x000000d722600000,0x000000d722700000)]
  0x00000270730dcf00 JavaThread "Cache worker for Build Output Cleanup Cache (C:\Users\hp\Desktop\AIB Innovations\TiffsyDriver-1\android\.gradle\buildOutputCleanup)" [_thread_blocked, id=17796, stack(0x000000d722700000,0x000000d722800000)]
  0x00000270730dc9f0 JavaThread "File watcher server" daemon [_thread_in_native, id=24664, stack(0x000000d722800000,0x000000d722900000)]
  0x00000270730dd410 JavaThread "File watcher consumer" daemon [_thread_blocked, id=15612, stack(0x000000d722900000,0x000000d722a00000)]
  0x00000270731ff570 JavaThread "Cache worker for checksums cache (C:\Users\hp\Desktop\AIB Innovations\TiffsyDriver-1\android\.gradle\9.0.0\checksums)" [_thread_blocked, id=24252, stack(0x000000d722a00000,0x000000d722b00000)]
  0x00000270732013d0 JavaThread "Cache worker for file content cache (C:\Users\hp\.gradle\caches\9.0.0\fileContent)" [_thread_blocked, id=15940, stack(0x000000d722b00000,0x000000d722c00000)]
  0x0000027073201df0 JavaThread "Cache worker for cache directory md-supplier (C:\Users\hp\.gradle\caches\9.0.0\md-supplier)" [_thread_blocked, id=2392, stack(0x000000d722c00000,0x000000d722d00000)]
  0x00000270731fff90 JavaThread "Cache worker for cache directory md-rule (C:\Users\hp\.gradle\caches\9.0.0\md-rule)" [_thread_blocked, id=21336, stack(0x000000d722d00000,0x000000d722e00000)]
  0x00000270732004a0 JavaThread "jar transforms" [_thread_blocked, id=15600, stack(0x000000d722e00000,0x000000d722f00000)]
  0x0000027073202810 JavaThread "Cache worker for Build Output Cleanup Cache (C:\Users\hp\Desktop\AIB Innovations\TiffsyDriver-1\node_modules\@react-native\gradle-plugin\.gradle\buildOutputCleanup)" [_thread_blocked, id=14928, stack(0x000000d722f00000,0x000000d723000000)]
  0x00000270731ffa80 JavaThread "Unconstrained build operations" [_thread_blocked, id=24568, stack(0x000000d720d00000,0x000000d720e00000)]
  0x0000027073205090 JavaThread "Unconstrained build operations Thread 2" [_thread_blocked, id=18980, stack(0x000000d723000000,0x000000d723100000)]
  0x00000270732069e0 JavaThread "Unconstrained build operations Thread 3" [_thread_blocked, id=7644, stack(0x000000d723200000,0x000000d723300000)]
  0x0000027073203c50 JavaThread "Unconstrained build operations Thread 4" [_thread_blocked, id=11948, stack(0x000000d723300000,0x000000d723400000)]
  0x0000027073204160 JavaThread "Unconstrained build operations Thread 5" [_thread_blocked, id=8916, stack(0x000000d723500000,0x000000d723600000)]
  0x00000270732009b0 JavaThread "Unconstrained build operations Thread 6" [_thread_blocked, id=2636, stack(0x000000d723600000,0x000000d723700000)]
  0x0000027073204670 JavaThread "build event listener" [_thread_blocked, id=22432, stack(0x000000d723700000,0x000000d723800000)]
  0x00000270732055a0 JavaThread "Memory manager" [_thread_blocked, id=24536, stack(0x000000d723800000,0x000000d723900000)]
  0x00000270732064d0 JavaThread "ForkJoinPool.commonPool-worker-1" daemon [_thread_blocked, id=17768, stack(0x000000d723900000,0x000000d723a00000)]
  0x000002707587ddc0 JavaThread "ForkJoinPool.commonPool-worker-2" daemon [_thread_blocked, id=20424, stack(0x000000d723a00000,0x000000d723b00000)]
  0x000002707587d8b0 JavaThread "ForkJoinPool.commonPool-worker-4" daemon [_thread_blocked, id=11540, stack(0x000000d723c00000,0x000000d723d00000)]
  0x000002707587e2d0 JavaThread "ForkJoinPool.commonPool-worker-5" daemon [_thread_blocked, id=18620, stack(0x000000d723d00000,0x000000d723e00000)]
  0x000002707587e7e0 JavaThread "ForkJoinPool.commonPool-worker-6" daemon [_thread_blocked, id=12584, stack(0x000000d723e00000,0x000000d723f00000)]
  0x000002707587ecf0 JavaThread "ForkJoinPool.commonPool-worker-7" daemon [_thread_blocked, id=25472, stack(0x000000d723f00000,0x000000d724000000)]
  0x000002707587f710 JavaThread "ForkJoinPool.commonPool-worker-9" daemon [_thread_blocked, id=16084, stack(0x000000d724100000,0x000000d724200000)]
  0x000002707587fc20 JavaThread "ForkJoinPool.commonPool-worker-10" daemon [_thread_blocked, id=24424, stack(0x000000d724200000,0x000000d724300000)]
  0x0000027075880130 JavaThread "ForkJoinPool.commonPool-worker-11" daemon [_thread_blocked, id=11520, stack(0x000000d724300000,0x000000d724400000)]
  0x0000027075880b50 JavaThread "included builds" [_thread_blocked, id=16872, stack(0x000000d724400000,0x000000d724500000)]
  0x0000027076491ad0 JavaThread "Execution worker" [_thread_blocked, id=9944, stack(0x000000d724500000,0x000000d724600000)]
  0x0000027076490690 JavaThread "Cache worker for execution history cache (C:\Users\hp\Desktop\AIB Innovations\TiffsyDriver-1\node_modules\@react-native\gradle-plugin\.gradle\9.0.0\executionHistory)" [_thread_blocked, id=21600, stack(0x000000d724600000,0x000000d724700000)]
  0x0000027076490ba0 JavaThread "Unconstrained build operations Thread 7" [_thread_blocked, id=24132, stack(0x000000d724700000,0x000000d724800000)]
  0x0000027076494860 JavaThread "Unconstrained build operations Thread 8" [_thread_blocked, id=24052, stack(0x000000d724800000,0x000000d724900000)]
  0x00000270764910b0 JavaThread "Unconstrained build operations Thread 9" [_thread_blocked, id=24064, stack(0x000000d724900000,0x000000d724a00000)]
  0x0000027076492a00 JavaThread "Unconstrained build operations Thread 10" [_thread_blocked, id=12988, stack(0x000000d724a00000,0x000000d724b00000)]
  0x0000027076494350 JavaThread "Unconstrained build operations Thread 11" [_thread_blocked, id=2900, stack(0x000000d724b00000,0x000000d724c00000)]
  0x0000027076492f10 JavaThread "Unconstrained build operations Thread 12" [_thread_blocked, id=1828, stack(0x000000d724c00000,0x000000d724d00000)]
  0x0000027076491fe0 JavaThread "Unconstrained build operations Thread 13" [_thread_blocked, id=22560, stack(0x000000d724d00000,0x000000d724e00000)]
  0x0000027076494d70 JavaThread "Unconstrained build operations Thread 14" [_thread_blocked, id=22824, stack(0x000000d724e00000,0x000000d724f00000)]
  0x0000027076493420 JavaThread "jar transforms Thread 2" [_thread_blocked, id=6708, stack(0x000000d724f00000,0x000000d725000000)]
  0x00000270764915c0 JavaThread "jar transforms Thread 3" [_thread_blocked, id=9360, stack(0x000000d725000000,0x000000d725100000)]
  0x0000027076495790 JavaThread "Unconstrained build operations Thread 15" [_thread_blocked, id=18640, stack(0x000000d725100000,0x000000d725200000)]
  0x0000027076493930 JavaThread "Unconstrained build operations Thread 16" [_thread_blocked, id=5872, stack(0x000000d725200000,0x000000d725300000)]
  0x0000027076493e40 JavaThread "Unconstrained build operations Thread 17" [_thread_blocked, id=23028, stack(0x000000d725400000,0x000000d725500000)]
  0x0000027076495280 JavaThread "Unconstrained build operations Thread 18" [_thread_blocked, id=23288, stack(0x000000d725500000,0x000000d725600000)]
  0x00000270764970e0 JavaThread "Unconstrained build operations Thread 19" [_thread_blocked, id=2692, stack(0x000000d725600000,0x000000d725700000)]
  0x00000270764966c0 JavaThread "jar transforms Thread 4" [_thread_blocked, id=22404, stack(0x000000d725300000,0x000000d725400000)]
  0x0000027076496bd0 JavaThread "jar transforms Thread 5" [_thread_blocked, id=15156, stack(0x000000d725700000,0x000000d725800000)]
  0x00000270764975f0 JavaThread "jar transforms Thread 6" [_thread_blocked, id=2720, stack(0x000000d725800000,0x000000d725900000)]
  0x00000270780676d0 JavaThread "build event listener" [_thread_blocked, id=20100, stack(0x000000d725900000,0x000000d725a00000)]
  0x000002707806a460 JavaThread "jar transforms Thread 7" [_thread_blocked, id=21796, stack(0x000000d725a00000,0x000000d725b00000)]
  0x0000027078069530 JavaThread "jar transforms Thread 8" [_thread_blocked, id=19784, stack(0x000000d725b00000,0x000000d725c00000)]
  0x000002707806a970 JavaThread "Problems report writer" [_thread_blocked, id=1608, stack(0x000000d725c00000,0x000000d725d00000)]
  0x00000270782b9070 JavaThread "jar transforms Thread 9" [_thread_blocked, id=11340, stack(0x000000d71fe00000,0x000000d71ff00000)]
  0x00000270782bcd30 JavaThread "Unconstrained build operations Thread 20" [_thread_blocked, id=22032, stack(0x000000d723400000,0x000000d723500000)]
  0x00000270782b9a90 JavaThread "jar transforms Thread 10" [_thread_blocked, id=6844, stack(0x000000d725d00000,0x000000d725e00000)]
  0x00000270782be170 JavaThread "jar transforms Thread 11" [_thread_blocked, id=6820, stack(0x000000d726000000,0x000000d726100000)]
  0x00000270782be680 JavaThread "jar transforms Thread 12" [_thread_blocked, id=17160, stack(0x000000d726100000,0x000000d726200000)]
  0x0000027077be7600 JavaThread "Cache worker for execution history cache (C:\Users\hp\Desktop\AIB Innovations\TiffsyDriver-1\android\.gradle\9.0.0\executionHistory)" [_thread_blocked, id=15144, stack(0x000000d725e00000,0x000000d725f00000)]
  0x0000027077be8020 JavaThread "WorkerExecutor Queue" [_thread_blocked, id=22668, stack(0x000000d71fd00000,0x000000d71fe00000)]
  0x0000027077be4870 JavaThread "WorkerExecutor Queue Thread 2" [_thread_blocked, id=17648, stack(0x000000d71ff00000,0x000000d720000000)]
  0x000002707587f200 JavaThread "pool-3-thread-1" [_thread_blocked, id=23976, stack(0x000000d723b00000,0x000000d723c00000)]
  0x0000027073202300 JavaThread "stderr" [_thread_in_native, id=22256, stack(0x000000d726200000,0x000000d726300000)]
  0x0000027077beb2c0 JavaThread "stdout" [_thread_in_native, id=8924, stack(0x000000d726300000,0x000000d726400000)]
  0x000002707ef379c0 JavaThread "Cache worker for Java compile cache (C:\Users\hp\.gradle\caches\9.0.0\javaCompile)" [_thread_blocked, id=1448, stack(0x000000d726400000,0x000000d726500000)]
  0x000002707ef388f0 JavaThread "Build operations" [_thread_blocked, id=1688, stack(0x000000d726500000,0x000000d726600000)]
  0x000002707ef36070 JavaThread "Build operations Thread 2" [_thread_blocked, id=12384, stack(0x000000d726600000,0x000000d726700000)]
=>0x00000270008ccfe0 JavaThread "C2 CompilerThread1" daemon [_thread_in_native, id=5820, stack(0x000000d726700000,0x000000d726800000)]
  0x000002707ef3cac0 JavaThread "Thread-70" [_thread_in_native, id=25060, stack(0x000000d725f00000,0x000000d726000000)]

Other Threads:
  0x000002704fba42c0 VMThread "VM Thread" [stack: 0x000000d720200000,0x000000d720300000] [id=14980]
  0x000002706c3f9770 WatcherThread [stack: 0x000000d720f00000,0x000000d721000000] [id=11728]
  0x0000027032e40f20 GCTaskThread "GC Thread#0" [stack: 0x000000d720100000,0x000000d720200000] [id=19616]
  0x000002706db2b910 GCTaskThread "GC Thread#1" [stack: 0x000000d721000000,0x000000d721100000] [id=24084]
  0x000002706d665f10 GCTaskThread "GC Thread#2" [stack: 0x000000d721100000,0x000000d721200000] [id=7384]
  0x000002706d7e9790 GCTaskThread "GC Thread#3" [stack: 0x000000d721200000,0x000000d721300000] [id=23608]
  0x000002706c596b80 GCTaskThread "GC Thread#4" [stack: 0x000000d721300000,0x000000d721400000] [id=24004]
  0x0000027072dee440 GCTaskThread "GC Thread#5" [stack: 0x000000d721500000,0x000000d721600000] [id=9960]
  0x0000027072deeb10 GCTaskThread "GC Thread#6" [stack: 0x000000d721600000,0x000000d721700000] [id=21508]
  0x0000027072e965d0 GCTaskThread "GC Thread#7" [stack: 0x000000d721700000,0x000000d721800000] [id=19776]
  0x0000027072eb5f80 GCTaskThread "GC Thread#8" [stack: 0x000000d721800000,0x000000d721900000] [id=23440]
  0x0000027073837550 GCTaskThread "GC Thread#9" [stack: 0x000000d722500000,0x000000d722600000] [id=7148]

Threads with active compile tasks:
C2 CompilerThread1   228415 31234       4       com.sun.tools.javac.code.Types$ImplementationCache::get (159 bytes)

VM state: not at safepoint (normal execution)

VM Mutex/Monitor currently owned by a thread: None

Heap address: 0x0000000080000000, size: 2048 MB, Compressed Oops mode: 32-bit

CDS archive(s) mapped at: [0x0000027050000000-0x0000027050bd0000-0x0000027050bd0000), size 12386304, SharedBaseAddress: 0x0000027050000000, ArchiveRelocationMode: 1.
Compressed class space mapped at: 0x0000027051000000-0x000002706b000000, reserved size: 436207616
Narrow klass base: 0x0000027050000000, Narrow klass shift: 0, Narrow klass range: 0x100000000

GC Precious Log:
 CPUs: 12 total, 12 available
 Memory: 7863M
 Large Page Support: Disabled
 NUMA Support: Disabled
 Compressed Oops: Enabled (32-bit)
 Alignments: Space 512K, Generation 512K, Heap 2M
 Heap Min Capacity: 8M
 Heap Initial Capacity: 124M
 Heap Max Capacity: 2G
 Pre-touch: Disabled
 Parallel Workers: 10

Heap:
 PSYoungGen      total 434176K, used 324352K [0x00000000d5580000, 0x00000000f5080000, 0x0000000100000000)
  eden space 370688K, 76% used [0x00000000d5580000,0x00000000e6b02298,0x00000000ebf80000)
  from space 63488K, 63% used [0x00000000f1280000,0x00000000f39bdfc0,0x00000000f5080000)
  to   space 74240K, 0% used [0x00000000ebf80000,0x00000000ebf80000,0x00000000f0800000)
 ParOldGen       total 383488K, used 249496K [0x0000000080000000, 0x0000000097680000, 0x00000000d5580000)
  object space 383488K, 65% used [0x0000000080000000,0x000000008f3a6008,0x0000000097680000)
 Metaspace       used 159813K, committed 162368K, reserved 622592K
  class space    used 20895K, committed 22080K, reserved 425984K

Card table byte_map: [0x000002704aed0000,0x000002704b2e0000] _byte_map_base: 0x000002704aad0000

Marking Bits: (ParMarkBitMap*) 0x00007ffc14df2be0
 Begin Bits: [0x000002704b590000, 0x000002704d590000)
 End Bits:   [0x000002704d590000, 0x000002704f590000)

Polling page: 0x0000027032ef0000

Metaspace:

Usage:
  Non-class:    135.66 MB used.
      Class:     20.41 MB used.
       Both:    156.07 MB used.

Virtual space:
  Non-class space:      192.00 MB reserved,     137.00 MB ( 71%) committed,  3 nodes.
      Class space:      416.00 MB reserved,      21.56 MB (  5%) committed,  1 nodes.
             Both:      608.00 MB reserved,     158.56 MB ( 26%) committed. 

Chunk freelists:
   Non-Class:  6.84 MB
       Class:  10.39 MB
        Both:  17.23 MB

MaxMetaspaceSize: 512.00 MB
CompressedClassSpaceSize: 416.00 MB
Initial GC threshold: 21.00 MB
Current GC threshold: 220.31 MB
CDS: on
MetaspaceReclaimPolicy: balanced
 - commit_granule_bytes: 65536.
 - commit_granule_words: 8192.
 - virtual_space_node_default_size: 8388608.
 - enlarge_chunks_in_place: 1.
 - new_chunks_are_fully_committed: 0.
 - uncommit_free_chunks: 1.
 - use_allocation_guard: 0.
 - handle_deallocations: 1.


Internal statistics:

num_allocs_failed_limit: 9.
num_arena_births: 3710.
num_arena_deaths: 0.
num_vsnodes_births: 4.
num_vsnodes_deaths: 0.
num_space_committed: 2535.
num_space_uncommitted: 0.
num_chunks_returned_to_freelist: 9.
num_chunks_taken_from_freelist: 11322.
num_chunk_merges: 9.
num_chunk_splits: 7104.
num_chunks_enlarged: 4121.
num_inconsistent_stats: 0.

CodeHeap 'non-profiled nmethods': size=120000Kb used=19982Kb max_used=19982Kb free=100017Kb
 bounds [0x00000270437c0000, 0x0000027044b90000, 0x000002704acf0000]
CodeHeap 'profiled nmethods': size=120000Kb used=48321Kb max_used=49380Kb free=71678Kb
 bounds [0x000002703bcf0000, 0x000002703ed30000, 0x0000027043220000]
CodeHeap 'non-nmethods': size=5760Kb used=2562Kb max_used=2642Kb free=3197Kb
 bounds [0x0000027043220000, 0x00000270434c0000, 0x00000270437c0000]
 total_blobs=25719 nmethods=24593 adapters=1039
 compilation: enabled
              stopped_count=0, restarted_count=0
 full_count=0

Compilation events (20 events):
Event: 227.453 Thread 0x000002706c258b60 31432       2       kotlin.reflect.full.KClasses::isNotExtension (13 bytes)
Event: 227.453 Thread 0x000002706c258b60 nmethod 31432 0x000002703e9db290 code [0x000002703e9db440, 0x000002703e9db598]
Event: 227.453 Thread 0x000002706c258b60 31433       2       kotlin.reflect.full.KClasses::isExtension (18 bytes)
Event: 227.453 Thread 0x000002706c258b60 nmethod 31433 0x000002703e9dad10 code [0x000002703e9daec0, 0x000002703e9db018]
Event: 227.453 Thread 0x000002706c258b60 31434       2       kotlin.reflect.jvm.internal.calls.CallerImpl::checkArguments (6 bytes)
Event: 227.453 Thread 0x000002706c258b60 nmethod 31434 0x000002703e9f7a10 code [0x000002703e9f7ba0, 0x000002703e9f7cc8]
Event: 227.453 Thread 0x000002706c258b60 31435       2       kotlin.reflect.jvm.internal.calls.CallerImpl::default$checkArguments (61 bytes)
Event: 227.454 Thread 0x000002706c258b60 nmethod 31435 0x000002703e522690 code [0x000002703e522900, 0x000002703e522ec8]
Event: 227.454 Thread 0x000002706c258b60 31436       2       kotlin.reflect.jvm.internal.calls.CallerKt::getArity (18 bytes)
Event: 227.454 Thread 0x000002706c258b60 nmethod 31436 0x000002703e9f7310 code [0x000002703e9f7500, 0x000002703e9f77e8]
Event: 227.454 Thread 0x000002706c258b60 31437       2       kotlin.reflect.jvm.internal.KProperty1Impl::get (18 bytes)
Event: 227.454 Thread 0x000002706c258b60 nmethod 31437 0x000002703e609c10 code [0x000002703e609dc0, 0x000002703e60a098]
Event: 227.454 Thread 0x000002706c258b60 31438       2       kotlin.reflect.jvm.internal.KProperty1Impl::getGetter (13 bytes)
Event: 227.455 Thread 0x000002706c258b60 nmethod 31438 0x000002703e609810 code [0x000002703e6099c0, 0x000002703e609b28]
Event: 227.455 Thread 0x000002706c258b60 31439       2       kotlin.reflect.jvm.internal.KPropertyImpl$Getter::getCaller (15 bytes)
Event: 227.455 Thread 0x000002706c258b60 nmethod 31439 0x000002703e609310 code [0x000002703e6094c0, 0x000002703e609648]
Event: 227.455 Thread 0x000002706c258b60 31440       2       kotlin.reflect.jvm.internal.calls.CallerImpl$Method$Instance::call (49 bytes)
Event: 227.456 Thread 0x000002706c258b60 nmethod 31440 0x000002703e618e90 code [0x000002703e619100, 0x000002703e619748]
Event: 227.456 Thread 0x000002706c258b60 31441       2       kotlin.reflect.jvm.internal.calls.CallerImpl$Method::callMethod (39 bytes)
Event: 227.456 Thread 0x000002706c258b60 nmethod 31441 0x000002703e9bc710 code [0x000002703e9bc940, 0x000002703e9bcde8]

GC Heap History (20 events):
Event: 46.822 GC heap before
{Heap before GC invocations=30 (full 5):
 PSYoungGen      total 266240K, used 236481K [0x00000000d5580000, 0x00000000ea700000, 0x0000000100000000)
  eden space 218112K, 100% used [0x00000000d5580000,0x00000000e2a80000,0x00000000e2a80000)
  from space 48128K, 38% used [0x00000000e5a00000,0x00000000e6bf0410,0x00000000e8900000)
  to   space 48640K, 0% used [0x00000000e2a80000,0x00000000e2a80000,0x00000000e5a00000)
 ParOldGen       total 256512K, used 155332K [0x0000000080000000, 0x000000008fa80000, 0x00000000d5580000)
  object space 256512K, 60% used [0x0000000080000000,0x00000000897b1258,0x000000008fa80000)
 Metaspace       used 114790K, committed 116864K, reserved 557056K
  class space    used 16054K, committed 17024K, reserved 425984K
}
Event: 46.849 GC heap after
{Heap after GC invocations=30 (full 5):
 PSYoungGen      total 266752K, used 27292K [0x00000000d5580000, 0x00000000ea680000, 0x0000000100000000)
  eden space 218112K, 0% used [0x00000000d5580000,0x00000000d5580000,0x00000000e2a80000)
  from space 48640K, 56% used [0x00000000e2a80000,0x00000000e45273b8,0x00000000e5a00000)
  to   space 48128K, 0% used [0x00000000e7780000,0x00000000e7780000,0x00000000ea680000)
 ParOldGen       total 256512K, used 166535K [0x0000000080000000, 0x000000008fa80000, 0x00000000d5580000)
  object space 256512K, 64% used [0x0000000080000000,0x000000008a2a1ee8,0x000000008fa80000)
 Metaspace       used 114790K, committed 116864K, reserved 557056K
  class space    used 16054K, committed 17024K, reserved 425984K
}
Event: 50.346 GC heap before
{Heap before GC invocations=31 (full 5):
 PSYoungGen      total 266752K, used 245404K [0x00000000d5580000, 0x00000000ea680000, 0x0000000100000000)
  eden space 218112K, 100% used [0x00000000d5580000,0x00000000e2a80000,0x00000000e2a80000)
  from space 48640K, 56% used [0x00000000e2a80000,0x00000000e45273b8,0x00000000e5a00000)
  to   space 48128K, 0% used [0x00000000e7780000,0x00000000e7780000,0x00000000ea680000)
 ParOldGen       total 256512K, used 166535K [0x0000000080000000, 0x000000008fa80000, 0x00000000d5580000)
  object space 256512K, 64% used [0x0000000080000000,0x000000008a2a1ee8,0x000000008fa80000)
 Metaspace       used 121328K, committed 123392K, reserved 557056K
  class space    used 16966K, committed 17984K, reserved 425984K
}
Event: 50.368 GC heap after
{Heap after GC invocations=31 (full 5):
 PSYoungGen      total 291840K, used 41856K [0x00000000d5580000, 0x00000000eaf00000, 0x0000000100000000)
  eden space 243712K, 0% used [0x00000000d5580000,0x00000000d5580000,0x00000000e4380000)
  from space 48128K, 86% used [0x00000000e7780000,0x00000000ea0601f0,0x00000000ea680000)
  to   space 53248K, 0% used [0x00000000e4380000,0x00000000e4380000,0x00000000e7780000)
 ParOldGen       total 256512K, used 166607K [0x0000000080000000, 0x000000008fa80000, 0x00000000d5580000)
  object space 256512K, 64% used [0x0000000080000000,0x000000008a2b3ef8,0x000000008fa80000)
 Metaspace       used 121328K, committed 123392K, reserved 557056K
  class space    used 16966K, committed 17984K, reserved 425984K
}
Event: 93.084 GC heap before
{Heap before GC invocations=32 (full 5):
 PSYoungGen      total 291840K, used 285568K [0x00000000d5580000, 0x00000000eaf00000, 0x0000000100000000)
  eden space 243712K, 100% used [0x00000000d5580000,0x00000000e4380000,0x00000000e4380000)
  from space 48128K, 86% used [0x00000000e7780000,0x00000000ea0601f0,0x00000000ea680000)
  to   space 53248K, 0% used [0x00000000e4380000,0x00000000e4380000,0x00000000e7780000)
 ParOldGen       total 256512K, used 166607K [0x0000000080000000, 0x000000008fa80000, 0x00000000d5580000)
  object space 256512K, 64% used [0x0000000080000000,0x000000008a2b3ef8,0x000000008fa80000)
 Metaspace       used 126214K, committed 128448K, reserved 557056K
  class space    used 17486K, committed 18560K, reserved 425984K
}
Event: 93.316 GC heap after
{Heap after GC invocations=32 (full 5):
 PSYoungGen      total 296960K, used 53230K [0x00000000d5580000, 0x00000000ee480000, 0x0000000100000000)
  eden space 243712K, 0% used [0x00000000d5580000,0x00000000d5580000,0x00000000e4380000)
  from space 53248K, 99% used [0x00000000e4380000,0x00000000e777bad0,0x00000000e7780000)
  to   space 67072K, 0% used [0x00000000ea300000,0x00000000ea300000,0x00000000ee480000)
 ParOldGen       total 256512K, used 182291K [0x0000000080000000, 0x000000008fa80000, 0x00000000d5580000)
  object space 256512K, 71% used [0x0000000080000000,0x000000008b204f98,0x000000008fa80000)
 Metaspace       used 126214K, committed 128448K, reserved 557056K
  class space    used 17486K, committed 18560K, reserved 425984K
}
Event: 174.600 GC heap before
{Heap before GC invocations=33 (full 5):
 PSYoungGen      total 296960K, used 296942K [0x00000000d5580000, 0x00000000ee480000, 0x0000000100000000)
  eden space 243712K, 100% used [0x00000000d5580000,0x00000000e4380000,0x00000000e4380000)
  from space 53248K, 99% used [0x00000000e4380000,0x00000000e777bad0,0x00000000e7780000)
  to   space 67072K, 0% used [0x00000000ea300000,0x00000000ea300000,0x00000000ee480000)
 ParOldGen       total 256512K, used 182291K [0x0000000080000000, 0x000000008fa80000, 0x00000000d5580000)
  object space 256512K, 71% used [0x0000000080000000,0x000000008b204f98,0x000000008fa80000)
 Metaspace       used 126515K, committed 128768K, reserved 557056K
  class space    used 17518K, committed 18560K, reserved 425984K
}
Event: 174.743 GC heap after
{Heap after GC invocations=33 (full 5):
 PSYoungGen      total 333312K, used 37142K [0x00000000d5580000, 0x00000000ee000000, 0x0000000100000000)
  eden space 270848K, 0% used [0x00000000d5580000,0x00000000d5580000,0x00000000e5e00000)
  from space 62464K, 59% used [0x00000000ea300000,0x00000000ec745858,0x00000000ee000000)
  to   space 66560K, 0% used [0x00000000e5e00000,0x00000000e5e00000,0x00000000e9f00000)
 ParOldGen       total 256512K, used 201119K [0x0000000080000000, 0x000000008fa80000, 0x00000000d5580000)
  object space 256512K, 78% used [0x0000000080000000,0x000000008c467f20,0x000000008fa80000)
 Metaspace       used 126515K, committed 128768K, reserved 557056K
  class space    used 17518K, committed 18560K, reserved 425984K
}
Event: 189.541 GC heap before
{Heap before GC invocations=34 (full 5):
 PSYoungGen      total 333312K, used 307990K [0x00000000d5580000, 0x00000000ee000000, 0x0000000100000000)
  eden space 270848K, 100% used [0x00000000d5580000,0x00000000e5e00000,0x00000000e5e00000)
  from space 62464K, 59% used [0x00000000ea300000,0x00000000ec745858,0x00000000ee000000)
  to   space 66560K, 0% used [0x00000000e5e00000,0x00000000e5e00000,0x00000000e9f00000)
 ParOldGen       total 256512K, used 201119K [0x0000000080000000, 0x000000008fa80000, 0x00000000d5580000)
  object space 256512K, 78% used [0x0000000080000000,0x000000008c467f20,0x000000008fa80000)
 Metaspace       used 128629K, committed 130880K, reserved 557056K
  class space    used 17706K, committed 18752K, reserved 425984K
}
Event: 189.615 GC heap after
{Heap after GC invocations=34 (full 5):
 PSYoungGen      total 337408K, used 66547K [0x00000000d5580000, 0x00000000f1500000, 0x0000000100000000)
  eden space 270848K, 0% used [0x00000000d5580000,0x00000000d5580000,0x00000000e5e00000)
  from space 66560K, 99% used [0x00000000e5e00000,0x00000000e9efcf18,0x00000000e9f00000)
  to   space 79360K, 0% used [0x00000000ec780000,0x00000000ec780000,0x00000000f1500000)
 ParOldGen       total 256512K, used 208790K [0x0000000080000000, 0x000000008fa80000, 0x00000000d5580000)
  object space 256512K, 81% used [0x0000000080000000,0x000000008cbe5af0,0x000000008fa80000)
 Metaspace       used 128629K, committed 130880K, reserved 557056K
  class space    used 17706K, committed 18752K, reserved 425984K
}
Event: 194.580 GC heap before
{Heap before GC invocations=35 (full 5):
 PSYoungGen      total 337408K, used 337395K [0x00000000d5580000, 0x00000000f1500000, 0x0000000100000000)
  eden space 270848K, 100% used [0x00000000d5580000,0x00000000e5e00000,0x00000000e5e00000)
  from space 66560K, 99% used [0x00000000e5e00000,0x00000000e9efcf18,0x00000000e9f00000)
  to   space 79360K, 0% used [0x00000000ec780000,0x00000000ec780000,0x00000000f1500000)
 ParOldGen       total 256512K, used 208790K [0x0000000080000000, 0x000000008fa80000, 0x00000000d5580000)
  object space 256512K, 81% used [0x0000000080000000,0x000000008cbe5af0,0x000000008fa80000)
 Metaspace       used 133073K, committed 135360K, reserved 557056K
  class space    used 18090K, committed 19200K, reserved 425984K
}
Event: 194.676 GC heap after
{Heap after GC invocations=35 (full 5):
 PSYoungGen      total 378368K, used 46961K [0x00000000d5580000, 0x00000000f1e80000, 0x0000000100000000)
  eden space 299008K, 0% used [0x00000000d5580000,0x00000000d5580000,0x00000000e7980000)
  from space 79360K, 59% used [0x00000000ec780000,0x00000000ef55c7f8,0x00000000f1500000)
  to   space 79872K, 0% used [0x00000000e7980000,0x00000000e7980000,0x00000000ec780000)
 ParOldGen       total 256512K, used 240983K [0x0000000080000000, 0x000000008fa80000, 0x00000000d5580000)
  object space 256512K, 93% used [0x0000000080000000,0x000000008eb55c70,0x000000008fa80000)
 Metaspace       used 133073K, committed 135360K, reserved 557056K
  class space    used 18090K, committed 19200K, reserved 425984K
}
Event: 194.677 GC heap before
{Heap before GC invocations=36 (full 6):
 PSYoungGen      total 378368K, used 46961K [0x00000000d5580000, 0x00000000f1e80000, 0x0000000100000000)
  eden space 299008K, 0% used [0x00000000d5580000,0x00000000d5580000,0x00000000e7980000)
  from space 79360K, 59% used [0x00000000ec780000,0x00000000ef55c7f8,0x00000000f1500000)
  to   space 79872K, 0% used [0x00000000e7980000,0x00000000e7980000,0x00000000ec780000)
 ParOldGen       total 256512K, used 240983K [0x0000000080000000, 0x000000008fa80000, 0x00000000d5580000)
  object space 256512K, 93% used [0x0000000080000000,0x000000008eb55c70,0x000000008fa80000)
 Metaspace       used 133073K, committed 135360K, reserved 557056K
  class space    used 18090K, committed 19200K, reserved 425984K
}
Event: 195.399 GC heap after
{Heap after GC invocations=36 (full 6):
 PSYoungGen      total 378880K, used 0K [0x00000000d5580000, 0x00000000f4280000, 0x0000000100000000)
  eden space 299008K, 0% used [0x00000000d5580000,0x00000000d5580000,0x00000000e7980000)
  from space 79872K, 0% used [0x00000000e7980000,0x00000000e7980000,0x00000000ec780000)
  to   space 79872K, 0% used [0x00000000ef480000,0x00000000ef480000,0x00000000f4280000)
 ParOldGen       total 383488K, used 249472K [0x0000000080000000, 0x0000000097680000, 0x00000000d5580000)
  object space 383488K, 65% used [0x0000000080000000,0x000000008f3a0008,0x0000000097680000)
 Metaspace       used 133073K, committed 135360K, reserved 557056K
  class space    used 18090K, committed 19200K, reserved 425984K
}
Event: 204.683 GC heap before
{Heap before GC invocations=37 (full 6):
 PSYoungGen      total 378880K, used 299008K [0x00000000d5580000, 0x00000000f4280000, 0x0000000100000000)
  eden space 299008K, 100% used [0x00000000d5580000,0x00000000e7980000,0x00000000e7980000)
  from space 79872K, 0% used [0x00000000e7980000,0x00000000e7980000,0x00000000ec780000)
  to   space 79872K, 0% used [0x00000000ef480000,0x00000000ef480000,0x00000000f4280000)
 ParOldGen       total 383488K, used 249472K [0x0000000080000000, 0x0000000097680000, 0x00000000d5580000)
  object space 383488K, 65% used [0x0000000080000000,0x000000008f3a0008,0x0000000097680000)
 Metaspace       used 137282K, committed 139648K, reserved 557056K
  class space    used 18592K, committed 19712K, reserved 425984K
}
Event: 204.695 GC heap after
{Heap after GC invocations=37 (full 6):
 PSYoungGen      total 412672K, used 10269K [0x00000000d5580000, 0x00000000f3c00000, 0x0000000100000000)
  eden space 339456K, 0% used [0x00000000d5580000,0x00000000d5580000,0x00000000ea100000)
  from space 73216K, 14% used [0x00000000ef480000,0x00000000efe87718,0x00000000f3c00000)
  to   space 79360K, 0% used [0x00000000ea100000,0x00000000ea100000,0x00000000eee80000)
 ParOldGen       total 383488K, used 249480K [0x0000000080000000, 0x0000000097680000, 0x00000000d5580000)
  object space 383488K, 65% used [0x0000000080000000,0x000000008f3a2008,0x0000000097680000)
 Metaspace       used 137282K, committed 139648K, reserved 557056K
  class space    used 18592K, committed 19712K, reserved 425984K
}
Event: 214.720 GC heap before
{Heap before GC invocations=38 (full 6):
 PSYoungGen      total 412672K, used 349725K [0x00000000d5580000, 0x00000000f3c00000, 0x0000000100000000)
  eden space 339456K, 100% used [0x00000000d5580000,0x00000000ea100000,0x00000000ea100000)
  from space 73216K, 14% used [0x00000000ef480000,0x00000000efe87718,0x00000000f3c00000)
  to   space 79360K, 0% used [0x00000000ea100000,0x00000000ea100000,0x00000000eee80000)
 ParOldGen       total 383488K, used 249480K [0x0000000080000000, 0x0000000097680000, 0x00000000d5580000)
  object space 383488K, 65% used [0x0000000080000000,0x000000008f3a2008,0x0000000097680000)
 Metaspace       used 148959K, committed 151360K, reserved 557056K
  class space    used 19930K, committed 21056K, reserved 425984K
}
Event: 214.740 GC heap after
{Heap after GC invocations=38 (full 6):
 PSYoungGen      total 418816K, used 28157K [0x00000000d5580000, 0x00000000f5c80000, 0x0000000100000000)
  eden space 339456K, 0% used [0x00000000d5580000,0x00000000d5580000,0x00000000ea100000)
  from space 79360K, 35% used [0x00000000ea100000,0x00000000ebc7f720,0x00000000eee80000)
  to   space 75776K, 0% used [0x00000000f1280000,0x00000000f1280000,0x00000000f5c80000)
 ParOldGen       total 383488K, used 249488K [0x0000000080000000, 0x0000000097680000, 0x00000000d5580000)
  object space 383488K, 65% used [0x0000000080000000,0x000000008f3a4008,0x0000000097680000)
 Metaspace       used 148959K, committed 151360K, reserved 557056K
  class space    used 19930K, committed 21056K, reserved 425984K
}
Event: 222.611 GC heap before
{Heap before GC invocations=39 (full 6):
 PSYoungGen      total 418816K, used 367613K [0x00000000d5580000, 0x00000000f5c80000, 0x0000000100000000)
  eden space 339456K, 100% used [0x00000000d5580000,0x00000000ea100000,0x00000000ea100000)
  from space 79360K, 35% used [0x00000000ea100000,0x00000000ebc7f720,0x00000000eee80000)
  to   space 75776K, 0% used [0x00000000f1280000,0x00000000f1280000,0x00000000f5c80000)
 ParOldGen       total 383488K, used 249488K [0x0000000080000000, 0x0000000097680000, 0x00000000d5580000)
  object space 383488K, 65% used [0x0000000080000000,0x000000008f3a4008,0x0000000097680000)
 Metaspace       used 155426K, committed 157952K, reserved 622592K
  class space    used 20425K, committed 21568K, reserved 425984K
}
Event: 222.632 GC heap after
{Heap after GC invocations=39 (full 6):
 PSYoungGen      total 434176K, used 40183K [0x00000000d5580000, 0x00000000f5080000, 0x0000000100000000)
  eden space 370688K, 0% used [0x00000000d5580000,0x00000000d5580000,0x00000000ebf80000)
  from space 63488K, 63% used [0x00000000f1280000,0x00000000f39bdfc0,0x00000000f5080000)
  to   space 74240K, 0% used [0x00000000ebf80000,0x00000000ebf80000,0x00000000f0800000)
 ParOldGen       total 383488K, used 249496K [0x0000000080000000, 0x0000000097680000, 0x00000000d5580000)
  object space 383488K, 65% used [0x0000000080000000,0x000000008f3a6008,0x0000000097680000)
 Metaspace       used 155426K, committed 157952K, reserved 622592K
  class space    used 20425K, committed 21568K, reserved 425984K
}

Deoptimization events (20 events):
Event: 227.223 Thread 0x00000270731ffa80 DEOPT PACKING pc=0x0000027043dd22bc sp=0x000000d720dfcee0
Event: 227.223 Thread 0x00000270731ffa80 DEOPT UNPACKING pc=0x00000270432720a3 sp=0x000000d720dfce80 mode 2
Event: 227.296 Thread 0x0000027075880b50 Uncommon trap: trap_request=0xffffffd6 fr.pc=0x0000027043dd2198 relative=0x0000000000001798
Event: 227.296 Thread 0x0000027075880b50 Uncommon trap: reason=array_check action=maybe_recompile pc=0x0000027043dd2198 method=java.util.ComparableTimSort.reverseRange([Ljava/lang/Object;II)V @ 27 c2
Event: 227.296 Thread 0x0000027075880b50 DEOPT PACKING pc=0x0000027043dd2198 sp=0x000000d7244fbda0
Event: 227.296 Thread 0x0000027075880b50 DEOPT UNPACKING pc=0x00000270432720a3 sp=0x000000d7244fbc38 mode 2
Event: 227.296 Thread 0x0000027075880b50 Uncommon trap: trap_request=0xffffffbe fr.pc=0x0000027043dd22bc relative=0x00000000000018bc
Event: 227.296 Thread 0x0000027075880b50 Uncommon trap: reason=profile_predicate action=maybe_recompile pc=0x0000027043dd22bc method=java.util.ComparableTimSort.sort([Ljava/lang/Object;II[Ljava/lang/Object;II)V @ 93 c2
Event: 227.296 Thread 0x0000027075880b50 DEOPT PACKING pc=0x0000027043dd22bc sp=0x000000d7244fbda0
Event: 227.296 Thread 0x0000027075880b50 DEOPT UNPACKING pc=0x00000270432720a3 sp=0x000000d7244fbd40 mode 2
Event: 227.296 Thread 0x0000027075880b50 Uncommon trap: trap_request=0xffffffde fr.pc=0x00000270447b84c0 relative=0x0000000000000ea0
Event: 227.296 Thread 0x0000027075880b50 Uncommon trap: reason=class_check action=maybe_recompile pc=0x00000270447b84c0 method=org.gradle.internal.snapshot.AbstractIncompleteFileSystemNode$1.handleAsDescendantOfChild(Lorg/gradle/internal/snapshot/VfsRelativePath;Ljava/lang/Object;)Ljava/util/Opt
Event: 227.296 Thread 0x0000027075880b50 DEOPT PACKING pc=0x00000270447b84c0 sp=0x000000d7244fa490
Event: 227.296 Thread 0x0000027075880b50 DEOPT UNPACKING pc=0x00000270432720a3 sp=0x000000d7244fa370 mode 2
Event: 227.296 Thread 0x0000027075880b50 Uncommon trap: trap_request=0xffffffde fr.pc=0x00000270447b84c0 relative=0x0000000000000ea0
Event: 227.296 Thread 0x0000027075880b50 Uncommon trap: reason=class_check action=maybe_recompile pc=0x00000270447b84c0 method=org.gradle.internal.snapshot.AbstractIncompleteFileSystemNode$1.handleAsDescendantOfChild(Lorg/gradle/internal/snapshot/VfsRelativePath;Ljava/lang/Object;)Ljava/util/Opt
Event: 227.296 Thread 0x0000027075880b50 DEOPT PACKING pc=0x00000270447b84c0 sp=0x000000d7244fa490
Event: 227.296 Thread 0x0000027075880b50 DEOPT UNPACKING pc=0x00000270432720a3 sp=0x000000d7244fa370 mode 2
Event: 227.393 Thread 0x0000027075880b50 DEOPT PACKING pc=0x000002703ed160bc sp=0x000000d7244f89a0
Event: 227.393 Thread 0x0000027075880b50 DEOPT UNPACKING pc=0x0000027043272843 sp=0x000000d7244f7f20 mode 0

Classes unloaded (0 events):
No events

Classes redefined (0 events):
No events

Internal exceptions (20 events):
Event: 225.650 Thread 0x0000027075880b50 Exception <a 'sun/nio/fs/WindowsException'{0x00000000e4abb5c0}> (0x00000000e4abb5c0) 
thrown [s\open\src\hotspot\share\prims\jni.cpp, line 516]
Event: 225.661 Thread 0x0000027075880b50 Exception <a 'sun/nio/fs/WindowsException'{0x00000000e4acb8f8}> (0x00000000e4acb8f8) 
thrown [s\open\src\hotspot\share\prims\jni.cpp, line 516]
Event: 225.677 Thread 0x0000027075880b50 Exception <a 'sun/nio/fs/WindowsException'{0x00000000e4b28538}> (0x00000000e4b28538) 
thrown [s\open\src\hotspot\share\prims\jni.cpp, line 516]
Event: 225.686 Thread 0x0000027075880b50 Exception <a 'sun/nio/fs/WindowsException'{0x00000000e4b30c00}> (0x00000000e4b30c00) 
thrown [s\open\src\hotspot\share\prims\jni.cpp, line 516]
Event: 225.705 Thread 0x0000027075880b50 Exception <a 'sun/nio/fs/WindowsException'{0x00000000e4bb0988}> (0x00000000e4bb0988) 
thrown [s\open\src\hotspot\share\prims\jni.cpp, line 516]
Event: 225.727 Thread 0x0000027075880b50 Exception <a 'sun/nio/fs/WindowsException'{0x00000000e4bf9bf0}> (0x00000000e4bf9bf0) 
thrown [s\open\src\hotspot\share\prims\jni.cpp, line 516]
Event: 225.737 Thread 0x0000027075880b50 Exception <a 'sun/nio/fs/WindowsException'{0x00000000e4c046d0}> (0x00000000e4c046d0) 
thrown [s\open\src\hotspot\share\prims\jni.cpp, line 516]
Event: 225.748 Thread 0x0000027075880b50 Exception <a 'sun/nio/fs/WindowsException'{0x00000000e4c13bd8}> (0x00000000e4c13bd8) 
thrown [s\open\src\hotspot\share\prims\jni.cpp, line 516]
Event: 226.045 Thread 0x0000027075880b50 Exception <a 'sun/nio/fs/WindowsException'{0x00000000e55d6080}> (0x00000000e55d6080) 
thrown [s\open\src\hotspot\share\prims\jni.cpp, line 516]
Event: 226.052 Thread 0x0000027075880b50 Exception <a 'sun/nio/fs/WindowsException'{0x00000000e55f1da8}> (0x00000000e55f1da8) 
thrown [s\open\src\hotspot\share\prims\jni.cpp, line 516]
Event: 226.052 Thread 0x0000027075880b50 Exception <a 'sun/nio/fs/WindowsException'{0x00000000e55f2f80}> (0x00000000e55f2f80) 
thrown [s\open\src\hotspot\share\prims\jni.cpp, line 516]
Event: 226.053 Thread 0x0000027075880b50 Exception <a 'sun/nio/fs/WindowsException'{0x00000000e55f3010}> (0x00000000e55f3010) 
thrown [s\open\src\hotspot\share\prims\jni.cpp, line 516]
Event: 226.053 Thread 0x0000027075880b50 Exception <a 'sun/nio/fs/WindowsException'{0x00000000e55f35b0}> (0x00000000e55f35b0) 
thrown [s\open\src\hotspot\share\prims\jni.cpp, line 516]
Event: 226.055 Thread 0x0000027077be8020 Exception <a 'sun/nio/fs/WindowsException'{0x00000000e0c79358}> (0x00000000e0c79358) 
thrown [s\open\src\hotspot\share\prims\jni.cpp, line 516]
Event: 226.055 Thread 0x0000027077be8020 Exception <a 'sun/nio/fs/WindowsException'{0x00000000e0c79620}> (0x00000000e0c79620) 
thrown [s\open\src\hotspot\share\prims\jni.cpp, line 516]
Event: 226.056 Thread 0x0000027077be8020 Exception <a 'sun/nio/fs/WindowsException'{0x00000000e0c796e0}> (0x00000000e0c796e0) 
thrown [s\open\src\hotspot\share\prims\jni.cpp, line 516]
Event: 226.056 Thread 0x0000027077be8020 Exception <a 'sun/nio/fs/WindowsException'{0x00000000e0c79c80}> (0x00000000e0c79c80) 
thrown [s\open\src\hotspot\share\prims\jni.cpp, line 516]
Event: 226.130 Thread 0x0000027075880b50 Exception <a 'sun/nio/fs/WindowsException'{0x00000000e5613ac8}> (0x00000000e5613ac8) 
thrown [s\open\src\hotspot\share\prims\jni.cpp, line 516]
Event: 226.131 Thread 0x0000027075880b50 Exception <a 'sun/nio/fs/WindowsException'{0x00000000e56a54d0}> (0x00000000e56a54d0) 
thrown [s\open\src\hotspot\share\prims\jni.cpp, line 516]
Event: 226.131 Thread 0x0000027075880b50 Exception <a 'sun/nio/fs/WindowsException'{0x00000000e56a76f8}> (0x00000000e56a76f8) 
thrown [s\open\src\hotspot\share\prims\jni.cpp, line 516]

VM Operations (20 events):
Event: 224.276 Executing VM operation: Cleanup
Event: 224.277 Executing VM operation: Cleanup done
Event: 224.484 Executing VM operation: HandshakeAllThreads
Event: 224.484 Executing VM operation: HandshakeAllThreads done
Event: 224.484 Executing VM operation: HandshakeAllThreads
Event: 224.484 Executing VM operation: HandshakeAllThreads done
Event: 224.489 Executing VM operation: HandshakeAllThreads
Event: 224.489 Executing VM operation: HandshakeAllThreads done
Event: 224.785 Executing VM operation: HandshakeAllThreads
Event: 224.785 Executing VM operation: HandshakeAllThreads done
Event: 225.053 Executing VM operation: HandshakeAllThreads
Event: 225.053 Executing VM operation: HandshakeAllThreads done
Event: 225.317 Executing VM operation: ICBufferFull
Event: 225.317 Executing VM operation: ICBufferFull done
Event: 225.572 Executing VM operation: ICBufferFull
Event: 225.573 Executing VM operation: ICBufferFull done
Event: 226.583 Executing VM operation: Cleanup
Event: 227.088 Executing VM operation: Cleanup done
Event: 228.089 Executing VM operation: Cleanup
Event: 228.089 Executing VM operation: Cleanup done

Events (20 events):
Event: 225.118 Thread 0x000002706c259c10 flushing nmethod 0x000002703ea3c090
Event: 225.118 Thread 0x000002706c259c10 flushing nmethod 0x000002703ea4cf90
Event: 225.118 Thread 0x000002706c259c10 flushing nmethod 0x000002703ea5a910
Event: 225.118 Thread 0x000002706c259c10 flushing nmethod 0x000002703ea5ad90
Event: 225.118 Thread 0x000002706c259c10 flushing nmethod 0x000002703ea5c690
Event: 225.118 Thread 0x000002706c259c10 flushing nmethod 0x000002703ea5ec90
Event: 225.118 Thread 0x000002706c259c10 flushing nmethod 0x000002703ea63b10
Event: 225.119 Thread 0x000002706c259c10 flushing nmethod 0x000002703eae8c10
Event: 225.119 Thread 0x000002706c259c10 flushing nmethod 0x000002703eb0e510
Event: 225.119 Thread 0x000002706c259c10 flushing nmethod 0x000002703eb37190
Event: 225.119 Thread 0x000002706c259c10 flushing nmethod 0x000002703eb37710
Event: 225.119 Thread 0x000002706c259c10 flushing nmethod 0x000002703eb8ea90
Event: 225.119 Thread 0x000002706c259c10 flushing nmethod 0x000002703ebaca10
Event: 225.119 Thread 0x000002706c259c10 flushing nmethod 0x000002703ebadb90
Event: 225.120 Thread 0x000002706c259c10 flushing nmethod 0x000002703ebdad10
Event: 225.120 Thread 0x000002706c259c10 flushing nmethod 0x000002703ebe6390
Event: 225.121 Thread 0x000002706c259c10 flushing nmethod 0x000002703ec67c90
Event: 225.121 Thread 0x000002706c259c10 flushing nmethod 0x000002703ed22990
Event: 227.089 Thread 0x000002707ef3c0a0 Thread exited: 0x000002707ef3c0a0
Event: 227.104 Thread 0x000002707ef3cac0 Thread added: 0x000002707ef3cac0


Dynamic libraries:
0x00007ff7636f0000 - 0x00007ff763700000 	C:\Program Files\Java\jdk-17\bin\java.exe
0x00007ffcd11a0000 - 0x00007ffcd1407000 	C:\WINDOWS\SYSTEM32\ntdll.dll
0x00007ffccfd30000 - 0x00007ffccfdf9000 	C:\WINDOWS\System32\KERNEL32.DLL
0x00007ffcce500000 - 0x00007ffcce8f1000 	C:\WINDOWS\System32\KERNELBASE.dll
0x00007ffccdb10000 - 0x00007ffccdc5b000 	C:\WINDOWS\System32\ucrtbase.dll
0x00007ffc8e250000 - 0x00007ffc8e269000 	C:\Program Files\Java\jdk-17\bin\jli.dll
0x00007ffcd09e0000 - 0x00007ffcd0a9b000 	C:\WINDOWS\System32\ADVAPI32.dll
0x00007ffc8bad0000 - 0x00007ffc8baeb000 	C:\Program Files\Java\jdk-17\bin\VCRUNTIME140.dll
0x00007ffcd0140000 - 0x00007ffcd01e9000 	C:\WINDOWS\System32\msvcrt.dll
0x00007ffccefc0000 - 0x00007ffccf067000 	C:\WINDOWS\System32\sechost.dll
0x00007ffccf400000 - 0x00007ffccf518000 	C:\WINDOWS\System32\RPCRT4.dll
0x00007ffccf520000 - 0x00007ffccf6e5000 	C:\WINDOWS\System32\USER32.dll
0x00007ffccdc60000 - 0x00007ffccdc87000 	C:\WINDOWS\System32\win32u.dll
0x00007ffccfbd0000 - 0x00007ffccfbfb000 	C:\WINDOWS\System32\GDI32.dll
0x00007ffccea80000 - 0x00007ffccebab000 	C:\WINDOWS\System32\gdi32full.dll
0x00007ffcad510000 - 0x00007ffcad7a3000 	C:\WINDOWS\WinSxS\amd64_microsoft.windows.common-controls_6595b64144ccf1df_6.0.26100.8037_none_3e092faae333b53b\COMCTL32.dll
0x00007ffccec60000 - 0x00007ffcced03000 	C:\WINDOWS\System32\msvcp_win.dll
0x00007ffccb6b0000 - 0x00007ffccb6bb000 	C:\WINDOWS\SYSTEM32\VERSION.dll
0x00007ffccf850000 - 0x00007ffccf881000 	C:\WINDOWS\System32\IMM32.DLL
0x00007ffcc8c80000 - 0x00007ffcc8c8c000 	C:\Program Files\Java\jdk-17\bin\vcruntime140_1.dll
0x00007ffc7df70000 - 0x00007ffc7dffe000 	C:\Program Files\Java\jdk-17\bin\msvcp140.dll
0x00007ffc142d0000 - 0x00007ffc14eb0000 	C:\Program Files\Java\jdk-17\bin\server\jvm.dll
0x00007ffcd1150000 - 0x00007ffcd1158000 	C:\WINDOWS\System32\PSAPI.DLL
0x00007ffca5c40000 - 0x00007ffca5c4a000 	C:\WINDOWS\SYSTEM32\WSOCK32.dll
0x00007ffccef40000 - 0x00007ffccefb4000 	C:\WINDOWS\System32\WS2_32.dll
0x00007ffcc4b90000 - 0x00007ffcc4bc5000 	C:\WINDOWS\SYSTEM32\WINMM.dll
0x00007ffccc810000 - 0x00007ffccc82b000 	C:\WINDOWS\SYSTEM32\kernel.appcore.dll
0x00007ffcab270000 - 0x00007ffcab27a000 	C:\Program Files\Java\jdk-17\bin\jimage.dll
0x00007ffcc88a0000 - 0x00007ffcc8ae2000 	C:\WINDOWS\SYSTEM32\DBGHELP.DLL
0x00007ffccf070000 - 0x00007ffccf3f2000 	C:\WINDOWS\System32\combase.dll
0x00007ffccf770000 - 0x00007ffccf847000 	C:\WINDOWS\System32\OLEAUT32.dll
0x00007ffcad120000 - 0x00007ffcad15b000 	C:\WINDOWS\SYSTEM32\dbgcore.DLL
0x00007ffccebb0000 - 0x00007ffccec55000 	C:\WINDOWS\System32\bcryptPrimitives.dll
0x00007ffca3a80000 - 0x00007ffca3a8e000 	C:\Program Files\Java\jdk-17\bin\instrument.dll
0x00007ffc88b00000 - 0x00007ffc88b25000 	C:\Program Files\Java\jdk-17\bin\java.dll
0x00007ffc7c540000 - 0x00007ffc7c617000 	C:\Program Files\Java\jdk-17\bin\jsvml.dll
0x00007ffcd0270000 - 0x00007ffcd09cf000 	C:\WINDOWS\System32\SHELL32.dll
0x00007ffcced10000 - 0x00007ffccee7a000 	C:\WINDOWS\System32\wintypes.dll
0x00007ffccdc90000 - 0x00007ffcce4f4000 	C:\WINDOWS\System32\windows.storage.dll
0x00007ffccfe00000 - 0x00007ffccfef7000 	C:\WINDOWS\System32\SHCORE.dll
0x00007ffccfc00000 - 0x00007ffccfc67000 	C:\WINDOWS\System32\shlwapi.dll
0x00007ffccd9a0000 - 0x00007ffccd9c9000 	C:\WINDOWS\SYSTEM32\profapi.dll
0x00007ffc87180000 - 0x00007ffc87198000 	C:\Program Files\Java\jdk-17\bin\zip.dll
0x00007ffc89e00000 - 0x00007ffc89e19000 	C:\Program Files\Java\jdk-17\bin\net.dll
0x00007ffcc68e0000 - 0x00007ffcc6a07000 	C:\WINDOWS\SYSTEM32\WINHTTP.dll
0x00007ffcccd80000 - 0x00007ffcccdeb000 	C:\WINDOWS\system32\mswsock.dll
0x00007ffc871a0000 - 0x00007ffc871b6000 	C:\Program Files\Java\jdk-17\bin\nio.dll
0x00007ffca5bf0000 - 0x00007ffca5c00000 	C:\Program Files\Java\jdk-17\bin\verify.dll
0x00007ffc86040000 - 0x00007ffc86067000 	C:\Users\hp\.gradle\native\1def1411415f61bf3af743bc5b6707747c0891f09f0c88961ee8f79bc544acac\windows-amd64\native-platform.dll
0x00007ffc7def0000 - 0x00007ffc7df67000 	C:\Users\hp\.gradle\native\0.2.8\x86_64-windows-gnu\gradle-fileevents.dll
0x00007ffcaaf40000 - 0x00007ffcaaf4a000 	C:\Program Files\Java\jdk-17\bin\management.dll
0x00007ffca94e0000 - 0x00007ffca94eb000 	C:\Program Files\Java\jdk-17\bin\management_ext.dll
0x00007ffccc230000 - 0x00007ffccc263000 	C:\WINDOWS\SYSTEM32\IPHLPAPI.DLL
0x00007ffcd1140000 - 0x00007ffcd114a000 	C:\WINDOWS\System32\NSI.dll
0x00007ffcc80b0000 - 0x00007ffcc80cd000 	C:\WINDOWS\SYSTEM32\dhcpcsvc6.DLL
0x00007ffcc8000000 - 0x00007ffcc8023000 	C:\WINDOWS\SYSTEM32\dhcpcsvc.DLL
0x00007ffccc2d0000 - 0x00007ffccc3fa000 	C:\WINDOWS\SYSTEM32\DNSAPI.dll
0x00007ffccd060000 - 0x00007ffccd07b000 	C:\WINDOWS\SYSTEM32\CRYPTSP.dll
0x00007ffccc770000 - 0x00007ffccc7a9000 	C:\WINDOWS\system32\rsaenh.dll
0x00007ffccce30000 - 0x00007ffccce62000 	C:\WINDOWS\SYSTEM32\USERENV.dll
0x00007ffccd970000 - 0x00007ffccd99a000 	C:\WINDOWS\SYSTEM32\bcrypt.dll
0x00007ffccd080000 - 0x00007ffccd08c000 	C:\WINDOWS\SYSTEM32\CRYPTBASE.dll
0x00007ffca1fb0000 - 0x00007ffca1fbe000 	C:\Program Files\Java\jdk-17\bin\sunmscapi.dll
0x00007ffcce900000 - 0x00007ffccea77000 	C:\WINDOWS\System32\CRYPT32.dll
0x00007ffccd280000 - 0x00007ffccd2b0000 	C:\WINDOWS\SYSTEM32\ncrypt.dll
0x00007ffccd230000 - 0x00007ffccd26f000 	C:\WINDOWS\SYSTEM32\NTASN1.dll
0x00007ffca4750000 - 0x00007ffca4758000 	C:\WINDOWS\system32\wshunix.dll
0x00007ffcc4800000 - 0x00007ffcc480b000 	C:\Windows\System32\rasadhlp.dll
0x00007ffcc8450000 - 0x00007ffcc84d6000 	C:\WINDOWS\System32\fwpuclnt.dll
0x00007ffccc930000 - 0x00007ffccc966000 	C:\WINDOWS\SYSTEM32\ntmarta.dll

dbghelp: loaded successfully - version: 4.0.5 - missing functions: none
symbol engine: initialized successfully - sym options: 0x614 - pdb path: .;C:\Program Files\Java\jdk-17\bin;C:\WINDOWS\SYSTEM32;C:\WINDOWS\WinSxS\amd64_microsoft.windows.common-controls_6595b64144ccf1df_6.0.26100.8037_none_3e092faae333b53b;C:\Program Files\Java\jdk-17\bin\server;C:\Users\hp\.gradle\native\1def1411415f61bf3af743bc5b6707747c0891f09f0c88961ee8f79bc544acac\windows-amd64;C:\Users\hp\.gradle\native\0.2.8\x86_64-windows-gnu

VM Arguments:
jvm_args: --add-opens=java.base/java.lang=ALL-UNNAMED --add-opens=java.base/java.lang.invoke=ALL-UNNAMED --add-opens=java.base/java.util=ALL-UNNAMED --add-opens=java.prefs/java.util.prefs=ALL-UNNAMED --add-exports=jdk.compiler/com.sun.tools.javac.api=ALL-UNNAMED --add-exports=jdk.compiler/com.sun.tools.javac.util=ALL-UNNAMED --add-opens=java.base/java.util=ALL-UNNAMED --add-opens=java.prefs/java.util.prefs=ALL-UNNAMED --add-opens=java.base/java.nio.charset=ALL-UNNAMED --add-opens=java.base/java.net=ALL-UNNAMED --add-opens=java.base/java.util.concurrent=ALL-UNNAMED --add-opens=java.base/java.util.concurrent.atomic=ALL-UNNAMED --add-opens=java.xml/javax.xml.namespace=ALL-UNNAMED -XX:MaxMetaspaceSize=512m -XX:+UseParallelGC --add-opens=java.base/java.lang=ALL-UNNAMED --add-opens=java.base/java.util=ALL-UNNAMED --add-opens=java.base/java.io=ALL-UNNAMED --add-opens=java.base/java.lang.reflect=ALL-UNNAMED --add-opens=java.base/java.text=ALL-UNNAMED --add-opens=java.base/java.nio=ALL-UNNAMED --add-exports=jdk.unsupported/sun.misc=ALL-UNNAMED --enable-native-access=ALL-UNNAMED -Xmx2048m -Dfile.encoding=windows-1252 -Duser.country=IN -Duser.language=en -Duser.variant -javaagent:C:\Users\hp\.gradle\wrapper\dists\gradle-9.0.0-bin\d6wjpkvcgsg3oed0qlfss3wgl\gradle-9.0.0\lib\agents\gradle-instrumentation-agent-9.0.0.jar 
java_command: org.gradle.launcher.daemon.bootstrap.GradleDaemon 9.0.0
java_class_path (initial): C:\Users\hp\.gradle\wrapper\dists\gradle-9.0.0-bin\d6wjpkvcgsg3oed0qlfss3wgl\gradle-9.0.0\lib\gradle-daemon-main-9.0.0.jar
Launcher Type: SUN_STANDARD

[Global flags]
     intx CICompilerCount                          = 4                                         {product} {ergonomic}
   size_t CompressedClassSpaceSize                 = 436207616                                 {product} {ergonomic}
   size_t InitialHeapSize                          = 130023424                                 {product} {ergonomic}
   size_t MaxHeapSize                              = 2147483648                                {product} {command line}
   size_t MaxMetaspaceSize                         = 536870912                                 {product} {command line}
   size_t MaxNewSize                               = 715653120                                 {product} {ergonomic}
   size_t MinHeapDeltaBytes                        = 524288                                    {product} {ergonomic}
   size_t MinHeapSize                              = 8388608                                   {product} {ergonomic}
   size_t NewSize                                  = 42991616                                  {product} {ergonomic}
    uintx NonNMethodCodeHeapSize                   = 5839372                                {pd product} {ergonomic}
    uintx NonProfiledCodeHeapSize                  = 122909434                              {pd product} {ergonomic}
   size_t OldSize                                  = 87031808                                  {product} {ergonomic}
    uintx ProfiledCodeHeapSize                     = 122909434                              {pd product} {ergonomic}
    uintx ReservedCodeCacheSize                    = 251658240                              {pd product} {ergonomic}
     bool SegmentedCodeCache                       = true                                      {product} {ergonomic}
   size_t SoftMaxHeapSize                          = 2147483648                             {manageable} {ergonomic}
     bool UseCompressedClassPointers               = true                           {product lp64_product} {ergonomic}
     bool UseCompressedOops                        = true                           {product lp64_product} {ergonomic}
     bool UseLargePagesIndividualAllocation        = false                                  {pd product} {ergonomic}
     bool UseParallelGC                            = true                                      {product} {command line}

Logging:
Log output configuration:
 #0: stdout all=warning uptime,level,tags
 #1: stderr all=off uptime,level,tags

Environment Variables:
JAVA_HOME=C:\Program Files\Java\jdk-17
PATH=C:\Users\hp\Desktop\AIB Innovations\TiffsyDriver-1\node_modules\.bin;C:\Users\hp\Desktop\AIB Innovations\node_modules\.bin;C:\Users\hp\Desktop\node_modules\.bin;C:\Users\hp\node_modules\.bin;C:\Users\node_modules\.bin;C:\node_modules\.bin;C:\Program Files\nodejs\node_modules\npm\node_modules\@npmcli\run-script\lib\node-gyp-bin;C:\Program Files\Common Files\Oracle\Java\javapath;C:\WINDOWS\system32;C:\WINDOWS;C:\WINDOWS\system32\Wbem;C:\WINDOWS\System32\WindowsPowerShell\v1.0\;C:\WINDOWS\System32\OpenSSH\;C:\Program Files\Microsoft VS Code\bin;C:\Users\hp\Downloads\jdk-20_windows-x64_bin.exe;C:\Program Files\MySQL\MySQL Server 8.0\bin;C:\Program Files\php-8.2.11;C:\ProgramData\chocolatey\bin;C:\Users\hp\AppData\Local\nvm;C:\nvm4w\nodejs;C:\Program Files\Git\cmd;C:\Program Files\nodejs\;C:\WINDOWS\System32\Wbem;C:\Program Files\Java\jdk-17\bin;C:\Users\hp\AppData\Local\Android\Sdk\platform-tools;C:\src\flutter\flutter\bin;C:\Program Files\MySQL\MySQL Shell 8.0\bin\;C:\Users\hp\AppData\Local\Microsoft\WindowsApps;C:\MinGW\bin;C:\Users\hp\AppData\Local\GitHubDesktop\bin;C:\Users\hp\AppData\Local\nvm;C:\nvm4w\nodejs;C:\Users\hp\AppData\Roaming\npm;C:\Users\hp\AppData\Local\Microsoft\WindowsApps;C:\flutter\bin;C:\Users\hp\AppData\Local\Programs\Antigravity\bin;C:\src\flutter\flutter\bin;
USERNAME=hp
LANG=en_US.UTF-8
OS=Windows_NT
PROCESSOR_IDENTIFIER=Intel64 Family 6 Model 154 Stepping 4, GenuineIntel



---------------  S Y S T E M  ---------------

OS:
 Windows 11 , 64 bit Build 26100 (10.0.26100.7920)
OS uptime: 0 days 4:20 hours
Hyper-V role detected

CPU: total 12 (initial active 12) (6 cores per cpu, 2 threads per core) family 6 model 154 stepping 4 microcode 0x42c, cx8, cmov, fxsr, ht, mmx, 3dnowpref, sse, sse2, sse3, ssse3, sse4.1, sse4.2, popcnt, lzcnt, tsc, tscinvbit, avx, avx2, aes, erms, clmul, bmi1, bmi2, adx, sha, fma, vzeroupper, clflush, clflushopt, clwb, hv

Memory: 4k page, system-wide physical 7863M (562M free)
TotalPageFile size 24247M (AvailPageFile size 9M)
current process WorkingSet (physical memory assigned to process): 988M, peak: 1005M
current process commit charge ("private bytes"): 1438M, peak: 1447M

vm_info: Java HotSpot(TM) 64-Bit Server VM (17.0.12+8-LTS-286) for windows-amd64 JRE (17.0.12+8-LTS-286), built on Jun  5 2024 06:46:59 by "mach5one" with MS VC++ 17.6 (VS2022)

END.
