#
# There is insufficient memory for the Java Runtime Environment to continue.
# Native memory allocation (malloc) failed to allocate 1213776 bytes for Chunk::new
# Possible reasons:
#   The system is out of physical RAM or swap space
#   The process is running with CompressedOops enabled, and the Java Heap may be blocking the growth of the native heap
# Possible solutions:
#   Reduce memory load on the system
#   Increase physical memory or swap space
#   Check if swap backing store is full
#   Decrease Java heap size (-Xmx/-Xms)
#   Decrease number of Java threads
#   Decrease Java thread stack sizes (-Xss)
#   Set larger code cache with -XX:ReservedCodeCacheSize=
#   JVM is running with Unscaled Compressed Oops mode in which the Java heap is
#     placed in the first 4GB address space. The Java Heap base address is the
#     maximum limit for the native heap growth. Please use -XX:HeapBaseMinAddress
#     to set the Java Heap base and to place the Java Heap above 4GB virtual address.
# This output file may be truncated or incomplete.
#
#  Out of Memory Error (arena.cpp:189), pid=15864, tid=19356
#
# JRE version: Java(TM) SE Runtime Environment (17.0.12+8) (build 17.0.12+8-LTS-286)
# Java VM: Java HotSpot(TM) 64-Bit Server VM (17.0.12+8-LTS-286, mixed mode, sharing, tiered, compressed oops, compressed class ptrs, parallel gc, windows-amd64)
# No core dump will be written. Minidumps are not enabled by default on client versions of Windows
#

---------------  S U M M A R Y ------------

Command Line: --add-opens=java.base/java.lang=ALL-UNNAMED --add-opens=java.base/java.lang.invoke=ALL-UNNAMED --add-opens=java.base/java.util=ALL-UNNAMED --add-opens=java.prefs/java.util.prefs=ALL-UNNAMED --add-exports=jdk.compiler/com.sun.tools.javac.api=ALL-UNNAMED --add-exports=jdk.compiler/com.sun.tools.javac.util=ALL-UNNAMED --add-opens=java.base/java.util=ALL-UNNAMED --add-opens=java.prefs/java.util.prefs=ALL-UNNAMED --add-opens=java.base/java.nio.charset=ALL-UNNAMED --add-opens=java.base/java.net=ALL-UNNAMED --add-opens=java.base/java.util.concurrent=ALL-UNNAMED --add-opens=java.base/java.util.concurrent.atomic=ALL-UNNAMED --add-opens=java.xml/javax.xml.namespace=ALL-UNNAMED -XX:MaxMetaspaceSize=512m -XX:+UseParallelGC --add-opens=java.base/java.lang=ALL-UNNAMED --add-opens=java.base/java.util=ALL-UNNAMED --add-opens=java.base/java.io=ALL-UNNAMED --add-opens=java.base/java.lang.reflect=ALL-UNNAMED --add-opens=java.base/java.text=ALL-UNNAMED --add-opens=java.base/java.nio=ALL-UNNAMED --add-exports=jdk.unsupported/sun.misc=ALL-UNNAMED --enable-native-access=ALL-UNNAMED -Xmx2048m -Dfile.encoding=windows-1252 -Duser.country=IN -Duser.language=en -Duser.variant -javaagent:C:\Users\hp\.gradle\wrapper\dists\gradle-9.0.0-bin\d6wjpkvcgsg3oed0qlfss3wgl\gradle-9.0.0\lib\agents\gradle-instrumentation-agent-9.0.0.jar org.gradle.launcher.daemon.bootstrap.GradleDaemon 9.0.0

Host: 12th Gen Intel(R) Core(TM) i5-1235U, 12 cores, 7G,  Windows 11 , 64 bit Build 26100 (10.0.26100.7920)
Time: Wed Apr  1 17:48:03 2026 India Standard Time elapsed time: 239.398703 seconds (0d 0h 3m 59s)

---------------  T H R E A D  ---------------

Current thread (0x000002db41c9c3e0):  JavaThread "C2 CompilerThread2" daemon [_thread_in_native, id=19356, stack(0x000000dd5e500000,0x000000dd5e600000)]


Current CompileTask:
C2: 239399 34011       4       com.android.tools.r8.internal.rT::c (803 bytes)

Stack: [0x000000dd5e500000,0x000000dd5e600000]
Native frames: (J=compiled Java code, j=interpreted, Vv=VM code, C=native code)
V  [jvm.dll+0x67a04a]
V  [jvm.dll+0x7da4ed]
V  [jvm.dll+0x7dbe33]
V  [jvm.dll+0x7dc4a3]
V  [jvm.dll+0x24508f]
V  [jvm.dll+0xab773]
V  [jvm.dll+0xabd3c]
V  [jvm.dll+0x2aa52f]
V  [jvm.dll+0x581eb9]
V  [jvm.dll+0x21f422]
V  [jvm.dll+0x21f81f]
V  [jvm.dll+0x218aa0]
V  [jvm.dll+0x215b65]
V  [jvm.dll+0x1a2960]
V  [jvm.dll+0x22610b]
V  [jvm.dll+0x2242ab]
V  [jvm.dll+0x79075c]
V  [jvm.dll+0x78abea]
V  [jvm.dll+0x678f35]
C  [ucrtbase.dll+0x37b0]
C  [KERNEL32.DLL+0x2e8d7]
C  [ntdll.dll+0x8c48c]


---------------  P R O C E S S  ---------------

Threads class SMR info:
_java_thread_list=0x000002db3eaf9ea0, length=96, elements={
0x000002db73ebd2d0, 0x000002db2a1e7cf0, 0x000002db2a1e8a80, 0x000002db2a1fd070,
0x000002db2a1fdb40, 0x000002db2b663b50, 0x000002db2b666fa0, 0x000002db2b672030,
0x000002db2b692e10, 0x000002db2b697730, 0x000002db2b78e800, 0x000002db2b854790,
0x000002db32b5d430, 0x000002db31024050, 0x000002db310251c0, 0x000002db31b03c20,
0x000002db32b5c310, 0x000002db32b59580, 0x000002db32b5aed0, 0x000002db32b59fa0,
0x000002db32b59a90, 0x000002db32b5a9c0, 0x000002db32b5b3e0, 0x000002db32b5b8f0,
0x000002db32b5c820, 0x000002db345c7450, 0x000002db345c55f0, 0x000002db345c5b00,
0x000002db345c46c0, 0x000002db345c50e0, 0x000002db345c6520, 0x000002db345c6010,
0x000002db345c6f40, 0x000002db345c4bd0, 0x000002db345c8890, 0x000002db345c8da0,
0x000002db345ca1e0, 0x000002db345cbb30, 0x000002db345cb110, 0x000002db345ca6f0,
0x000002db345cc040, 0x000002db345c92b0, 0x000002db345c97c0, 0x000002db366edaa0,
0x000002db366ef3f0, 0x000002db366ee9d0, 0x000002db366ee4c0, 0x000002db366eeee0,
0x000002db366ef900, 0x000002db366f0320, 0x000002db366f2ba0, 0x000002db366f0d40,
0x000002db366f2690, 0x000002db366f3ad0, 0x000002db366f1250, 0x000002db366f2180,
0x000002db366f1760, 0x000002db366f30b0, 0x000002db366f35c0, 0x000002db366f3fe0,
0x000002db366f44f0, 0x000002db366f1c70, 0x000002db33ea2470, 0x000002db33ea1f60,
0x000002db33ea1540, 0x000002db33ea38b0, 0x000002db33ea1a50, 0x000002db33ea1030,
0x000002db33ea3dc0, 0x000002db33ea33a0, 0x000002db33ea0610, 0x000002db33ea42d0,
0x000002db33ea5710, 0x000002db33ea4cf0, 0x000002db33ea47e0, 0x000002db33ea7570,
0x000002db37cc1a10, 0x000002db37cc0ae0, 0x000002db37cc00c0, 0x000002db37cc3d80,
0x000002db37cc05d0, 0x000002db37503ca0, 0x000002db37505b00, 0x000002db37508890,
0x000002db37506010, 0x000002db37506f40, 0x000002db37507960, 0x000002db37508da0,
0x000002db37cc6600, 0x000002db37cc5be0, 0x000002db366f0830, 0x000002db417a02f0,
0x000002db4179fde0, 0x000002db41c9a950, 0x000002db41c9c3e0, 0x000002db417a2b70
}

Java Threads: ( => current thread )
  0x000002db73ebd2d0 JavaThread "main" [_thread_blocked, id=18780, stack(0x000000dd58300000,0x000000dd58400000)]
  0x000002db2a1e7cf0 JavaThread "Reference Handler" daemon [_thread_blocked, id=5836, stack(0x000000dd58600000,0x000000dd58700000)]
  0x000002db2a1e8a80 JavaThread "Finalizer" daemon [_thread_blocked, id=6848, stack(0x000000dd58700000,0x000000dd58800000)]
  0x000002db2a1fd070 JavaThread "Signal Dispatcher" daemon [_thread_blocked, id=13672, stack(0x000000dd58800000,0x000000dd58900000)]
  0x000002db2a1fdb40 JavaThread "Attach Listener" daemon [_thread_blocked, id=23176, stack(0x000000dd58900000,0x000000dd58a00000)]
  0x000002db2b663b50 JavaThread "Service Thread" daemon [_thread_blocked, id=22396, stack(0x000000dd58a00000,0x000000dd58b00000)]
  0x000002db2b666fa0 JavaThread "Monitor Deflation Thread" daemon [_thread_blocked, id=21228, stack(0x000000dd58b00000,0x000000dd58c00000)]
  0x000002db2b672030 JavaThread "C2 CompilerThread0" daemon [_thread_in_native, id=14680, stack(0x000000dd58c00000,0x000000dd58d00000)]
  0x000002db2b692e10 JavaThread "C1 CompilerThread0" daemon [_thread_blocked, id=15892, stack(0x000000dd58d00000,0x000000dd58e00000)]
  0x000002db2b697730 JavaThread "Sweeper thread" daemon [_thread_blocked, id=20740, stack(0x000000dd58e00000,0x000000dd58f00000)]
  0x000002db2b78e800 JavaThread "Common-Cleaner" daemon [_thread_blocked, id=22588, stack(0x000000dd58f00000,0x000000dd59000000)]
  0x000002db2b854790 JavaThread "Notification Thread" daemon [_thread_blocked, id=19296, stack(0x000000dd59100000,0x000000dd59200000)]
  0x000002db32b5d430 JavaThread "Daemon health stats" [_thread_blocked, id=10092, stack(0x000000dd59000000,0x000000dd59100000)]
  0x000002db31024050 JavaThread "Incoming local TCP Connector on port 54687" [_thread_in_native, id=12928, stack(0x000000dd59b00000,0x000000dd59c00000)]
  0x000002db310251c0 JavaThread "Daemon periodic checks" [_thread_blocked, id=17996, stack(0x000000dd59c00000,0x000000dd59d00000)]
  0x000002db31b03c20 JavaThread "Daemon" [_thread_blocked, id=16568, stack(0x000000dd59d00000,0x000000dd59e00000)]
  0x000002db32b5c310 JavaThread "Handler for socket connection from /127.0.0.1:54687 to /127.0.0.1:54688" [_thread_in_native, id=1632, stack(0x000000dd59e00000,0x000000dd59f00000)]
  0x000002db32b59580 JavaThread "Cancel handler" [_thread_blocked, id=22776, stack(0x000000dd59f00000,0x000000dd5a000000)]
  0x000002db32b5aed0 JavaThread "Daemon worker" [_thread_blocked, id=20052, stack(0x000000dd5a000000,0x000000dd5a100000)]
  0x000002db32b59fa0 JavaThread "Asynchronous log dispatcher for DefaultDaemonConnection: socket connection from /127.0.0.1:54687 to /127.0.0.1:54688" [_thread_blocked, id=12200, stack(0x000000dd5a100000,0x000000dd5a200000)]
  0x000002db32b59a90 JavaThread "Stdin handler" [_thread_blocked, id=22348, stack(0x000000dd5a200000,0x000000dd5a300000)]
  0x000002db32b5a9c0 JavaThread "Daemon client event forwarder" [_thread_blocked, id=13708, stack(0x000000dd5a300000,0x000000dd5a400000)]
  0x000002db32b5b3e0 JavaThread "Cache worker for journal cache (C:\Users\hp\.gradle\caches\journal-1)" [_thread_blocked, id=16736, stack(0x000000dd5a500000,0x000000dd5a600000)]
  0x000002db32b5b8f0 JavaThread "File lock request listener" [_thread_in_native, id=21660, stack(0x000000dd5a600000,0x000000dd5a700000)]
  0x000002db32b5c820 JavaThread "Cache worker for file hash cache (C:\Users\hp\.gradle\caches\9.0.0\fileHashes)" [_thread_blocked, id=8872, stack(0x000000dd5a700000,0x000000dd5a800000)]
  0x000002db345c7450 JavaThread "Cache worker for file hash cache (C:\Users\hp\Desktop\AIB Innovations\TiffsyDriver-1\android\.gradle\9.0.0\fileHashes)" [_thread_blocked, id=20272, stack(0x000000dd5a900000,0x000000dd5aa00000)]
  0x000002db345c55f0 JavaThread "Cache worker for Build Output Cleanup Cache (C:\Users\hp\Desktop\AIB Innovations\TiffsyDriver-1\android\.gradle\buildOutputCleanup)" [_thread_blocked, id=2724, stack(0x000000dd5aa00000,0x000000dd5ab00000)]
  0x000002db345c5b00 JavaThread "File watcher server" daemon [_thread_in_native, id=18732, stack(0x000000dd5ab00000,0x000000dd5ac00000)]
  0x000002db345c46c0 JavaThread "File watcher consumer" daemon [_thread_blocked, id=10620, stack(0x000000dd5ac00000,0x000000dd5ad00000)]
  0x000002db345c50e0 JavaThread "Cache worker for checksums cache (C:\Users\hp\Desktop\AIB Innovations\TiffsyDriver-1\android\.gradle\9.0.0\checksums)" [_thread_blocked, id=8940, stack(0x000000dd5ad00000,0x000000dd5ae00000)]
  0x000002db345c6520 JavaThread "Cache worker for file content cache (C:\Users\hp\.gradle\caches\9.0.0\fileContent)" [_thread_blocked, id=10612, stack(0x000000dd5ae00000,0x000000dd5af00000)]
  0x000002db345c6010 JavaThread "Cache worker for cache directory md-supplier (C:\Users\hp\.gradle\caches\9.0.0\md-supplier)" [_thread_blocked, id=14512, stack(0x000000dd5af00000,0x000000dd5b000000)]
  0x000002db345c6f40 JavaThread "Cache worker for cache directory md-rule (C:\Users\hp\.gradle\caches\9.0.0\md-rule)" [_thread_blocked, id=21644, stack(0x000000dd5b100000,0x000000dd5b200000)]
  0x000002db345c4bd0 JavaThread "jar transforms" [_thread_blocked, id=2744, stack(0x000000dd5b200000,0x000000dd5b300000)]
  0x000002db345c8890 JavaThread "Cache worker for Build Output Cleanup Cache (C:\Users\hp\Desktop\AIB Innovations\TiffsyDriver-1\node_modules\@react-native\gradle-plugin\.gradle\buildOutputCleanup)" [_thread_blocked, id=21868, stack(0x000000dd5b300000,0x000000dd5b400000)]
  0x000002db345c8da0 JavaThread "Unconstrained build operations" [_thread_blocked, id=19804, stack(0x000000dd5a400000,0x000000dd5a500000)]
  0x000002db345ca1e0 JavaThread "Unconstrained build operations Thread 2" [_thread_blocked, id=12596, stack(0x000000dd5b000000,0x000000dd5b100000)]
  0x000002db345cbb30 JavaThread "Unconstrained build operations Thread 3" [_thread_blocked, id=10796, stack(0x000000dd5b500000,0x000000dd5b600000)]
  0x000002db345cb110 JavaThread "Unconstrained build operations Thread 4" [_thread_blocked, id=1316, stack(0x000000dd5b700000,0x000000dd5b800000)]
  0x000002db345ca6f0 JavaThread "Unconstrained build operations Thread 5" [_thread_blocked, id=15496, stack(0x000000dd5b800000,0x000000dd5b900000)]
  0x000002db345cc040 JavaThread "Unconstrained build operations Thread 6" [_thread_in_Java, id=20672, stack(0x000000dd5b900000,0x000000dd5ba00000)]
  0x000002db345c92b0 JavaThread "build event listener" [_thread_blocked, id=12040, stack(0x000000dd5b600000,0x000000dd5b700000)]
  0x000002db345c97c0 JavaThread "Memory manager" [_thread_blocked, id=10548, stack(0x000000dd5b400000,0x000000dd5b500000)]
  0x000002db366edaa0 JavaThread "ForkJoinPool.commonPool-worker-1" daemon [_thread_blocked, id=2492, stack(0x000000dd5bc00000,0x000000dd5bd00000)]
  0x000002db366ef3f0 JavaThread "ForkJoinPool.commonPool-worker-2" daemon [_thread_blocked, id=10740, stack(0x000000dd5bd00000,0x000000dd5be00000)]
  0x000002db366ee9d0 JavaThread "ForkJoinPool.commonPool-worker-4" daemon [_thread_blocked, id=14288, stack(0x000000dd5bf00000,0x000000dd5c000000)]
  0x000002db366ee4c0 JavaThread "ForkJoinPool.commonPool-worker-5" daemon [_thread_blocked, id=4932, stack(0x000000dd5c000000,0x000000dd5c100000)]
  0x000002db366eeee0 JavaThread "ForkJoinPool.commonPool-worker-6" daemon [_thread_blocked, id=14656, stack(0x000000dd5c100000,0x000000dd5c200000)]
  0x000002db366ef900 JavaThread "ForkJoinPool.commonPool-worker-7" daemon [_thread_blocked, id=14328, stack(0x000000dd5c200000,0x000000dd5c300000)]
  0x000002db366f0320 JavaThread "ForkJoinPool.commonPool-worker-9" daemon [_thread_blocked, id=24324, stack(0x000000dd5c400000,0x000000dd5c500000)]
  0x000002db366f2ba0 JavaThread "ForkJoinPool.commonPool-worker-11" daemon [_thread_blocked, id=3548, stack(0x000000dd5c600000,0x000000dd5c700000)]
  0x000002db366f0d40 JavaThread "included builds" [_thread_blocked, id=4112, stack(0x000000dd5c700000,0x000000dd5c800000)]
  0x000002db366f2690 JavaThread "Execution worker" [_thread_in_Java, id=8660, stack(0x000000dd5c800000,0x000000dd5c900000)]
  0x000002db366f3ad0 JavaThread "Cache worker for execution history cache (C:\Users\hp\Desktop\AIB Innovations\TiffsyDriver-1\node_modules\@react-native\gradle-plugin\.gradle\9.0.0\executionHistory)" [_thread_blocked, id=24788, stack(0x000000dd5c900000,0x000000dd5ca00000)]
  0x000002db366f1250 JavaThread "Unconstrained build operations Thread 7" [_thread_blocked, id=15000, stack(0x000000dd5ca00000,0x000000dd5cb00000)]
  0x000002db366f2180 JavaThread "Unconstrained build operations Thread 8" [_thread_blocked, id=21368, stack(0x000000dd5cb00000,0x000000dd5cc00000)]
  0x000002db366f1760 JavaThread "Unconstrained build operations Thread 9" [_thread_blocked, id=16872, stack(0x000000dd5cc00000,0x000000dd5cd00000)]
  0x000002db366f30b0 JavaThread "Unconstrained build operations Thread 10" [_thread_blocked, id=9084, stack(0x000000dd5cd00000,0x000000dd5ce00000)]
  0x000002db366f35c0 JavaThread "Unconstrained build operations Thread 11" [_thread_blocked, id=5320, stack(0x000000dd5ce00000,0x000000dd5cf00000)]
  0x000002db366f3fe0 JavaThread "Unconstrained build operations Thread 12" [_thread_blocked, id=20492, stack(0x000000dd5cf00000,0x000000dd5d000000)]
  0x000002db366f44f0 JavaThread "Unconstrained build operations Thread 13" [_thread_blocked, id=22256, stack(0x000000dd5d000000,0x000000dd5d100000)]
  0x000002db366f1c70 JavaThread "Unconstrained build operations Thread 14" [_thread_blocked, id=20192, stack(0x000000dd5d100000,0x000000dd5d200000)]
  0x000002db33ea2470 JavaThread "jar transforms Thread 2" [_thread_blocked, id=25524, stack(0x000000dd5d200000,0x000000dd5d300000)]
  0x000002db33ea1f60 JavaThread "jar transforms Thread 3" [_thread_blocked, id=21940, stack(0x000000dd5bb00000,0x000000dd5bc00000)]
  0x000002db33ea1540 JavaThread "Unconstrained build operations Thread 15" [_thread_blocked, id=21996, stack(0x000000dd5d300000,0x000000dd5d400000)]
  0x000002db33ea38b0 JavaThread "Unconstrained build operations Thread 16" [_thread_blocked, id=25200, stack(0x000000dd5d400000,0x000000dd5d500000)]
  0x000002db33ea1a50 JavaThread "Unconstrained build operations Thread 17" [_thread_blocked, id=23432, stack(0x000000dd5d500000,0x000000dd5d600000)]
  0x000002db33ea1030 JavaThread "Unconstrained build operations Thread 18" [_thread_blocked, id=4084, stack(0x000000dd5d600000,0x000000dd5d700000)]
  0x000002db33ea3dc0 JavaThread "Unconstrained build operations Thread 19" [_thread_blocked, id=24204, stack(0x000000dd5d700000,0x000000dd5d800000)]
  0x000002db33ea33a0 JavaThread "jar transforms Thread 4" [_thread_blocked, id=5956, stack(0x000000dd5d800000,0x000000dd5d900000)]
  0x000002db33ea0610 JavaThread "jar transforms Thread 5" [_thread_blocked, id=23412, stack(0x000000dd5d900000,0x000000dd5da00000)]
  0x000002db33ea42d0 JavaThread "jar transforms Thread 6" [_thread_blocked, id=22248, stack(0x000000dd5da00000,0x000000dd5db00000)]
  0x000002db33ea5710 JavaThread "build event listener" [_thread_blocked, id=15040, stack(0x000000dd5db00000,0x000000dd5dc00000)]
  0x000002db33ea4cf0 JavaThread "jar transforms Thread 7" [_thread_blocked, id=13712, stack(0x000000dd5dc00000,0x000000dd5dd00000)]
  0x000002db33ea47e0 JavaThread "jar transforms Thread 8" [_thread_blocked, id=23856, stack(0x000000dd5dd00000,0x000000dd5de00000)]
  0x000002db33ea7570 JavaThread "Problems report writer" [_thread_blocked, id=24308, stack(0x000000dd5df00000,0x000000dd5e000000)]
  0x000002db37cc1a10 JavaThread "jar transforms Thread 9" [_thread_blocked, id=14376, stack(0x000000dd5e000000,0x000000dd5e100000)]
  0x000002db37cc0ae0 JavaThread "Unconstrained build operations Thread 20" [_thread_blocked, id=7444, stack(0x000000dd5e100000,0x000000dd5e200000)]
  0x000002db37cc00c0 JavaThread "jar transforms Thread 10" [_thread_blocked, id=2924, stack(0x000000dd5e200000,0x000000dd5e300000)]
  0x000002db37cc3d80 JavaThread "jar transforms Thread 11" [_thread_blocked, id=5804, stack(0x000000dd5e300000,0x000000dd5e400000)]
  0x000002db37cc05d0 JavaThread "jar transforms Thread 12" [_thread_blocked, id=3308, stack(0x000000dd5e400000,0x000000dd5e500000)]
  0x000002db37503ca0 JavaThread "Cache worker for execution history cache (C:\Users\hp\Desktop\AIB Innovations\TiffsyDriver-1\android\.gradle\9.0.0\executionHistory)" [_thread_blocked, id=12512, stack(0x000000dd5e900000,0x000000dd5ea00000)]
  0x000002db37505b00 JavaThread "Cache worker for Java compile cache (C:\Users\hp\.gradle\caches\9.0.0\javaCompile)" [_thread_blocked, id=1176, stack(0x000000dd5ed00000,0x000000dd5ee00000)]
  0x000002db37508890 JavaThread "RMI Scheduler(0)" daemon [_thread_blocked, id=7148, stack(0x000000dd5e600000,0x000000dd5e700000)]
  0x000002db37506010 JavaThread "RMI GC Daemon" daemon [_thread_blocked, id=13720, stack(0x000000dd5eb00000,0x000000dd5ec00000)]
  0x000002db37506f40 JavaThread "RMI TCP Accept-0" daemon [_thread_in_native, id=18396, stack(0x000000dd5ee00000,0x000000dd5ef00000)]
  0x000002db37507960 JavaThread "RMI Reaper" [_thread_blocked, id=25556, stack(0x000000dd5ef00000,0x000000dd5f000000)]
  0x000002db37508da0 JavaThread "Build operations" [_thread_blocked, id=4912, stack(0x000000dd5f000000,0x000000dd5f100000)]
  0x000002db37cc6600 JavaThread "RMI TCP Connection(idle)" daemon [_thread_blocked, id=22532, stack(0x000000dd58100000,0x000000dd58200000)]
  0x000002db37cc5be0 JavaThread "RMI TCP Connection(idle)" daemon [_thread_blocked, id=24860, stack(0x000000dd58200000,0x000000dd58300000)]
  0x000002db366f0830 JavaThread "Build operations Thread 2" [_thread_blocked, id=448, stack(0x000000dd5ba00000,0x000000dd5bb00000)]
  0x000002db417a02f0 JavaThread "RMI TCP Connection(idle)" daemon [_thread_blocked, id=25276, stack(0x000000dd5e700000,0x000000dd5e800000)]
  0x000002db4179fde0 JavaThread "WorkerExecutor Queue Thread 5" [_thread_blocked, id=19220, stack(0x000000dd5c500000,0x000000dd5c600000)]
  0x000002db41c9a950 JavaThread "C2 CompilerThread1" daemon [_thread_in_native, id=16140, stack(0x000000dd5be00000,0x000000dd5bf00000)]
=>0x000002db41c9c3e0 JavaThread "C2 CompilerThread2" daemon [_thread_in_native, id=19356, stack(0x000000dd5e500000,0x000000dd5e600000)]
  0x000002db417a2b70 JavaThread "WorkerExecutor Queue Thread 6" [_thread_blocked, id=22064, stack(0x000000dd5e800000,0x000000dd5e900000)]

Other Threads:
  0x000002db73f77ae0 VMThread "VM Thread" [stack: 0x000000dd58500000,0x000000dd58600000] [id=11576]
  0x000002db2b854c70 WatcherThread [stack: 0x000000dd59200000,0x000000dd59300000] [id=9136]
  0x000002db73ed6b20 GCTaskThread "GC Thread#0" [stack: 0x000000dd58400000,0x000000dd58500000] [id=7352]
  0x000002db31685fa0 GCTaskThread "GC Thread#1" [stack: 0x000000dd59400000,0x000000dd59500000] [id=9412]
  0x000002db31632f50 GCTaskThread "GC Thread#2" [stack: 0x000000dd59500000,0x000000dd59600000] [id=14984]
  0x000002db311ae830 GCTaskThread "GC Thread#3" [stack: 0x000000dd59600000,0x000000dd59700000] [id=25228]
  0x000002db31459360 GCTaskThread "GC Thread#4" [stack: 0x000000dd59700000,0x000000dd59800000] [id=22560]
  0x000002db31f1dba0 GCTaskThread "GC Thread#5" [stack: 0x000000dd59300000,0x000000dd59400000] [id=23492]
  0x000002db32ce85c0 GCTaskThread "GC Thread#6" [stack: 0x000000dd59800000,0x000000dd59900000] [id=3844]
  0x000002db32ce8880 GCTaskThread "GC Thread#7" [stack: 0x000000dd59900000,0x000000dd59a00000] [id=5908]
  0x000002db32ce8b40 GCTaskThread "GC Thread#8" [stack: 0x000000dd59a00000,0x000000dd59b00000] [id=22460]
  0x000002db330b7320 GCTaskThread "GC Thread#9" [stack: 0x000000dd5a800000,0x000000dd5a900000] [id=17840]

Threads with active compile tasks:
C2 CompilerThread0   239479 33991 %     4       com.android.tools.r8.internal.rT::a @ 366 (974 bytes)
C2 CompilerThread1   239479 33837       4       com.android.tools.r8.internal.rT::k (1133 bytes)
C2 CompilerThread2   239479 34011       4       com.android.tools.r8.internal.rT::c (803 bytes)

VM state: not at safepoint (normal execution)

VM Mutex/Monitor currently owned by a thread: None

Heap address: 0x0000000080000000, size: 2048 MB, Compressed Oops mode: 32-bit

CDS archive(s) mapped at: [0x000002db0f000000-0x000002db0fbd0000-0x000002db0fbd0000), size 12386304, SharedBaseAddress: 0x000002db0f000000, ArchiveRelocationMode: 1.
Compressed class space mapped at: 0x000002db10000000-0x000002db2a000000, reserved size: 436207616
Narrow klass base: 0x000002db0f000000, Narrow klass shift: 0, Narrow klass range: 0x100000000

GC Precious Log:
 CPUs: 12 total, 12 available
 Memory: 7863M
 Large Page Support: Disabled
 NUMA Support: Disabled
 Compressed Oops: Enabled (32-bit)
 Alignments: Space 512K, Generation 512K, Heap 2M
 Heap Min Capacity: 8M
 Heap Initial Capacity: 124M
 Heap Max Capacity: 2G
 Pre-touch: Disabled
 Parallel Workers: 10

Heap:
 PSYoungGen      total 416256K, used 90687K [0x00000000d5580000, 0x00000000f5800000, 0x0000000100000000)
  eden space 346112K, 26% used [0x00000000d5580000,0x00000000dae0fdd0,0x00000000ea780000)
  from space 70144K, 0% used [0x00000000ea780000,0x00000000ea780000,0x00000000eec00000)
  to   space 71168K, 0% used [0x00000000f1280000,0x00000000f1280000,0x00000000f5800000)
 ParOldGen       total 343552K, used 324821K [0x0000000080000000, 0x0000000094f80000, 0x00000000d5580000)
  object space 343552K, 94% used [0x0000000080000000,0x0000000093d357a8,0x0000000094f80000)
 Metaspace       used 163179K, committed 166272K, reserved 622592K
  class space    used 21945K, committed 23232K, reserved 425984K

Card table byte_map: [0x000002db73860000,0x000002db73c70000] _byte_map_base: 0x000002db73460000

Marking Bits: (ParMarkBitMap*) 0x00007ffc44ce2be0
 Begin Bits: [0x000002db7ba20000, 0x000002db7da20000)
 End Bits:   [0x000002db7da20000, 0x000002db7fa20000)

Polling page: 0x000002db71e50000

Metaspace:

Usage:
  Non-class:    137.92 MB used.
      Class:     21.43 MB used.
       Both:    159.36 MB used.

Virtual space:
  Non-class space:      192.00 MB reserved,     139.69 MB ( 73%) committed,  3 nodes.
      Class space:      416.00 MB reserved,      22.69 MB (  5%) committed,  1 nodes.
             Both:      608.00 MB reserved,     162.38 MB ( 27%) committed. 

Chunk freelists:
   Non-Class:  4.06 MB
       Class:  9.48 MB
        Both:  13.54 MB

MaxMetaspaceSize: 512.00 MB
CompressedClassSpaceSize: 416.00 MB
Initial GC threshold: 21.00 MB
Current GC threshold: 270.62 MB
CDS: on
MetaspaceReclaimPolicy: balanced
 - commit_granule_bytes: 65536.
 - commit_granule_words: 8192.
 - virtual_space_node_default_size: 8388608.
 - enlarge_chunks_in_place: 1.
 - new_chunks_are_fully_committed: 0.
 - uncommit_free_chunks: 1.
 - use_allocation_guard: 0.
 - handle_deallocations: 1.


Internal statistics:

num_allocs_failed_limit: 9.
num_arena_births: 3822.
num_arena_deaths: 22.
num_vsnodes_births: 4.
num_vsnodes_deaths: 0.
num_space_committed: 2611.
num_space_uncommitted: 14.
num_chunks_returned_to_freelist: 115.
num_chunks_taken_from_freelist: 11840.
num_chunk_merges: 34.
num_chunk_splits: 7408.
num_chunks_enlarged: 4355.
num_inconsistent_stats: 0.

CodeHeap 'non-profiled nmethods': size=120000Kb used=22200Kb max_used=22200Kb free=97799Kb
 bounds [0x000002db07ad0000, 0x000002db090d0000, 0x000002db0f000000]
CodeHeap 'profiled nmethods': size=120000Kb used=54937Kb max_used=55377Kb free=65062Kb
 bounds [0x000002db00000000, 0x000002db03680000, 0x000002db07530000]
CodeHeap 'non-nmethods': size=5760Kb used=2545Kb max_used=2635Kb free=3214Kb
 bounds [0x000002db07530000, 0x000002db077d0000, 0x000002db07ad0000]
 total_blobs=27579 nmethods=26474 adapters=1017
 compilation: enabled
              stopped_count=0, restarted_count=0
 full_count=0

Compilation events (20 events):
Event: 233.703 Thread 0x000002db41c9a950 33979       4       com.android.tools.r8.internal.VE::a (948 bytes)
Event: 238.224 Thread 0x000002db2b692e10 34036       2       com.android.tools.r8.internal.rT::f (16 bytes)
Event: 238.224 Thread 0x000002db2b692e10 nmethod 34036 0x000002db0329f390 code [0x000002db0329f540, 0x000002db0329f688]
Event: 238.231 Thread 0x000002db2b672030 nmethod 33953 0x000002db090b3190 code [0x000002db090b3e00, 0x000002db090bc240]
Event: 238.235 Thread 0x000002db2b672030 34031       4       com.android.tools.r8.internal.f9::a (336 bytes)
Event: 238.243 Thread 0x000002db2b672030 nmethod 34031 0x000002db07f93f10 code [0x000002db07f94140, 0x000002db07f94788]
Event: 238.243 Thread 0x000002db2b672030 33991 %     4       com.android.tools.r8.internal.rT::a @ 366 (974 bytes)
Event: 238.248 Thread 0x000002db2b692e10 34038       2       com.android.tools.r8.internal.QU::b (11 bytes)
Event: 238.248 Thread 0x000002db2b692e10 nmethod 34038 0x000002db032a1290 code [0x000002db032a1420, 0x000002db032a1558]
Event: 238.264 Thread 0x000002db2b692e10 34039       2       com.android.tools.r8.internal.wB::a (39 bytes)
Event: 238.265 Thread 0x000002db2b692e10 nmethod 34039 0x000002db03020d90 code [0x000002db03020f60, 0x000002db030211e8]
Event: 238.267 Thread 0x000002db41c9a950 nmethod 33979 0x000002db08df6910 code [0x000002db08df6d80, 0x000002db08df91c0]
Event: 238.269 Thread 0x000002db41c9a950 33968       4       com.android.tools.r8.internal.uy0::a (76 bytes)
Event: 238.287 Thread 0x000002db2b692e10 34040       2       com.android.tools.r8.internal.O70::h (16 bytes)
Event: 238.287 Thread 0x000002db2b692e10 nmethod 34040 0x000002db030ab590 code [0x000002db030ab720, 0x000002db030ab898]
Event: 238.291 Thread 0x000002db2b692e10 34041       3       com.android.tools.r8.graph.B2::q0 (35 bytes)
Event: 238.291 Thread 0x000002db2b692e10 nmethod 34041 0x000002db02239910 code [0x000002db02239aa0, 0x000002db02239cb8]
Event: 238.301 Thread 0x000002db2b692e10 34042       3       com.android.tools.r8.internal.up::<init> (72 bytes)
Event: 238.301 Thread 0x000002db2b692e10 nmethod 34042 0x000002db032d1f90 code [0x000002db032d2140, 0x000002db032d2398]
Event: 238.404 Thread 0x000002db2b692e10 34045       2       com.android.tools.r8.internal.bp::<init> (16 bytes)

GC Heap History (20 events):
Event: 207.982 GC heap before
{Heap before GC invocations=64 (full 6):
 PSYoungGen      total 286208K, used 255754K [0x00000000d5580000, 0x00000000eb500000, 0x0000000100000000)
  eden space 233984K, 100% used [0x00000000d5580000,0x00000000e3a00000,0x00000000e3a00000)
  from space 52224K, 41% used [0x00000000e3a00000,0x00000000e4f42880,0x00000000e6d00000)
  to   space 49664K, 0% used [0x00000000e8480000,0x00000000e8480000,0x00000000eb500000)
 ParOldGen       total 343552K, used 253476K [0x0000000080000000, 0x0000000094f80000, 0x00000000d5580000)
  object space 343552K, 73% used [0x0000000080000000,0x000000008f7893c8,0x0000000094f80000)
 Metaspace       used 164065K, committed 166528K, reserved 622592K
  class space    used 21992K, committed 23168K, reserved 425984K
}
Event: 208.017 GC heap after
{Heap after GC invocations=64 (full 6):
 PSYoungGen      total 305152K, used 11251K [0x00000000d5580000, 0x00000000eb200000, 0x0000000100000000)
  eden space 258560K, 0% used [0x00000000d5580000,0x00000000d5580000,0x00000000e5200000)
  from space 46592K, 24% used [0x00000000e8480000,0x00000000e8f7ce18,0x00000000eb200000)
  to   space 49152K, 0% used [0x00000000e5200000,0x00000000e5200000,0x00000000e8200000)
 ParOldGen       total 343552K, used 260912K [0x0000000080000000, 0x0000000094f80000, 0x00000000d5580000)
  object space 343552K, 75% used [0x0000000080000000,0x000000008fecc1a0,0x0000000094f80000)
 Metaspace       used 164065K, committed 166528K, reserved 622592K
  class space    used 21992K, committed 23168K, reserved 425984K
}
Event: 210.976 GC heap before
{Heap before GC invocations=65 (full 6):
 PSYoungGen      total 305152K, used 269811K [0x00000000d5580000, 0x00000000eb200000, 0x0000000100000000)
  eden space 258560K, 100% used [0x00000000d5580000,0x00000000e5200000,0x00000000e5200000)
  from space 46592K, 24% used [0x00000000e8480000,0x00000000e8f7ce18,0x00000000eb200000)
  to   space 49152K, 0% used [0x00000000e5200000,0x00000000e5200000,0x00000000e8200000)
 ParOldGen       total 343552K, used 260912K [0x0000000080000000, 0x0000000094f80000, 0x00000000d5580000)
  object space 343552K, 75% used [0x0000000080000000,0x000000008fecc1a0,0x0000000094f80000)
 Metaspace       used 164182K, committed 166720K, reserved 622592K
  class space    used 22006K, committed 23168K, reserved 425984K
}
Event: 211.031 GC heap after
{Heap after GC invocations=65 (full 6):
 PSYoungGen      total 307712K, used 12773K [0x00000000d5580000, 0x00000000eca80000, 0x0000000100000000)
  eden space 258560K, 0% used [0x00000000d5580000,0x00000000d5580000,0x00000000e5200000)
  from space 49152K, 25% used [0x00000000e5200000,0x00000000e5e79740,0x00000000e8200000)
  to   space 48128K, 0% used [0x00000000e9b80000,0x00000000e9b80000,0x00000000eca80000)
 ParOldGen       total 343552K, used 266350K [0x0000000080000000, 0x0000000094f80000, 0x00000000d5580000)
  object space 343552K, 77% used [0x0000000080000000,0x000000009041bb20,0x0000000094f80000)
 Metaspace       used 164182K, committed 166720K, reserved 622592K
  class space    used 22006K, committed 23168K, reserved 425984K
}
Event: 212.956 GC heap before
{Heap before GC invocations=66 (full 6):
 PSYoungGen      total 307712K, used 271333K [0x00000000d5580000, 0x00000000eca80000, 0x0000000100000000)
  eden space 258560K, 100% used [0x00000000d5580000,0x00000000e5200000,0x00000000e5200000)
  from space 49152K, 25% used [0x00000000e5200000,0x00000000e5e79740,0x00000000e8200000)
  to   space 48128K, 0% used [0x00000000e9b80000,0x00000000e9b80000,0x00000000eca80000)
 ParOldGen       total 343552K, used 266350K [0x0000000080000000, 0x0000000094f80000, 0x00000000d5580000)
  object space 343552K, 77% used [0x0000000080000000,0x000000009041bb20,0x0000000094f80000)
 Metaspace       used 164203K, committed 166720K, reserved 622592K
  class space    used 22008K, committed 23168K, reserved 425984K
}
Event: 212.988 GC heap after
{Heap after GC invocations=66 (full 6):
 PSYoungGen      total 328704K, used 18474K [0x00000000d5580000, 0x00000000ec580000, 0x0000000100000000)
  eden space 285696K, 0% used [0x00000000d5580000,0x00000000d5580000,0x00000000e6c80000)
  from space 43008K, 42% used [0x00000000e9b80000,0x00000000ead8a8b8,0x00000000ec580000)
  to   space 45568K, 0% used [0x00000000e6c80000,0x00000000e6c80000,0x00000000e9900000)
 ParOldGen       total 343552K, used 268006K [0x0000000080000000, 0x0000000094f80000, 0x00000000d5580000)
  object space 343552K, 78% used [0x0000000080000000,0x00000000905b9b20,0x0000000094f80000)
 Metaspace       used 164203K, committed 166720K, reserved 622592K
  class space    used 22008K, committed 23168K, reserved 425984K
}
Event: 215.189 GC heap before
{Heap before GC invocations=67 (full 6):
 PSYoungGen      total 328704K, used 304170K [0x00000000d5580000, 0x00000000ec580000, 0x0000000100000000)
  eden space 285696K, 100% used [0x00000000d5580000,0x00000000e6c80000,0x00000000e6c80000)
  from space 43008K, 42% used [0x00000000e9b80000,0x00000000ead8a8b8,0x00000000ec580000)
  to   space 45568K, 0% used [0x00000000e6c80000,0x00000000e6c80000,0x00000000e9900000)
 ParOldGen       total 343552K, used 268006K [0x0000000080000000, 0x0000000094f80000, 0x00000000d5580000)
  object space 343552K, 78% used [0x0000000080000000,0x00000000905b9b20,0x0000000094f80000)
 Metaspace       used 164267K, committed 166848K, reserved 622592K
  class space    used 22020K, committed 23232K, reserved 425984K
}
Event: 215.238 GC heap after
{Heap after GC invocations=67 (full 6):
 PSYoungGen      total 331264K, used 43556K [0x00000000d5580000, 0x00000000ef000000, 0x0000000100000000)
  eden space 285696K, 0% used [0x00000000d5580000,0x00000000d5580000,0x00000000e6c80000)
  from space 45568K, 95% used [0x00000000e6c80000,0x00000000e97090b0,0x00000000e9900000)
  to   space 51712K, 0% used [0x00000000ebd80000,0x00000000ebd80000,0x00000000ef000000)
 ParOldGen       total 343552K, used 268142K [0x0000000080000000, 0x0000000094f80000, 0x00000000d5580000)
  object space 343552K, 78% used [0x0000000080000000,0x00000000905dbb20,0x0000000094f80000)
 Metaspace       used 164267K, committed 166848K, reserved 622592K
  class space    used 22020K, committed 23232K, reserved 425984K
}
Event: 217.144 GC heap before
{Heap before GC invocations=68 (full 6):
 PSYoungGen      total 331264K, used 329252K [0x00000000d5580000, 0x00000000ef000000, 0x0000000100000000)
  eden space 285696K, 100% used [0x00000000d5580000,0x00000000e6c80000,0x00000000e6c80000)
  from space 45568K, 95% used [0x00000000e6c80000,0x00000000e97090b0,0x00000000e9900000)
  to   space 51712K, 0% used [0x00000000ebd80000,0x00000000ebd80000,0x00000000ef000000)
 ParOldGen       total 343552K, used 268142K [0x0000000080000000, 0x0000000094f80000, 0x00000000d5580000)
  object space 343552K, 78% used [0x0000000080000000,0x00000000905dbb20,0x0000000094f80000)
 Metaspace       used 164410K, committed 166976K, reserved 622592K
  class space    used 22032K, committed 23232K, reserved 425984K
}
Event: 217.207 GC heap after
{Heap after GC invocations=68 (full 6):
 PSYoungGen      total 357888K, used 51708K [0x00000000d5580000, 0x00000000f0780000, 0x0000000100000000)
  eden space 306176K, 0% used [0x00000000d5580000,0x00000000d5580000,0x00000000e8080000)
  from space 51712K, 99% used [0x00000000ebd80000,0x00000000eefff3a0,0x00000000ef000000)
  to   space 62464K, 0% used [0x00000000e8080000,0x00000000e8080000,0x00000000ebd80000)
 ParOldGen       total 343552K, used 276947K [0x0000000080000000, 0x0000000094f80000, 0x00000000d5580000)
  object space 343552K, 80% used [0x0000000080000000,0x0000000090e74e78,0x0000000094f80000)
 Metaspace       used 164410K, committed 166976K, reserved 622592K
  class space    used 22032K, committed 23232K, reserved 425984K
}
Event: 219.364 GC heap before
{Heap before GC invocations=69 (full 6):
 PSYoungGen      total 357888K, used 357884K [0x00000000d5580000, 0x00000000f0780000, 0x0000000100000000)
  eden space 306176K, 100% used [0x00000000d5580000,0x00000000e8080000,0x00000000e8080000)
  from space 51712K, 99% used [0x00000000ebd80000,0x00000000eefff3a0,0x00000000ef000000)
  to   space 62464K, 0% used [0x00000000e8080000,0x00000000e8080000,0x00000000ebd80000)
 ParOldGen       total 343552K, used 276947K [0x0000000080000000, 0x0000000094f80000, 0x00000000d5580000)
  object space 343552K, 80% used [0x0000000080000000,0x0000000090e74e78,0x0000000094f80000)
 Metaspace       used 164468K, committed 167040K, reserved 622592K
  class space    used 22035K, committed 23232K, reserved 425984K
}
Event: 219.443 GC heap after
{Heap after GC invocations=69 (full 6):
 PSYoungGen      total 368640K, used 62454K [0x00000000d5580000, 0x00000000f3400000, 0x0000000100000000)
  eden space 306176K, 0% used [0x00000000d5580000,0x00000000d5580000,0x00000000e8080000)
  from space 62464K, 99% used [0x00000000e8080000,0x00000000ebd7dad0,0x00000000ebd80000)
  to   space 72704K, 0% used [0x00000000eed00000,0x00000000eed00000,0x00000000f3400000)
 ParOldGen       total 343552K, used 277955K [0x0000000080000000, 0x0000000094f80000, 0x00000000d5580000)
  object space 343552K, 80% used [0x0000000080000000,0x0000000090f70e78,0x0000000094f80000)
 Metaspace       used 164468K, committed 167040K, reserved 622592K
  class space    used 22035K, committed 23232K, reserved 425984K
}
Event: 221.674 GC heap before
{Heap before GC invocations=70 (full 6):
 PSYoungGen      total 368640K, used 368630K [0x00000000d5580000, 0x00000000f3400000, 0x0000000100000000)
  eden space 306176K, 100% used [0x00000000d5580000,0x00000000e8080000,0x00000000e8080000)
  from space 62464K, 99% used [0x00000000e8080000,0x00000000ebd7dad0,0x00000000ebd80000)
  to   space 72704K, 0% used [0x00000000eed00000,0x00000000eed00000,0x00000000f3400000)
 ParOldGen       total 343552K, used 277955K [0x0000000080000000, 0x0000000094f80000, 0x00000000d5580000)
  object space 343552K, 80% used [0x0000000080000000,0x0000000090f70e78,0x0000000094f80000)
 Metaspace       used 164561K, committed 167104K, reserved 622592K
  class space    used 22041K, committed 23232K, reserved 425984K
}
Event: 221.758 GC heap after
{Heap after GC invocations=70 (full 6):
 PSYoungGen      total 415232K, used 35016K [0x00000000d5580000, 0x00000000f3080000, 0x0000000100000000)
  eden space 346112K, 0% used [0x00000000d5580000,0x00000000d5580000,0x00000000ea780000)
  from space 69120K, 50% used [0x00000000eed00000,0x00000000f0f320b0,0x00000000f3080000)
  to   space 70144K, 0% used [0x00000000ea780000,0x00000000ea780000,0x00000000eec00000)
 ParOldGen       total 343552K, used 305404K [0x0000000080000000, 0x0000000094f80000, 0x00000000d5580000)
  object space 343552K, 88% used [0x0000000080000000,0x0000000092a3f0d8,0x0000000094f80000)
 Metaspace       used 164561K, committed 167104K, reserved 622592K
  class space    used 22041K, committed 23232K, reserved 425984K
}
Event: 223.928 GC heap before
{Heap before GC invocations=71 (full 6):
 PSYoungGen      total 415232K, used 381128K [0x00000000d5580000, 0x00000000f3080000, 0x0000000100000000)
  eden space 346112K, 100% used [0x00000000d5580000,0x00000000ea780000,0x00000000ea780000)
  from space 69120K, 50% used [0x00000000eed00000,0x00000000f0f320b0,0x00000000f3080000)
  to   space 70144K, 0% used [0x00000000ea780000,0x00000000ea780000,0x00000000eec00000)
 ParOldGen       total 343552K, used 305404K [0x0000000080000000, 0x0000000094f80000, 0x00000000d5580000)
  object space 343552K, 88% used [0x0000000080000000,0x0000000092a3f0d8,0x0000000094f80000)
 Metaspace       used 164587K, committed 167168K, reserved 622592K
  class space    used 22046K, committed 23232K, reserved 425984K
}
Event: 225.097 GC heap after
{Heap after GC invocations=71 (full 6):
 PSYoungGen      total 416256K, used 3392K [0x00000000d5580000, 0x00000000f3080000, 0x0000000100000000)
  eden space 346112K, 0% used [0x00000000d5580000,0x00000000d5580000,0x00000000ea780000)
  from space 70144K, 4% used [0x00000000ea780000,0x00000000eaad0000,0x00000000eec00000)
  to   space 69120K, 0% used [0x00000000eed00000,0x00000000eed00000,0x00000000f3080000)
 ParOldGen       total 343552K, used 337228K [0x0000000080000000, 0x0000000094f80000, 0x00000000d5580000)
  object space 343552K, 98% used [0x0000000080000000,0x0000000094953250,0x0000000094f80000)
 Metaspace       used 164587K, committed 167168K, reserved 622592K
  class space    used 22046K, committed 23232K, reserved 425984K
}
Event: 225.097 GC heap before
{Heap before GC invocations=72 (full 7):
 PSYoungGen      total 416256K, used 3392K [0x00000000d5580000, 0x00000000f3080000, 0x0000000100000000)
  eden space 346112K, 0% used [0x00000000d5580000,0x00000000d5580000,0x00000000ea780000)
  from space 70144K, 4% used [0x00000000ea780000,0x00000000eaad0000,0x00000000eec00000)
  to   space 69120K, 0% used [0x00000000eed00000,0x00000000eed00000,0x00000000f3080000)
 ParOldGen       total 343552K, used 337228K [0x0000000080000000, 0x0000000094f80000, 0x00000000d5580000)
  object space 343552K, 98% used [0x0000000080000000,0x0000000094953250,0x0000000094f80000)
 Metaspace       used 164587K, committed 167168K, reserved 622592K
  class space    used 22046K, committed 23232K, reserved 425984K
}
Event: 231.999 GC heap after
{Heap after GC invocations=72 (full 7):
 PSYoungGen      total 415232K, used 0K [0x00000000d5580000, 0x00000000f3080000, 0x0000000100000000)
  eden space 346112K, 0% used [0x00000000d5580000,0x00000000d5580000,0x00000000ea780000)
  from space 69120K, 0% used [0x00000000eed00000,0x00000000eed00000,0x00000000f3080000)
  to   space 70144K, 0% used [0x00000000ea780000,0x00000000ea780000,0x00000000eec00000)
 ParOldGen       total 343552K, used 326571K [0x0000000080000000, 0x0000000094f80000, 0x00000000d5580000)
  object space 343552K, 95% used [0x0000000080000000,0x0000000093eeaf80,0x0000000094f80000)
 Metaspace       used 163177K, committed 166272K, reserved 622592K
  class space    used 21943K, committed 23232K, reserved 425984K
}
Event: 233.724 GC heap before
{Heap before GC invocations=73 (full 8):
 PSYoungGen      total 415232K, used 346112K [0x00000000d5580000, 0x00000000f3080000, 0x0000000100000000)
  eden space 346112K, 100% used [0x00000000d5580000,0x00000000ea780000,0x00000000ea780000)
  from space 69120K, 0% used [0x00000000eed00000,0x00000000eed00000,0x00000000f3080000)
  to   space 70144K, 0% used [0x00000000ea780000,0x00000000ea780000,0x00000000eec00000)
 ParOldGen       total 343552K, used 326571K [0x0000000080000000, 0x0000000094f80000, 0x00000000d5580000)
  object space 343552K, 95% used [0x0000000080000000,0x0000000093eeaf80,0x0000000094f80000)
 Metaspace       used 163179K, committed 166272K, reserved 622592K
  class space    used 21945K, committed 23232K, reserved 425984K
}
Event: 238.212 GC heap after
{Heap after GC invocations=73 (full 8):
 PSYoungGen      total 416256K, used 0K [0x00000000d5580000, 0x00000000f5800000, 0x0000000100000000)
  eden space 346112K, 0% used [0x00000000d5580000,0x00000000d5580000,0x00000000ea780000)
  from space 70144K, 0% used [0x00000000ea780000,0x00000000ea780000,0x00000000eec00000)
  to   space 71168K, 0% used [0x00000000f1280000,0x00000000f1280000,0x00000000f5800000)
 ParOldGen       total 343552K, used 324821K [0x0000000080000000, 0x0000000094f80000, 0x00000000d5580000)
  object space 343552K, 94% used [0x0000000080000000,0x0000000093d357a8,0x0000000094f80000)
 Metaspace       used 163179K, committed 166272K, reserved 622592K
  class space    used 21945K, committed 23232K, reserved 425984K
}

Deoptimization events (20 events):
Event: 233.493 Thread 0x000002db345cc040 DEOPT PACKING pc=0x000002db08cfc1d8 sp=0x000000dd5b9f9210
Event: 233.493 Thread 0x000002db345cc040 DEOPT UNPACKING pc=0x000002db075820a3 sp=0x000000dd5b9f9140 mode 2
Event: 233.524 Thread 0x000002db366f2690 DEOPT PACKING pc=0x000002db0327d232 sp=0x000000dd5c8f66d0
Event: 233.524 Thread 0x000002db366f2690 DEOPT UNPACKING pc=0x000002db07582843 sp=0x000000dd5c8f5df0 mode 0
Event: 233.576 Thread 0x000002db345cc040 DEOPT PACKING pc=0x000002db0362ed02 sp=0x000000dd5b9fa630
Event: 233.577 Thread 0x000002db345cc040 DEOPT UNPACKING pc=0x000002db07582843 sp=0x000000dd5b9f9f00 mode 0
Event: 233.595 Thread 0x000002db366f2690 DEOPT PACKING pc=0x000002db0357ea73 sp=0x000000dd5c8f6970
Event: 233.595 Thread 0x000002db366f2690 DEOPT UNPACKING pc=0x000002db07582843 sp=0x000000dd5c8f5ef0 mode 0
Event: 233.623 Thread 0x000002db345cc040 Uncommon trap: trap_request=0xffffffde fr.pc=0x000002db08caef94 relative=0x0000000000000474
Event: 233.623 Thread 0x000002db345cc040 Uncommon trap: reason=class_check action=maybe_recompile pc=0x000002db08caef94 method=com.android.tools.r8.internal.f9.a(Lcom/android/tools/r8/internal/Fy;Lcom/android/tools/r8/internal/Fy;)Z @ 142 c2
Event: 233.623 Thread 0x000002db345cc040 DEOPT PACKING pc=0x000002db08caef94 sp=0x000000dd5b9fa330
Event: 233.623 Thread 0x000002db345cc040 DEOPT UNPACKING pc=0x000002db075820a3 sp=0x000000dd5b9fa2b8 mode 2
Event: 233.626 Thread 0x000002db345cc040 DEOPT PACKING pc=0x000002db02e392d0 sp=0x000000dd5b9f99c0
Event: 233.626 Thread 0x000002db345cc040 DEOPT UNPACKING pc=0x000002db07582843 sp=0x000000dd5b9f90b8 mode 0
Event: 238.265 Thread 0x000002db366f2690 DEOPT PACKING pc=0x000002db0362ed02 sp=0x000000dd5c8f7050
Event: 238.265 Thread 0x000002db366f2690 DEOPT UNPACKING pc=0x000002db07582843 sp=0x000000dd5c8f6920 mode 0
Event: 238.275 Thread 0x000002db345cc040 DEOPT PACKING pc=0x000002db035fca57 sp=0x000000dd5b9fa470
Event: 238.275 Thread 0x000002db345cc040 DEOPT UNPACKING pc=0x000002db07582843 sp=0x000000dd5b9f9a48 mode 0
Event: 239.385 Thread 0x000002db366f2690 DEOPT PACKING pc=0x000002db0362ecd3 sp=0x000000dd5c8f7050
Event: 239.385 Thread 0x000002db366f2690 DEOPT UNPACKING pc=0x000002db07582843 sp=0x000000dd5c8f6920 mode 0

Classes unloaded (20 events):
Event: 225.281 Thread 0x000002db73f77ae0 Unloading class 0x000002db112db800 'jdk/internal/jimage/ImageHeader'
Event: 225.281 Thread 0x000002db73f77ae0 Unloading class 0x000002db112dadc8 'jdk/internal/jimage/BasicImageReader$2'
Event: 225.281 Thread 0x000002db73f77ae0 Unloading class 0x000002db112dab98 'jdk/internal/jimage/BasicImageReader$1'
Event: 225.281 Thread 0x000002db73f77ae0 Unloading class 0x000002db112da930 'jdk/internal/jimage/ImageReader$Resource'
Event: 225.281 Thread 0x000002db73f77ae0 Unloading class 0x000002db112da6c8 'jdk/internal/jimage/ImageReader$LinkNode'
Event: 225.281 Thread 0x000002db73f77ae0 Unloading class 0x000002db112da460 'jdk/internal/jimage/ImageReader$Directory'
Event: 225.282 Thread 0x000002db73f77ae0 Unloading class 0x000002db112da1f8 'jdk/internal/jimage/ImageReader$Node'
Event: 225.282 Thread 0x000002db73f77ae0 Unloading class 0x000002db112da000 'jdk/internal/jimage/ImageStrings'
Event: 225.283 Thread 0x000002db73f77ae0 Unloading class 0x000002db112d9b50 'jdk/internal/jimage/ImageReader$SharedImageReader'
Event: 225.283 Thread 0x000002db73f77ae0 Unloading class 0x000002db112d9890 'jdk/internal/jimage/BasicImageReader'
Event: 225.283 Thread 0x000002db73f77ae0 Unloading class 0x000002db112d9670 'jdk/internal/jimage/ImageReader'
Event: 225.283 Thread 0x000002db73f77ae0 Unloading class 0x000002db112d9448 'jdk/internal/jrtfs/SystemImage$2'
Event: 225.283 Thread 0x000002db73f77ae0 Unloading class 0x000002db112d9230 'jdk/internal/jrtfs/SystemImage$$Lambda$2810+0x000002db112d9230'
Event: 225.283 Thread 0x000002db73f77ae0 Unloading class 0x000002db112d9000 'jdk/internal/jrtfs/ExplodedImage'
Event: 225.283 Thread 0x000002db73f77ae0 Unloading class 0x000002db112d8dc8 'jdk/internal/jrtfs/SystemImage$1'
Event: 225.283 Thread 0x000002db73f77ae0 Unloading class 0x000002db112d8bb0 'jdk/internal/jrtfs/SystemImage'
Event: 225.283 Thread 0x000002db73f77ae0 Unloading class 0x000002db112d8950 'jdk/internal/jrtfs/JrtFileStore'
Event: 225.283 Thread 0x000002db73f77ae0 Unloading class 0x000002db112d85d8 'jdk/internal/jrtfs/JrtPath'
Event: 225.283 Thread 0x000002db73f77ae0 Unloading class 0x000002db112d82e0 'jdk/internal/jrtfs/JrtFileSystem'
Event: 225.283 Thread 0x000002db73f77ae0 Unloading class 0x000002db112d8000 'jdk/internal/jrtfs/JrtFileSystemProvider'

Classes redefined (0 events):
No events

Internal exceptions (20 events):
Event: 206.343 Thread 0x000002db33ea2e90 Exception <a 'sun/nio/fs/WindowsException'{0x00000000dc1a41f8}> (0x00000000dc1a41f8) 
thrown [s\open\src\hotspot\share\prims\jni.cpp, line 516]
Event: 206.375 Thread 0x000002db33ea2e90 Exception <a 'sun/nio/fs/WindowsException'{0x00000000dc363db8}> (0x00000000dc363db8) 
thrown [s\open\src\hotspot\share\prims\jni.cpp, line 516]
Event: 207.432 Thread 0x000002db4179fde0 Exception <a 'sun/nio/fs/WindowsException'{0x00000000e11e8ca8}> (0x00000000e11e8ca8) 
thrown [s\open\src\hotspot\share\prims\jni.cpp, line 516]
Event: 207.464 Thread 0x000002db4179fde0 Exception <a 'sun/nio/fs/WindowsException'{0x00000000e169c398}> (0x00000000e169c398) 
thrown [s\open\src\hotspot\share\prims\jni.cpp, line 516]
Event: 207.465 Thread 0x000002db4179fde0 Exception <a 'sun/nio/fs/WindowsException'{0x00000000e169ce30}> (0x00000000e169ce30) 
thrown [s\open\src\hotspot\share\prims\jni.cpp, line 516]
Event: 207.466 Thread 0x000002db4179fde0 Exception <a 'sun/nio/fs/WindowsException'{0x00000000e169d2b0}> (0x00000000e169d2b0) 
thrown [s\open\src\hotspot\share\prims\jni.cpp, line 516]
Event: 207.467 Thread 0x000002db4179fde0 Exception <a 'sun/nio/fs/WindowsException'{0x00000000e169e550}> (0x00000000e169e550) 
thrown [s\open\src\hotspot\share\prims\jni.cpp, line 516]
Event: 207.493 Thread 0x000002db4179fde0 Exception <a 'sun/nio/fs/WindowsException'{0x00000000e184d728}> (0x00000000e184d728) 
thrown [s\open\src\hotspot\share\prims\jni.cpp, line 516]
Event: 207.742 Thread 0x000002db366f2690 Exception <a 'sun/nio/fs/WindowsException'{0x00000000db7f82a8}> (0x00000000db7f82a8) 
thrown [s\open\src\hotspot\share\prims\jni.cpp, line 516]
Event: 207.787 Thread 0x000002db345cc040 Exception <a 'sun/nio/fs/WindowsException'{0x00000000e208c410}> (0x00000000e208c410) 
thrown [s\open\src\hotspot\share\prims\jni.cpp, line 516]
Event: 207.788 Thread 0x000002db345cc040 Exception <a 'sun/nio/fs/WindowsException'{0x00000000e208c4d0}> (0x00000000e208c4d0) 
thrown [s\open\src\hotspot\share\prims\jni.cpp, line 516]
Event: 207.789 Thread 0x000002db345cc040 Exception <a 'sun/nio/fs/WindowsException'{0x00000000e208c9e0}> (0x00000000e208c9e0) 
thrown [s\open\src\hotspot\share\prims\jni.cpp, line 516]
Event: 207.942 Thread 0x000002db366f2690 Exception <a 'sun/nio/fs/WindowsException'{0x00000000e33be898}> (0x00000000e33be898) 
thrown [s\open\src\hotspot\share\prims\jni.cpp, line 516]
Event: 209.424 Thread 0x000002db366f2690 Exception <a 'java/lang/NoSuchMethodError'{0x00000000dc0b2ee0}: 'java.lang.Object java.lang.invoke.DirectMethodHandle$Holder.newInvokeSpecial(java.lang.Object, int, java.lang.Object, java.lang.Object, java.lang.Object, java.lang.Object)'> (0x00000000dc0b2ee0) 
thrown [s\open\src\hotspot\share\interpreter\linkResolver.cpp, line 759]
Event: 209.732 Thread 0x000002db366f2690 Implicit null exception at 0x000002db08df5a67 to 0x000002db08df8580
Event: 212.703 Thread 0x000002db345cc040 Exception <a 'sun/nio/fs/WindowsException'{0x00000000e3509250}> (0x00000000e3509250) 
thrown [s\open\src\hotspot\share\prims\jni.cpp, line 516]
Event: 214.379 Thread 0x000002db366f2690 Exception <a 'java/lang/NoSuchMethodError'{0x00000000df2cd6c0}: 'void java.lang.invoke.DirectMethodHandle$Holder.invokeSpecialIFC(java.lang.Object, java.lang.Object, java.lang.Object, java.lang.Object)'> (0x00000000df2cd6c0) 
thrown [s\open\src\hotspot\share\interpreter\linkResolver.cpp, line 759]
Event: 215.691 Thread 0x000002db366f2690 Implicit null exception at 0x000002db08376fcf to 0x000002db0837710c
Event: 216.088 Thread 0x000002db366f2690 Exception <a 'sun/nio/fs/WindowsException'{0x00000000dba0da98}> (0x00000000dba0da98) 
thrown [s\open\src\hotspot\share\prims\jni.cpp, line 516]
Event: 216.476 Thread 0x000002db366f2690 Exception <a 'sun/nio/fs/WindowsException'{0x00000000df5b2750}> (0x00000000df5b2750) 
thrown [s\open\src\hotspot\share\prims\jni.cpp, line 516]

VM Operations (20 events):
Event: 219.543 Executing VM operation: HandshakeAllThreads done
Event: 220.549 Executing VM operation: Cleanup
Event: 220.550 Executing VM operation: Cleanup done
Event: 221.552 Executing VM operation: Cleanup
Event: 221.553 Executing VM operation: Cleanup done
Event: 221.674 Executing VM operation: ParallelGCFailedAllocation
Event: 221.758 Executing VM operation: ParallelGCFailedAllocation done
Event: 222.424 Executing VM operation: HandshakeAllThreads
Event: 222.425 Executing VM operation: HandshakeAllThreads done
Event: 223.431 Executing VM operation: Cleanup
Event: 223.431 Executing VM operation: Cleanup done
Event: 223.927 Executing VM operation: ParallelGCFailedAllocation
Event: 231.999 Executing VM operation: ParallelGCFailedAllocation done
Event: 233.004 Executing VM operation: Cleanup
Event: 233.005 Executing VM operation: Cleanup done
Event: 233.724 Executing VM operation: ParallelGCFailedAllocation
Event: 238.213 Executing VM operation: ParallelGCFailedAllocation done
Event: 238.228 Executing VM operation: HandshakeAllThreads
Event: 238.228 Executing VM operation: HandshakeAllThreads done
Event: 239.230 Executing VM operation: Cleanup

Events (20 events):
Event: 238.278 Thread 0x000002db2b697730 flushing nmethod 0x000002db03019990
Event: 238.278 Thread 0x000002db2b697730 flushing nmethod 0x000002db03096b10
Event: 238.278 Thread 0x000002db2b697730 flushing nmethod 0x000002db03098a90
Event: 238.278 Thread 0x000002db2b697730 flushing nmethod 0x000002db030ab590
Event: 238.278 Thread 0x000002db2b697730 flushing nmethod 0x000002db030fff10
Event: 238.279 Thread 0x000002db2b697730 flushing nmethod 0x000002db03146010
Event: 238.279 Thread 0x000002db2b697730 flushing nmethod 0x000002db03186f90
Event: 238.279 Thread 0x000002db2b697730 flushing nmethod 0x000002db03224490
Event: 238.279 Thread 0x000002db2b697730 flushing nmethod 0x000002db03236190
Event: 238.279 Thread 0x000002db2b697730 flushing nmethod 0x000002db03250b10
Event: 238.279 Thread 0x000002db2b697730 flushing nmethod 0x000002db03250f10
Event: 238.279 Thread 0x000002db2b697730 flushing nmethod 0x000002db03251490
Event: 238.279 Thread 0x000002db2b697730 flushing nmethod 0x000002db03251f10
Event: 238.279 Thread 0x000002db2b697730 flushing nmethod 0x000002db03252310
Event: 238.279 Thread 0x000002db2b697730 flushing nmethod 0x000002db03258e10
Event: 238.280 Thread 0x000002db2b697730 flushing nmethod 0x000002db0326cf90
Event: 238.280 Thread 0x000002db2b697730 flushing nmethod 0x000002db03295510
Event: 238.280 Thread 0x000002db2b697730 flushing nmethod 0x000002db03379210
Event: 238.281 Thread 0x000002db2b697730 flushing nmethod 0x000002db03468d90
Event: 238.282 Thread 0x000002db2b697730 flushing nmethod 0x000002db03509810


Dynamic libraries:
0x00007ff7636f0000 - 0x00007ff763700000 	C:\Program Files\Java\jdk-17\bin\java.exe
0x00007ffcd11a0000 - 0x00007ffcd1407000 	C:\WINDOWS\SYSTEM32\ntdll.dll
0x00007ffccfd30000 - 0x00007ffccfdf9000 	C:\WINDOWS\System32\KERNEL32.DLL
0x00007ffcce500000 - 0x00007ffcce8f1000 	C:\WINDOWS\System32\KERNELBASE.dll
0x00007ffccdb10000 - 0x00007ffccdc5b000 	C:\WINDOWS\System32\ucrtbase.dll
0x00007ffca25b0000 - 0x00007ffca25cb000 	C:\Program Files\Java\jdk-17\bin\VCRUNTIME140.dll
0x00007ffcc8d50000 - 0x00007ffcc8d69000 	C:\Program Files\Java\jdk-17\bin\jli.dll
0x00007ffcd09e0000 - 0x00007ffcd0a9b000 	C:\WINDOWS\System32\ADVAPI32.dll
0x00007ffcd0140000 - 0x00007ffcd01e9000 	C:\WINDOWS\System32\msvcrt.dll
0x00007ffccefc0000 - 0x00007ffccf067000 	C:\WINDOWS\System32\sechost.dll
0x00007ffccf400000 - 0x00007ffccf518000 	C:\WINDOWS\System32\RPCRT4.dll
0x00007ffccf520000 - 0x00007ffccf6e5000 	C:\WINDOWS\System32\USER32.dll
0x00007ffccdc60000 - 0x00007ffccdc87000 	C:\WINDOWS\System32\win32u.dll
0x00007ffccfbd0000 - 0x00007ffccfbfb000 	C:\WINDOWS\System32\GDI32.dll
0x00007ffccea80000 - 0x00007ffccebab000 	C:\WINDOWS\System32\gdi32full.dll
0x00007ffcad510000 - 0x00007ffcad7a3000 	C:\WINDOWS\WinSxS\amd64_microsoft.windows.common-controls_6595b64144ccf1df_6.0.26100.8037_none_3e092faae333b53b\COMCTL32.dll
0x00007ffccec60000 - 0x00007ffcced03000 	C:\WINDOWS\System32\msvcp_win.dll
0x00007ffccb6b0000 - 0x00007ffccb6bb000 	C:\WINDOWS\SYSTEM32\VERSION.dll
0x00007ffccf850000 - 0x00007ffccf881000 	C:\WINDOWS\System32\IMM32.DLL
0x00007ffcab260000 - 0x00007ffcab26c000 	C:\Program Files\Java\jdk-17\bin\vcruntime140_1.dll
0x00007ffc7f4e0000 - 0x00007ffc7f56e000 	C:\Program Files\Java\jdk-17\bin\msvcp140.dll
0x00007ffc441c0000 - 0x00007ffc44da0000 	C:\Program Files\Java\jdk-17\bin\server\jvm.dll
0x00007ffcd1150000 - 0x00007ffcd1158000 	C:\WINDOWS\System32\PSAPI.DLL
0x00007ffca5c40000 - 0x00007ffca5c4a000 	C:\WINDOWS\SYSTEM32\WSOCK32.dll
0x00007ffccef40000 - 0x00007ffccefb4000 	C:\WINDOWS\System32\WS2_32.dll
0x00007ffcc4b90000 - 0x00007ffcc4bc5000 	C:\WINDOWS\SYSTEM32\WINMM.dll
0x00007ffccc810000 - 0x00007ffccc82b000 	C:\WINDOWS\SYSTEM32\kernel.appcore.dll
0x00007ffcaaf40000 - 0x00007ffcaaf4a000 	C:\Program Files\Java\jdk-17\bin\jimage.dll
0x00007ffcc88a0000 - 0x00007ffcc8ae2000 	C:\WINDOWS\SYSTEM32\DBGHELP.DLL
0x00007ffccf070000 - 0x00007ffccf3f2000 	C:\WINDOWS\System32\combase.dll
0x00007ffccf770000 - 0x00007ffccf847000 	C:\WINDOWS\System32\OLEAUT32.dll
0x00007ffcad120000 - 0x00007ffcad15b000 	C:\WINDOWS\SYSTEM32\dbgcore.DLL
0x00007ffccebb0000 - 0x00007ffccec55000 	C:\WINDOWS\System32\bcryptPrimitives.dll
0x00007ffca3a80000 - 0x00007ffca3a8e000 	C:\Program Files\Java\jdk-17\bin\instrument.dll
0x00007ffca1b70000 - 0x00007ffca1b95000 	C:\Program Files\Java\jdk-17\bin\java.dll
0x00007ffc62250000 - 0x00007ffc62327000 	C:\Program Files\Java\jdk-17\bin\jsvml.dll
0x00007ffcd0270000 - 0x00007ffcd09cf000 	C:\WINDOWS\System32\SHELL32.dll
0x00007ffcced10000 - 0x00007ffccee7a000 	C:\WINDOWS\System32\wintypes.dll
0x00007ffccdc90000 - 0x00007ffcce4f4000 	C:\WINDOWS\System32\windows.storage.dll
0x00007ffccfe00000 - 0x00007ffccfef7000 	C:\WINDOWS\System32\SHCORE.dll
0x00007ffccfc00000 - 0x00007ffccfc67000 	C:\WINDOWS\System32\shlwapi.dll
0x00007ffccd9a0000 - 0x00007ffccd9c9000 	C:\WINDOWS\SYSTEM32\profapi.dll
0x00007ffc96eb0000 - 0x00007ffc96ec8000 	C:\Program Files\Java\jdk-17\bin\zip.dll
0x00007ffca1510000 - 0x00007ffca1529000 	C:\Program Files\Java\jdk-17\bin\net.dll
0x00007ffcc68e0000 - 0x00007ffcc6a07000 	C:\WINDOWS\SYSTEM32\WINHTTP.dll
0x00007ffcccd80000 - 0x00007ffcccdeb000 	C:\WINDOWS\system32\mswsock.dll
0x00007ffc9a260000 - 0x00007ffc9a276000 	C:\Program Files\Java\jdk-17\bin\nio.dll
0x00007ffca50a0000 - 0x00007ffca50b0000 	C:\Program Files\Java\jdk-17\bin\verify.dll
0x00007ffc96cf0000 - 0x00007ffc96d17000 	C:\Users\hp\.gradle\native\1def1411415f61bf3af743bc5b6707747c0891f09f0c88961ee8f79bc544acac\windows-amd64\native-platform.dll
0x00007ffc7e1e0000 - 0x00007ffc7e257000 	C:\Users\hp\.gradle\native\0.2.8\x86_64-windows-gnu\gradle-fileevents.dll
0x00007ffca94e0000 - 0x00007ffca94ea000 	C:\Program Files\Java\jdk-17\bin\management.dll
0x00007ffca5bf0000 - 0x00007ffca5bfb000 	C:\Program Files\Java\jdk-17\bin\management_ext.dll
0x00007ffccc230000 - 0x00007ffccc263000 	C:\WINDOWS\SYSTEM32\IPHLPAPI.DLL
0x00007ffcd1140000 - 0x00007ffcd114a000 	C:\WINDOWS\System32\NSI.dll
0x00007ffcc80b0000 - 0x00007ffcc80cd000 	C:\WINDOWS\SYSTEM32\dhcpcsvc6.DLL
0x00007ffcc8000000 - 0x00007ffcc8023000 	C:\WINDOWS\SYSTEM32\dhcpcsvc.DLL
0x00007ffccc2d0000 - 0x00007ffccc3fa000 	C:\WINDOWS\SYSTEM32\DNSAPI.dll
0x00007ffccd060000 - 0x00007ffccd07b000 	C:\WINDOWS\SYSTEM32\CRYPTSP.dll
0x00007ffccc770000 - 0x00007ffccc7a9000 	C:\WINDOWS\system32\rsaenh.dll
0x00007ffccce30000 - 0x00007ffccce62000 	C:\WINDOWS\SYSTEM32\USERENV.dll
0x00007ffccd970000 - 0x00007ffccd99a000 	C:\WINDOWS\SYSTEM32\bcrypt.dll
0x00007ffccd080000 - 0x00007ffccd08c000 	C:\WINDOWS\SYSTEM32\CRYPTBASE.dll
0x00007ffca25a0000 - 0x00007ffca25ae000 	C:\Program Files\Java\jdk-17\bin\sunmscapi.dll
0x00007ffcce900000 - 0x00007ffccea77000 	C:\WINDOWS\System32\CRYPT32.dll
0x00007ffccd280000 - 0x00007ffccd2b0000 	C:\WINDOWS\SYSTEM32\ncrypt.dll
0x00007ffccd230000 - 0x00007ffccd26f000 	C:\WINDOWS\SYSTEM32\NTASN1.dll
0x00007ffca4750000 - 0x00007ffca4758000 	C:\WINDOWS\system32\wshunix.dll
0x00007ffcc8c80000 - 0x00007ffcc8c87000 	C:\Program Files\Java\jdk-17\bin\rmi.dll
0x00007ffccc930000 - 0x00007ffccc966000 	C:\WINDOWS\SYSTEM32\ntmarta.dll

dbghelp: loaded successfully - version: 4.0.5 - missing functions: none
symbol engine: initialized successfully - sym options: 0x614 - pdb path: .;C:\Program Files\Java\jdk-17\bin;C:\WINDOWS\SYSTEM32;C:\WINDOWS\WinSxS\amd64_microsoft.windows.common-controls_6595b64144ccf1df_6.0.26100.8037_none_3e092faae333b53b;C:\Program Files\Java\jdk-17\bin\server;C:\Users\hp\.gradle\native\1def1411415f61bf3af743bc5b6707747c0891f09f0c88961ee8f79bc544acac\windows-amd64;C:\Users\hp\.gradle\native\0.2.8\x86_64-windows-gnu

VM Arguments:
jvm_args: --add-opens=java.base/java.lang=ALL-UNNAMED --add-opens=java.base/java.lang.invoke=ALL-UNNAMED --add-opens=java.base/java.util=ALL-UNNAMED --add-opens=java.prefs/java.util.prefs=ALL-UNNAMED --add-exports=jdk.compiler/com.sun.tools.javac.api=ALL-UNNAMED --add-exports=jdk.compiler/com.sun.tools.javac.util=ALL-UNNAMED --add-opens=java.base/java.util=ALL-UNNAMED --add-opens=java.prefs/java.util.prefs=ALL-UNNAMED --add-opens=java.base/java.nio.charset=ALL-UNNAMED --add-opens=java.base/java.net=ALL-UNNAMED --add-opens=java.base/java.util.concurrent=ALL-UNNAMED --add-opens=java.base/java.util.concurrent.atomic=ALL-UNNAMED --add-opens=java.xml/javax.xml.namespace=ALL-UNNAMED -XX:MaxMetaspaceSize=512m -XX:+UseParallelGC --add-opens=java.base/java.lang=ALL-UNNAMED --add-opens=java.base/java.util=ALL-UNNAMED --add-opens=java.base/java.io=ALL-UNNAMED --add-opens=java.base/java.lang.reflect=ALL-UNNAMED --add-opens=java.base/java.text=ALL-UNNAMED --add-opens=java.base/java.nio=ALL-UNNAMED --add-exports=jdk.unsupported/sun.misc=ALL-UNNAMED --enable-native-access=ALL-UNNAMED -Xmx2048m -Dfile.encoding=windows-1252 -Duser.country=IN -Duser.language=en -Duser.variant -javaagent:C:\Users\hp\.gradle\wrapper\dists\gradle-9.0.0-bin\d6wjpkvcgsg3oed0qlfss3wgl\gradle-9.0.0\lib\agents\gradle-instrumentation-agent-9.0.0.jar 
java_command: org.gradle.launcher.daemon.bootstrap.GradleDaemon 9.0.0
java_class_path (initial): C:\Users\hp\.gradle\wrapper\dists\gradle-9.0.0-bin\d6wjpkvcgsg3oed0qlfss3wgl\gradle-9.0.0\lib\gradle-daemon-main-9.0.0.jar
Launcher Type: SUN_STANDARD

[Global flags]
     intx CICompilerCount                          = 4                                         {product} {ergonomic}
   size_t CompressedClassSpaceSize                 = 436207616                                 {product} {ergonomic}
   size_t InitialHeapSize                          = 130023424                                 {product} {ergonomic}
   size_t MaxHeapSize                              = 2147483648                                {product} {command line}
   size_t MaxMetaspaceSize                         = 536870912                                 {product} {command line}
   size_t MaxNewSize                               = 715653120                                 {product} {ergonomic}
   size_t MinHeapDeltaBytes                        = 524288                                    {product} {ergonomic}
   size_t MinHeapSize                              = 8388608                                   {product} {ergonomic}
   size_t NewSize                                  = 42991616                                  {product} {ergonomic}
    uintx NonNMethodCodeHeapSize                   = 5839372                                {pd product} {ergonomic}
    uintx NonProfiledCodeHeapSize                  = 122909434                              {pd product} {ergonomic}
   size_t OldSize                                  = 87031808                                  {product} {ergonomic}
    uintx ProfiledCodeHeapSize                     = 122909434                              {pd product} {ergonomic}
    uintx ReservedCodeCacheSize                    = 251658240                              {pd product} {ergonomic}
     bool SegmentedCodeCache                       = true                                      {product} {ergonomic}
   size_t SoftMaxHeapSize                          = 2147483648                             {manageable} {ergonomic}
     bool UseCompressedClassPointers               = true                           {product lp64_product} {ergonomic}
     bool UseCompressedOops                        = true                           {product lp64_product} {ergonomic}
     bool UseLargePagesIndividualAllocation        = false                                  {pd product} {ergonomic}
     bool UseParallelGC                            = true                                      {product} {command line}

Logging:
Log output configuration:
 #0: stdout all=warning uptime,level,tags
 #1: stderr all=off uptime,level,tags

Environment Variables:
JAVA_HOME=C:\Program Files\Java\jdk-17
PATH=C:\Users\hp\bin;C:\Program Files\Git\mingw64\bin;C:\Program Files\Git\usr\local\bin;C:\Program Files\Git\usr\bin;C:\Program Files\Git\usr\bin;C:\Program Files\Git\mingw64\bin;C:\Program Files\Git\usr\bin;C:\Users\hp\bin;C:\Program Files\Common Files\Oracle\Java\javapath;C:\WINDOWS\system32;C:\WINDOWS;C:\WINDOWS\system32\Wbem;C:\WINDOWS\System32\WindowsPowerShell\v1.0;C:\WINDOWS\System32\OpenSSH;C:\Program Files\Microsoft VS Code\bin;C:\Users\hp\Downloads\jdk-20_windows-x64_bin.exe;C:\Program Files\MySQL\MySQL Server 8.0\bin;C:\Program Files\php-8.2.11;C:\ProgramData\chocolatey\bin;C:\Users\hp\AppData\Local\nvm;C:\nvm4w\nodejs;C:\Program Files\Git\cmd;C:\Program Files\nodejs;C:\WINDOWS\System32\Wbem;C:\Program Files\Java\jdk-17\bin;C:\Users\hp\AppData\Local\Android\Sdk\platform-tools;C:\src\flutter\flutter\bin;C:\Program Files\MySQL\MySQL Shell 8.0\bin;C:\Users\hp\AppData\Local\Microsoft\WindowsApps;C:\MinGW\bin;C:\Users\hp\AppData\Local\GitHubDesktop\bin;C:\Users\hp\AppData\Local\nvm;C:\nvm4w\nodejs;C:\Users\hp\AppData\Roaming\npm;C:\Users\hp\AppData\Local\Microsoft\WindowsApps;C:\flutter\bin;C:\Users\hp\AppData\Local\Programs\Antigravity\bin;C:\src\flutter\flutter\bin;C:\Program Files\Git\usr\bin\vendor_perl;C:\Program Files\Git\usr\bin\core_perl
USERNAME=hp
SHELL=C:\Program Files\Git\usr\bin\bash.exe
OS=Windows_NT
PROCESSOR_IDENTIFIER=Intel64 Family 6 Model 154 Stepping 4, GenuineIntel



---------------  S Y S T E M  ---------------

OS:
 Windows 11 , 64 bit Build 26100 (10.0.26100.7920)
OS uptime: 0 days 4:29 hours
Hyper-V role detected

CPU: total 12 (initial active 12) (6 cores per cpu, 2 threads per core) family 6 model 154 stepping 4 microcode 0x42c, cx8, cmov, fxsr, ht, mmx, 3dnowpref, sse, sse2, sse3, ssse3, sse4.1, sse4.2, popcnt, lzcnt, tsc, tscinvbit, avx, avx2, aes, erms, clmul, bmi1, bmi2, adx, sha, fma, vzeroupper, clflush, clflushopt, clwb, hv

Memory: 4k page, system-wide physical 7863M (645M free)
TotalPageFile size 24247M (AvailPageFile size 16M)
current process WorkingSet (physical memory assigned to process): 1162M, peak: 1165M
current process commit charge ("private bytes"): 1434M, peak: 2424M

vm_info: Java HotSpot(TM) 64-Bit Server VM (17.0.12+8-LTS-286) for windows-amd64 JRE (17.0.12+8-LTS-286), built on Jun  5 2024 06:46:59 by "mach5one" with MS VC++ 17.6 (VS2022)

END.
