#
# There is insufficient memory for the Java Runtime Environment to continue.
# Native memory allocation (malloc) failed to allocate 1602496 bytes for Chunk::new
# Possible reasons:
#   The system is out of physical RAM or swap space
#   The process is running with CompressedOops enabled, and the Java Heap may be blocking the growth of the native heap
# Possible solutions:
#   Reduce memory load on the system
#   Increase physical memory or swap space
#   Check if swap backing store is full
#   Decrease Java heap size (-Xmx/-Xms)
#   Decrease number of Java threads
#   Decrease Java thread stack sizes (-Xss)
#   Set larger code cache with -XX:ReservedCodeCacheSize=
#   JVM is running with Unscaled Compressed Oops mode in which the Java heap is
#     placed in the first 4GB address space. The Java Heap base address is the
#     maximum limit for the native heap growth. Please use -XX:HeapBaseMinAddress
#     to set the Java Heap base and to place the Java Heap above 4GB virtual address.
# This output file may be truncated or incomplete.
#
#  Out of Memory Error (arena.cpp:189), pid=19852, tid=22192
#
# JRE version: Java(TM) SE Runtime Environment (17.0.12+8) (build 17.0.12+8-LTS-286)
# Java VM: Java HotSpot(TM) 64-Bit Server VM (17.0.12+8-LTS-286, mixed mode, sharing, tiered, compressed oops, compressed class ptrs, parallel gc, windows-amd64)
# No core dump will be written. Minidumps are not enabled by default on client versions of Windows
#

---------------  S U M M A R Y ------------

Command Line: --add-opens=java.base/java.lang=ALL-UNNAMED --add-opens=java.base/java.lang.invoke=ALL-UNNAMED --add-opens=java.base/java.util=ALL-UNNAMED --add-opens=java.prefs/java.util.prefs=ALL-UNNAMED --add-exports=jdk.compiler/com.sun.tools.javac.api=ALL-UNNAMED --add-exports=jdk.compiler/com.sun.tools.javac.util=ALL-UNNAMED --add-opens=java.base/java.util=ALL-UNNAMED --add-opens=java.prefs/java.util.prefs=ALL-UNNAMED --add-opens=java.base/java.nio.charset=ALL-UNNAMED --add-opens=java.base/java.net=ALL-UNNAMED --add-opens=java.base/java.util.concurrent=ALL-UNNAMED --add-opens=java.base/java.util.concurrent.atomic=ALL-UNNAMED --add-opens=java.xml/javax.xml.namespace=ALL-UNNAMED -XX:MaxMetaspaceSize=512m -XX:+UseParallelGC --add-opens=java.base/java.lang=ALL-UNNAMED --add-opens=java.base/java.util=ALL-UNNAMED --add-opens=java.base/java.io=ALL-UNNAMED --add-opens=java.base/java.lang.reflect=ALL-UNNAMED --add-opens=java.base/java.text=ALL-UNNAMED --add-opens=java.base/java.nio=ALL-UNNAMED --add-exports=jdk.unsupported/sun.misc=ALL-UNNAMED --enable-native-access=ALL-UNNAMED -Xmx2048m -Dfile.encoding=windows-1252 -Duser.country=IN -Duser.language=en -Duser.variant -javaagent:C:\Users\hp\.gradle\wrapper\dists\gradle-9.0.0-bin\d6wjpkvcgsg3oed0qlfss3wgl\gradle-9.0.0\lib\agents\gradle-instrumentation-agent-9.0.0.jar org.gradle.launcher.daemon.bootstrap.GradleDaemon 9.0.0

Host: 12th Gen Intel(R) Core(TM) i5-1235U, 12 cores, 7G,  Windows 11 , 64 bit Build 26100 (10.0.26100.7920)
Time: Wed Apr  1 14:08:17 2026 India Standard Time elapsed time: 7.772152 seconds (0d 0h 0m 7s)

---------------  T H R E A D  ---------------

Current thread (0x000001da6b1947b0):  JavaThread "C2 CompilerThread1" daemon [_thread_in_native, id=22192, stack(0x0000006403300000,0x0000006403400000)]


Current CompileTask:
C2:   7772 2504       4       java.net.URLClassLoader$1::run (5 bytes)

Stack: [0x0000006403300000,0x0000006403400000]
Native frames: (J=compiled Java code, j=interpreted, Vv=VM code, C=native code)
V  [jvm.dll+0x67a04a]
V  [jvm.dll+0x7da4ed]
V  [jvm.dll+0x7dbe33]
V  [jvm.dll+0x7dc4a3]
V  [jvm.dll+0x24508f]
V  [jvm.dll+0xab773]
V  [jvm.dll+0xabd3c]
V  [jvm.dll+0x361bee]
V  [jvm.dll+0x1ba45a]
V  [jvm.dll+0x216997]
V  [jvm.dll+0x215c6f]
V  [jvm.dll+0x1a2960]
V  [jvm.dll+0x22610b]
V  [jvm.dll+0x2242ab]
V  [jvm.dll+0x79075c]
V  [jvm.dll+0x78abea]
V  [jvm.dll+0x678f35]
C  [ucrtbase.dll+0x37b0]
C  [KERNEL32.DLL+0x2e8d7]
C  [ntdll.dll+0x8c48c]


---------------  P R O C E S S  ---------------

Threads class SMR info:
_java_thread_list=0x000001da69a7dd40, length=26, elements={
0x000001da2bbb4da0, 0x000001da68004340, 0x000001da68008c60, 0x000001da68017ef0,
0x000001da680189c0, 0x000001da6801a170, 0x000001da6801ca50, 0x000001da6801f710,
0x000001da680249d0, 0x000001da68025e50, 0x000001da2bc73de0, 0x000001da681df8a0,
0x000001da698ec410, 0x000001da6a00f610, 0x000001da6a216960, 0x000001da6a3e6a00,
0x000001da6a2d0850, 0x000001da698e59b0, 0x000001da698e8230, 0x000001da698e8c50,
0x000001da698e7810, 0x000001da698e8740, 0x000001da698e54a0, 0x000001da698e63d0,
0x000001da698e68e0, 0x000001da6b1947b0
}

Java Threads: ( => current thread )
  0x000001da2bbb4da0 JavaThread "main" [_thread_blocked, id=22956, stack(0x0000006400e00000,0x0000006400f00000)]
  0x000001da68004340 JavaThread "Reference Handler" daemon [_thread_blocked, id=12504, stack(0x0000006401100000,0x0000006401200000)]
  0x000001da68008c60 JavaThread "Finalizer" daemon [_thread_blocked, id=23116, stack(0x0000006401200000,0x0000006401300000)]
  0x000001da68017ef0 JavaThread "Signal Dispatcher" daemon [_thread_blocked, id=23328, stack(0x0000006401300000,0x0000006401400000)]
  0x000001da680189c0 JavaThread "Attach Listener" daemon [_thread_blocked, id=6040, stack(0x0000006401400000,0x0000006401500000)]
  0x000001da6801a170 JavaThread "Service Thread" daemon [_thread_blocked, id=11148, stack(0x0000006401500000,0x0000006401600000)]
  0x000001da6801ca50 JavaThread "Monitor Deflation Thread" daemon [_thread_blocked, id=19736, stack(0x0000006401600000,0x0000006401700000)]
  0x000001da6801f710 JavaThread "C2 CompilerThread0" daemon [_thread_in_native, id=12108, stack(0x0000006401700000,0x0000006401800000)]
  0x000001da680249d0 JavaThread "C1 CompilerThread0" daemon [_thread_blocked, id=13672, stack(0x0000006401800000,0x0000006401900000)]
  0x000001da68025e50 JavaThread "Sweeper thread" daemon [_thread_blocked, id=21924, stack(0x0000006401900000,0x0000006401a00000)]
  0x000001da2bc73de0 JavaThread "Common-Cleaner" daemon [_thread_blocked, id=7884, stack(0x0000006401a00000,0x0000006401b00000)]
  0x000001da681df8a0 JavaThread "Notification Thread" daemon [_thread_blocked, id=9020, stack(0x0000006401b00000,0x0000006401c00000)]
  0x000001da698ec410 JavaThread "Daemon health stats" [_thread_blocked, id=11432, stack(0x0000006402200000,0x0000006402300000)]
  0x000001da6a00f610 JavaThread "Incoming local TCP Connector on port 49711" [_thread_in_native, id=23248, stack(0x0000006402600000,0x0000006402700000)]
  0x000001da6a216960 JavaThread "Daemon periodic checks" [_thread_blocked, id=12300, stack(0x0000006402700000,0x0000006402800000)]
  0x000001da6a3e6a00 JavaThread "Daemon" [_thread_blocked, id=1140, stack(0x0000006402800000,0x0000006402900000)]
  0x000001da6a2d0850 JavaThread "Handler for socket connection from /127.0.0.1:49711 to /127.0.0.1:49712" [_thread_in_native, id=13208, stack(0x0000006402900000,0x0000006402a00000)]
  0x000001da698e59b0 JavaThread "Cancel handler" [_thread_blocked, id=6068, stack(0x0000006402a00000,0x0000006402b00000)]
  0x000001da698e8230 JavaThread "Daemon worker" [_thread_in_vm, id=16084, stack(0x0000006402b00000,0x0000006402c00000)]
  0x000001da698e8c50 JavaThread "Asynchronous log dispatcher for DefaultDaemonConnection: socket connection from /127.0.0.1:49711 to /127.0.0.1:49712" [_thread_blocked, id=23068, stack(0x0000006402c00000,0x0000006402d00000)]
  0x000001da698e7810 JavaThread "Stdin handler" [_thread_blocked, id=22268, stack(0x0000006402d00000,0x0000006402e00000)]
  0x000001da698e8740 JavaThread "Daemon client event forwarder" [_thread_blocked, id=22736, stack(0x0000006402e00000,0x0000006402f00000)]
  0x000001da698e54a0 JavaThread "Cache worker for journal cache (C:\Users\hp\.gradle\caches\journal-1)" [_thread_blocked, id=23176, stack(0x0000006403000000,0x0000006403100000)]
  0x000001da698e63d0 JavaThread "File lock request listener" [_thread_in_native, id=3108, stack(0x0000006403100000,0x0000006403200000)]
  0x000001da698e68e0 JavaThread "Cache worker for file hash cache (C:\Users\hp\.gradle\caches\9.0.0\fileHashes)" [_thread_blocked, id=1748, stack(0x0000006403200000,0x0000006403300000)]
=>0x000001da6b1947b0 JavaThread "C2 CompilerThread1" daemon [_thread_in_native, id=22192, stack(0x0000006403300000,0x0000006403400000)]

Other Threads:
  0x000001da2bb66560 VMThread "VM Thread" [stack: 0x0000006401000000,0x0000006401100000] [id=22000]
  0x000001da681e2900 WatcherThread [stack: 0x0000006401c00000,0x0000006401d00000] [id=6844]
  0x000001da2bbcd8d0 GCTaskThread "GC Thread#0" [stack: 0x0000006400f00000,0x0000006401000000] [id=1152]
  0x000001da688ceb20 GCTaskThread "GC Thread#1" [stack: 0x0000006401e00000,0x0000006401f00000] [id=13352]
  0x000001da68a7ad70 GCTaskThread "GC Thread#2" [stack: 0x0000006401f00000,0x0000006402000000] [id=18804]
  0x000001da684af710 GCTaskThread "GC Thread#3" [stack: 0x0000006402000000,0x0000006402100000] [id=5644]
  0x000001da69316040 GCTaskThread "GC Thread#4" [stack: 0x0000006402100000,0x0000006402200000] [id=23336]
  0x000001da6a1705e0 GCTaskThread "GC Thread#5" [stack: 0x0000006401d00000,0x0000006401e00000] [id=12272]
  0x000001da6a1708a0 GCTaskThread "GC Thread#6" [stack: 0x0000006402300000,0x0000006402400000] [id=5228]
  0x000001da697c61e0 GCTaskThread "GC Thread#7" [stack: 0x0000006402400000,0x0000006402500000] [id=12596]
  0x000001da697c64a0 GCTaskThread "GC Thread#8" [stack: 0x0000006402500000,0x0000006402600000] [id=19808]
  0x000001da69684b90 GCTaskThread "GC Thread#9" [stack: 0x0000006402f00000,0x0000006403000000] [id=22588]

Threads with active compile tasks:
C2 CompilerThread0     7802 2483   !   4       java.net.URLClassLoader::findClass (47 bytes)
C2 CompilerThread1     7802 2504       4       java.net.URLClassLoader$1::run (5 bytes)

VM state: not at safepoint (normal execution)

VM Mutex/Monitor currently owned by a thread: None

Heap address: 0x0000000080000000, size: 2048 MB, Compressed Oops mode: 32-bit

CDS archive(s) mapped at: [0x000001da47000000-0x000001da47bd0000-0x000001da47bd0000), size 12386304, SharedBaseAddress: 0x000001da47000000, ArchiveRelocationMode: 1.
Compressed class space mapped at: 0x000001da48000000-0x000001da62000000, reserved size: 436207616
Narrow klass base: 0x000001da47000000, Narrow klass shift: 0, Narrow klass range: 0x100000000

GC Precious Log:
 CPUs: 12 total, 12 available
 Memory: 7863M
 Large Page Support: Disabled
 NUMA Support: Disabled
 Compressed Oops: Enabled (32-bit)
 Alignments: Space 512K, Generation 512K, Heap 2M
 Heap Min Capacity: 8M
 Heap Initial Capacity: 124M
 Heap Max Capacity: 2G
 Pre-touch: Disabled
 Parallel Workers: 10

Heap:
 PSYoungGen      total 43008K, used 29103K [0x00000000d5580000, 0x00000000d8d80000, 0x0000000100000000)
  eden space 30720K, 72% used [0x00000000d5580000,0x00000000d6b5e258,0x00000000d7380000)
  from space 12288K, 54% used [0x00000000d8180000,0x00000000d880dd58,0x00000000d8d80000)
  to   space 13312K, 0% used [0x00000000d7380000,0x00000000d7380000,0x00000000d8080000)
 ParOldGen       total 84992K, used 17900K [0x0000000080000000, 0x0000000085300000, 0x00000000d5580000)
  object space 84992K, 21% used [0x0000000080000000,0x000000008117b320,0x0000000085300000)
 Metaspace       used 20851K, committed 21184K, reserved 491520K
  class space    used 2901K, committed 3072K, reserved 425984K

Card table byte_map: [0x000001da2b560000,0x000001da2b970000] _byte_map_base: 0x000001da2b160000

Marking Bits: (ParMarkBitMap*) 0x00007ffc531b2be0
 Begin Bits: [0x000001da42720000, 0x000001da44720000)
 End Bits:   [0x000001da44720000, 0x000001da46720000)

Polling page: 0x000001da29b40000

Metaspace:

Usage:
  Non-class:     17.53 MB used.
      Class:      2.83 MB used.
       Both:     20.36 MB used.

Virtual space:
  Non-class space:       64.00 MB reserved,      17.69 MB ( 28%) committed,  1 nodes.
      Class space:      416.00 MB reserved,       3.00 MB ( <1%) committed,  1 nodes.
             Both:      480.00 MB reserved,      20.69 MB (  4%) committed. 

Chunk freelists:
   Non-Class:  13.91 MB
       Class:  13.03 MB
        Both:  26.94 MB

MaxMetaspaceSize: 512.00 MB
CompressedClassSpaceSize: 416.00 MB
Initial GC threshold: 21.00 MB
Current GC threshold: 21.00 MB
CDS: on
MetaspaceReclaimPolicy: balanced
 - commit_granule_bytes: 65536.
 - commit_granule_words: 8192.
 - virtual_space_node_default_size: 8388608.
 - enlarge_chunks_in_place: 1.
 - new_chunks_are_fully_committed: 0.
 - uncommit_free_chunks: 1.
 - use_allocation_guard: 0.
 - handle_deallocations: 1.


Internal statistics:

num_allocs_failed_limit: 0.
num_arena_births: 224.
num_arena_deaths: 0.
num_vsnodes_births: 2.
num_vsnodes_deaths: 0.
num_space_committed: 331.
num_space_uncommitted: 0.
num_chunks_returned_to_freelist: 0.
num_chunks_taken_from_freelist: 958.
num_chunk_merges: 0.
num_chunk_splits: 647.
num_chunks_enlarged: 480.
num_inconsistent_stats: 0.

CodeHeap 'non-profiled nmethods': size=120000Kb used=1273Kb max_used=1273Kb free=118727Kb
 bounds [0x000001da3af40000, 0x000001da3b1b0000, 0x000001da42470000]
CodeHeap 'profiled nmethods': size=120000Kb used=5157Kb max_used=5157Kb free=114842Kb
 bounds [0x000001da33470000, 0x000001da33980000, 0x000001da3a9a0000]
CodeHeap 'non-nmethods': size=5760Kb used=1237Kb max_used=1279Kb free=4522Kb
 bounds [0x000001da3a9a0000, 0x000001da3ac10000, 0x000001da3af40000]
 total_blobs=3149 nmethods=2602 adapters=461
 compilation: enabled
              stopped_count=0, restarted_count=0
 full_count=0

Compilation events (20 events):
Event: 5.742 Thread 0x000001da680249d0 2527       3       java.lang.invoke.LambdaForm$NamedFunction::member (26 bytes)
Event: 5.742 Thread 0x000001da680249d0 nmethod 2527 0x000001da33954510 code [0x000001da339546a0, 0x000001da339547b8]
Event: 5.742 Thread 0x000001da680249d0 2528       3       java.lang.invoke.InvokerBytecodeGenerator::isStaticallyInvocable (165 bytes)
Event: 5.743 Thread 0x000001da680249d0 nmethod 2528 0x000001da33954890 code [0x000001da33954cc0, 0x000001da339569a8]
Event: 5.743 Thread 0x000001da680249d0 2529       3       java.lang.invoke.MemberName::isPrivate (8 bytes)
Event: 5.744 Thread 0x000001da680249d0 nmethod 2529 0x000001da33957110 code [0x000001da339572a0, 0x000001da33957478]
Event: 5.744 Thread 0x000001da680249d0 2530       3       java.lang.invoke.InvokerBytecodeGenerator::emitStaticInvoke (258 bytes)
Event: 5.745 Thread 0x000001da680249d0 nmethod 2530 0x000001da33957510 code [0x000001da33957820, 0x000001da33958768]
Event: 5.745 Thread 0x000001da680249d0 2531       3       java.lang.invoke.InvokerBytecodeGenerator::refKindOpcode (112 bytes)
Event: 5.745 Thread 0x000001da680249d0 nmethod 2531 0x000001da33958d90 code [0x000001da33958fe0, 0x000001da33959898]
Event: 5.896 Thread 0x000001da680249d0 2532       3       java.util.concurrent.locks.ReentrantLock::unlock (10 bytes)
Event: 5.897 Thread 0x000001da680249d0 nmethod 2532 0x000001da33959b10 code [0x000001da33959ce0, 0x000001da33959fb8]
Event: 6.181 Thread 0x000001da680249d0 2533       3       java.util.concurrent.locks.ReentrantLock$NonfairSync::initialTryLock (58 bytes)
Event: 6.181 Thread 0x000001da680249d0 nmethod 2533 0x000001da3395a110 code [0x000001da3395a2e0, 0x000001da3395a6b8]
Event: 6.197 Thread 0x000001da680249d0 2534       3       java.util.concurrent.locks.AbstractQueuedSynchronizer::signalNext (34 bytes)
Event: 6.197 Thread 0x000001da680249d0 nmethod 2534 0x000001da3395a790 code [0x000001da3395a960, 0x000001da3395ac18]
Event: 6.480 Thread 0x000001da680249d0 2535       3       java.lang.String::compareTo (9 bytes)
Event: 6.481 Thread 0x000001da680249d0 nmethod 2535 0x000001da3395ad90 code [0x000001da3395af40, 0x000001da3395b168]
Event: 6.745 Thread 0x000001da680249d0 2536       3       java.util.concurrent.locks.AbstractQueuedSynchronizer$ConditionObject::canReacquire (28 bytes)
Event: 6.746 Thread 0x000001da680249d0 nmethod 2536 0x000001da3395b210 code [0x000001da3395b3c0, 0x000001da3395b718]

GC Heap History (12 events):
Event: 0.239 GC heap before
{Heap before GC invocations=1 (full 0):
 PSYoungGen      total 36864K, used 31588K [0x00000000d5580000, 0x00000000d7e80000, 0x0000000100000000)
  eden space 31744K, 99% used [0x00000000d5580000,0x00000000d7459158,0x00000000d7480000)
  from space 5120K, 0% used [0x00000000d7980000,0x00000000d7980000,0x00000000d7e80000)
  to   space 5120K, 0% used [0x00000000d7480000,0x00000000d7480000,0x00000000d7980000)
 ParOldGen       total 84992K, used 0K [0x0000000080000000, 0x0000000085300000, 0x00000000d5580000)
  object space 84992K, 0% used [0x0000000080000000,0x0000000080000000,0x0000000085300000)
 Metaspace       used 1105K, committed 1280K, reserved 491520K
  class space    used 74K, committed 128K, reserved 425984K
}
Event: 1.495 GC heap after
{Heap after GC invocations=1 (full 0):
 PSYoungGen      total 36864K, used 5106K [0x00000000d5580000, 0x00000000d7e80000, 0x0000000100000000)
  eden space 31744K, 0% used [0x00000000d5580000,0x00000000d5580000,0x00000000d7480000)
  from space 5120K, 99% used [0x00000000d7480000,0x00000000d797c858,0x00000000d7980000)
  to   space 5120K, 0% used [0x00000000d7980000,0x00000000d7980000,0x00000000d7e80000)
 ParOldGen       total 84992K, used 6653K [0x0000000080000000, 0x0000000085300000, 0x00000000d5580000)
  object space 84992K, 7% used [0x0000000080000000,0x000000008067f650,0x0000000085300000)
 Metaspace       used 1105K, committed 1280K, reserved 491520K
  class space    used 74K, committed 128K, reserved 425984K
}
Event: 1.951 GC heap before
{Heap before GC invocations=2 (full 0):
 PSYoungGen      total 36864K, used 36850K [0x00000000d5580000, 0x00000000d7e80000, 0x0000000100000000)
  eden space 31744K, 100% used [0x00000000d5580000,0x00000000d7480000,0x00000000d7480000)
  from space 5120K, 99% used [0x00000000d7480000,0x00000000d797c858,0x00000000d7980000)
  to   space 5120K, 0% used [0x00000000d7980000,0x00000000d7980000,0x00000000d7e80000)
 ParOldGen       total 84992K, used 6653K [0x0000000080000000, 0x0000000085300000, 0x00000000d5580000)
  object space 84992K, 7% used [0x0000000080000000,0x000000008067f650,0x0000000085300000)
 Metaspace       used 4508K, committed 4672K, reserved 491520K
  class space    used 571K, committed 640K, reserved 425984K
}
Event: 3.970 GC heap after
{Heap after GC invocations=2 (full 0):
 PSYoungGen      total 36864K, used 5114K [0x00000000d5580000, 0x00000000d7e80000, 0x0000000100000000)
  eden space 31744K, 0% used [0x00000000d5580000,0x00000000d5580000,0x00000000d7480000)
  from space 5120K, 99% used [0x00000000d7980000,0x00000000d7e7e9d0,0x00000000d7e80000)
  to   space 5120K, 0% used [0x00000000d7480000,0x00000000d7480000,0x00000000d7980000)
 ParOldGen       total 84992K, used 8803K [0x0000000080000000, 0x0000000085300000, 0x00000000d5580000)
  object space 84992K, 10% used [0x0000000080000000,0x0000000080898e50,0x0000000085300000)
 Metaspace       used 4508K, committed 4672K, reserved 491520K
  class space    used 571K, committed 640K, reserved 425984K
}
Event: 4.203 GC heap before
{Heap before GC invocations=3 (full 0):
 PSYoungGen      total 36864K, used 36542K [0x00000000d5580000, 0x00000000d7e80000, 0x0000000100000000)
  eden space 31744K, 99% used [0x00000000d5580000,0x00000000d7431028,0x00000000d7480000)
  from space 5120K, 99% used [0x00000000d7980000,0x00000000d7e7e9d0,0x00000000d7e80000)
  to   space 5120K, 0% used [0x00000000d7480000,0x00000000d7480000,0x00000000d7980000)
 ParOldGen       total 84992K, used 8803K [0x0000000080000000, 0x0000000085300000, 0x00000000d5580000)
  object space 84992K, 10% used [0x0000000080000000,0x0000000080898e50,0x0000000085300000)
 Metaspace       used 4556K, committed 4736K, reserved 491520K
  class space    used 571K, committed 640K, reserved 425984K
}
Event: 4.205 GC heap after
{Heap after GC invocations=3 (full 0):
 PSYoungGen      total 36864K, used 5089K [0x00000000d5580000, 0x00000000d7e80000, 0x0000000100000000)
  eden space 31744K, 0% used [0x00000000d5580000,0x00000000d5580000,0x00000000d7480000)
  from space 5120K, 99% used [0x00000000d7480000,0x00000000d7978408,0x00000000d7980000)
  to   space 5120K, 0% used [0x00000000d7980000,0x00000000d7980000,0x00000000d7e80000)
 ParOldGen       total 84992K, used 9744K [0x0000000080000000, 0x0000000085300000, 0x00000000d5580000)
  object space 84992K, 11% used [0x0000000080000000,0x0000000080984078,0x0000000085300000)
 Metaspace       used 4556K, committed 4736K, reserved 491520K
  class space    used 571K, committed 640K, reserved 425984K
}
Event: 4.729 GC heap before
{Heap before GC invocations=4 (full 0):
 PSYoungGen      total 36864K, used 36833K [0x00000000d5580000, 0x00000000d7e80000, 0x0000000100000000)
  eden space 31744K, 100% used [0x00000000d5580000,0x00000000d7480000,0x00000000d7480000)
  from space 5120K, 99% used [0x00000000d7480000,0x00000000d7978408,0x00000000d7980000)
  to   space 5120K, 0% used [0x00000000d7980000,0x00000000d7980000,0x00000000d7e80000)
 ParOldGen       total 84992K, used 9744K [0x0000000080000000, 0x0000000085300000, 0x00000000d5580000)
  object space 84992K, 11% used [0x0000000080000000,0x0000000080984078,0x0000000085300000)
 Metaspace       used 8352K, committed 8576K, reserved 491520K
  class space    used 1119K, committed 1216K, reserved 425984K
}
Event: 4.733 GC heap after
{Heap after GC invocations=4 (full 0):
 PSYoungGen      total 36864K, used 5105K [0x00000000d5580000, 0x00000000d7e80000, 0x0000000100000000)
  eden space 31744K, 0% used [0x00000000d5580000,0x00000000d5580000,0x00000000d7480000)
  from space 5120K, 99% used [0x00000000d7980000,0x00000000d7e7c720,0x00000000d7e80000)
  to   space 5120K, 0% used [0x00000000d7480000,0x00000000d7480000,0x00000000d7980000)
 ParOldGen       total 84992K, used 15615K [0x0000000080000000, 0x0000000085300000, 0x00000000d5580000)
  object space 84992K, 18% used [0x0000000080000000,0x0000000080f3ff20,0x0000000085300000)
 Metaspace       used 8352K, committed 8576K, reserved 491520K
  class space    used 1119K, committed 1216K, reserved 425984K
}
Event: 5.155 GC heap before
{Heap before GC invocations=5 (full 0):
 PSYoungGen      total 36864K, used 36849K [0x00000000d5580000, 0x00000000d7e80000, 0x0000000100000000)
  eden space 31744K, 100% used [0x00000000d5580000,0x00000000d7480000,0x00000000d7480000)
  from space 5120K, 99% used [0x00000000d7980000,0x00000000d7e7c720,0x00000000d7e80000)
  to   space 5120K, 0% used [0x00000000d7480000,0x00000000d7480000,0x00000000d7980000)
 ParOldGen       total 84992K, used 15615K [0x0000000080000000, 0x0000000085300000, 0x00000000d5580000)
  object space 84992K, 18% used [0x0000000080000000,0x0000000080f3ff20,0x0000000085300000)
 Metaspace       used 13696K, committed 13888K, reserved 491520K
  class space    used 1892K, committed 1984K, reserved 425984K
}
Event: 5.159 GC heap after
{Heap after GC invocations=5 (full 0):
 PSYoungGen      total 36352K, used 5106K [0x00000000d5580000, 0x00000000d8f00000, 0x0000000100000000)
  eden space 31232K, 0% used [0x00000000d5580000,0x00000000d5580000,0x00000000d7400000)
  from space 5120K, 99% used [0x00000000d7480000,0x00000000d797c818,0x00000000d7980000)
  to   space 13824K, 0% used [0x00000000d8180000,0x00000000d8180000,0x00000000d8f00000)
 ParOldGen       total 84992K, used 17892K [0x0000000080000000, 0x0000000085300000, 0x00000000d5580000)
  object space 84992K, 21% used [0x0000000080000000,0x0000000081179320,0x0000000085300000)
 Metaspace       used 13696K, committed 13888K, reserved 491520K
  class space    used 1892K, committed 1984K, reserved 425984K
}
Event: 5.526 GC heap before
{Heap before GC invocations=6 (full 0):
 PSYoungGen      total 36352K, used 36338K [0x00000000d5580000, 0x00000000d8f00000, 0x0000000100000000)
  eden space 31232K, 100% used [0x00000000d5580000,0x00000000d7400000,0x00000000d7400000)
  from space 5120K, 99% used [0x00000000d7480000,0x00000000d797c818,0x00000000d7980000)
  to   space 13824K, 0% used [0x00000000d8180000,0x00000000d8180000,0x00000000d8f00000)
 ParOldGen       total 84992K, used 17892K [0x0000000080000000, 0x0000000085300000, 0x00000000d5580000)
  object space 84992K, 21% used [0x0000000080000000,0x0000000081179320,0x0000000085300000)
 Metaspace       used 18226K, committed 18496K, reserved 491520K
  class space    used 2469K, committed 2560K, reserved 425984K
}
Event: 5.530 GC heap after
{Heap after GC invocations=6 (full 0):
 PSYoungGen      total 43008K, used 6711K [0x00000000d5580000, 0x00000000d8d80000, 0x0000000100000000)
  eden space 30720K, 0% used [0x00000000d5580000,0x00000000d5580000,0x00000000d7380000)
  from space 12288K, 54% used [0x00000000d8180000,0x00000000d880dd58,0x00000000d8d80000)
  to   space 13312K, 0% used [0x00000000d7380000,0x00000000d7380000,0x00000000d8080000)
 ParOldGen       total 84992K, used 17900K [0x0000000080000000, 0x0000000085300000, 0x00000000d5580000)
  object space 84992K, 21% used [0x0000000080000000,0x000000008117b320,0x0000000085300000)
 Metaspace       used 18226K, committed 18496K, reserved 491520K
  class space    used 2469K, committed 2560K, reserved 425984K
}

Deoptimization events (20 events):
Event: 5.242 Thread 0x000001da698e8230 Uncommon trap: trap_request=0xffffff45 fr.pc=0x000001da3b01f374 relative=0x0000000000000074
Event: 5.242 Thread 0x000001da698e8230 Uncommon trap: reason=unstable_if action=reinterpret pc=0x000001da3b01f374 method=jdk.internal.misc.Unsafe.convEndian(ZI)I @ 4 c2
Event: 5.242 Thread 0x000001da698e8230 DEOPT PACKING pc=0x000001da3b01f374 sp=0x0000006402bfa8a0
Event: 5.242 Thread 0x000001da698e8230 DEOPT UNPACKING pc=0x000001da3a9f20a3 sp=0x0000006402bfa7a8 mode 2
Event: 5.266 Thread 0x000001da698e8230 Uncommon trap: trap_request=0xffffff45 fr.pc=0x000001da3af5dfc4 relative=0x00000000000009c4
Event: 5.266 Thread 0x000001da698e8230 Uncommon trap: reason=unstable_if action=reinterpret pc=0x000001da3af5dfc4 method=java.io.WinNTFileSystem.resolve(Ljava/lang/String;Ljava/lang/String;)Ljava/lang/String; @ 19 c2
Event: 5.266 Thread 0x000001da698e8230 DEOPT PACKING pc=0x000001da3af5dfc4 sp=0x0000006402bfb4e0
Event: 5.266 Thread 0x000001da698e8230 DEOPT UNPACKING pc=0x000001da3a9f20a3 sp=0x0000006402bfb468 mode 2
Event: 5.267 Thread 0x000001da698e8230 DEOPT PACKING pc=0x000001da3353b1bc sp=0x0000006402bfab40
Event: 5.267 Thread 0x000001da698e8230 DEOPT UNPACKING pc=0x000001da3a9f2843 sp=0x0000006402bf9fd8 mode 0
Event: 5.267 Thread 0x000001da698e8230 Uncommon trap: trap_request=0xffffff45 fr.pc=0x000001da3af7f5d4 relative=0x0000000000000534
Event: 5.267 Thread 0x000001da698e8230 Uncommon trap: reason=unstable_if action=reinterpret pc=0x000001da3af7f5d4 method=java.io.File.getName()Ljava/lang/String; @ 16 c2
Event: 5.267 Thread 0x000001da698e8230 DEOPT PACKING pc=0x000001da3af7f5d4 sp=0x0000006402bfb470
Event: 5.267 Thread 0x000001da698e8230 DEOPT UNPACKING pc=0x000001da3a9f20a3 sp=0x0000006402bfb440 mode 2
Event: 5.445 Thread 0x000001da698e8230 DEOPT PACKING pc=0x000001da338450c7 sp=0x0000006402bfbfa0
Event: 5.445 Thread 0x000001da698e8230 DEOPT UNPACKING pc=0x000001da3a9f2843 sp=0x0000006402bfb4b0 mode 0
Event: 5.467 Thread 0x000001da698e8230 DEOPT PACKING pc=0x000001da338450c7 sp=0x0000006402bfc040
Event: 5.467 Thread 0x000001da698e8230 DEOPT UNPACKING pc=0x000001da3a9f2843 sp=0x0000006402bfb550 mode 0
Event: 5.474 Thread 0x000001da698e8230 DEOPT PACKING pc=0x000001da338450c7 sp=0x0000006402bfc250
Event: 5.474 Thread 0x000001da698e8230 DEOPT UNPACKING pc=0x000001da3a9f2843 sp=0x0000006402bfb760 mode 0

Classes unloaded (0 events):
No events

Classes redefined (0 events):
No events

Internal exceptions (20 events):
Event: 4.989 Thread 0x000001da698e8230 Exception <a 'java/lang/NoSuchMethodError'{0x00000000d6677758}: 'void java.lang.invoke.DirectMethodHandle$Holder.invokeStatic(java.lang.Object, java.lang.Object)'> (0x00000000d6677758) 
thrown [s\open\src\hotspot\share\interpreter\linkResolver.cpp, line 759]
Event: 5.018 Thread 0x000001da698e8230 Exception <a 'java/lang/NoSuchMethodError'{0x00000000d691db20}: 'int java.lang.invoke.DirectMethodHandle$Holder.invokeVirtual(java.lang.Object, java.lang.Object, java.lang.Object)'> (0x00000000d691db20) 
thrown [s\open\src\hotspot\share\interpreter\linkResolver.cpp, line 759]
Event: 5.043 Thread 0x000001da698e8230 Exception <a 'java/lang/NoSuchMethodError'{0x00000000d6be2898}: 'java.lang.Object java.lang.invoke.DirectMethodHandle$Holder.newInvokeSpecial(java.lang.Object, java.lang.Object, java.lang.Object, java.lang.Object, java.lang.Object, java.lang.Object)'> (0x00000000d6be2898) 
thrown [s\open\src\hotspot\share\interpreter\linkResolver.cpp, line 759]
Event: 5.074 Thread 0x000001da698e8230 Exception <a 'java/lang/NoSuchMethodError'{0x00000000d6ecbe10}: 'void java.lang.invoke.DelegatingMethodHandle$Holder.reinvoke_L(java.lang.Object, java.lang.Object, java.lang.Object, java.lang.Object, java.lang.Object, java.lang.Object, java.lang.Object, java.lang.Object, java.lang.Object, java.lang.Object)'> (0x00000000d6ecbe10) 
thrown [s\open\src\hotspot\share\interpreter\linkResolver.cpp, line 759]
Event: 5.075 Thread 0x000001da698e8230 Exception <a 'java/lang/NoSuchMethodError'{0x00000000d6ed43c0}: 'java.lang.Object java.lang.invoke.DirectMethodHandle$Holder.invokeSpecial(java.lang.Object, java.lang.Object, java.lang.Object, java.lang.Object, java.lang.Object, java.lang.Object, java.lang.Object, java.lang.Object, java.lang.Object, java.lang.Object)'> (0x00000000d6ed43c0) 
thrown [s\open\src\hotspot\share\interpreter\linkResolver.cpp, line 759]
Event: 5.075 Thread 0x000001da698e8230 Exception <a 'java/lang/NoSuchMethodError'{0x00000000d6ed8c90}: 'java.lang.Object java.lang.invoke.Invokers$Holder.invoker(java.lang.Object, java.lang.Object, java.lang.Object, java.lang.Object, java.lang.Object, java.lang.Object, java.lang.Object, java.lang.Object, java.lang.Object, java.lang.Object)'> (0x00000000d6ed8c90) 
thrown [s\open\src\hotspot\share\interpreter\linkResolver.cpp, line 759]
Event: 5.075 Thread 0x000001da698e8230 Exception <a 'java/lang/NoSuchMethodError'{0x00000000d6ede898}: 'java.lang.Object java.lang.invoke.DirectMethodHandle$Holder.invokeSpecial(java.lang.Object, java.lang.Object, java.lang.Object, java.lang.Object, java.lang.Object, java.lang.Object, java.lang.Object, java.lang.Object, java.lang.Object, java.lang.Object, java.lang.Object)'> (0x00000000d6ede898) 
thrown [s\open\src\hotspot\share\interpreter\linkResolver.cpp, line 759]
Event: 5.197 Thread 0x000001da698e8230 Exception <a 'java/lang/NoSuchMethodError'{0x00000000d5882008}: 'java.lang.Object java.lang.invoke.DirectMethodHandle$Holder.newInvokeSpecial(java.lang.Object, java.lang.Object, int)'> (0x00000000d5882008) 
thrown [s\open\src\hotspot\share\interpreter\linkResolver.cpp, line 759]
Event: 5.237 Thread 0x000001da698e8230 Exception <a 'java/lang/NoSuchMethodError'{0x00000000d5ac95f8}: 'int java.lang.invoke.DirectMethodHandle$Holder.invokeStatic(java.lang.Object, java.lang.Object, int)'> (0x00000000d5ac95f8) 
thrown [s\open\src\hotspot\share\interpreter\linkResolver.cpp, line 759]
Event: 5.279 Thread 0x000001da698e8230 Exception <a 'java/lang/NoSuchMethodError'{0x00000000d5cea6a0}: 'void java.lang.invoke.DirectMethodHandle$Holder.invokeStatic(java.lang.Object, java.lang.Object, java.lang.Object, java.lang.Object)'> (0x00000000d5cea6a0) 
thrown [s\open\src\hotspot\share\interpreter\linkResolver.cpp, line 759]
Event: 5.280 Thread 0x000001da698e8230 Exception <a 'java/lang/NoSuchMethodError'{0x00000000d5ceeb40}: 'void java.lang.invoke.DirectMethodHandle$Holder.invokeStaticInit(java.lang.Object, java.lang.Object, java.lang.Object, java.lang.Object)'> (0x00000000d5ceeb40) 
thrown [s\open\src\hotspot\share\interpreter\linkResolver.cpp, line 759]
Event: 5.283 Thread 0x000001da698e8230 Exception <a 'java/lang/NoSuchMethodError'{0x00000000d5d539d8}: 'java.lang.Object java.lang.invoke.DirectMethodHandle$Holder.invokeInterface(java.lang.Object, java.lang.Object, java.lang.Object)'> (0x00000000d5d539d8) 
thrown [s\open\src\hotspot\share\interpreter\linkResolver.cpp, line 759]
Event: 5.297 Thread 0x000001da698e8230 Exception <a 'java/lang/NoSuchMethodError'{0x00000000d5e43730}: 'int java.lang.invoke.DirectMethodHandle$Holder.invokeSpecialIFC(java.lang.Object, java.lang.Object, java.lang.Object, java.lang.Object)'> (0x00000000d5e43730) 
thrown [s\open\src\hotspot\share\interpreter\linkResolver.cpp, line 759]
Event: 5.298 Thread 0x000001da698e8230 Exception <a 'java/lang/IncompatibleClassChangeError'{0x00000000d5e52548}: Found class java.lang.Object, but interface was expected> (0x00000000d5e52548) 
thrown [s\open\src\hotspot\share\interpreter\linkResolver.cpp, line 826]
Event: 5.322 Thread 0x000001da698e8230 Exception <a 'java/lang/NoSuchMethodError'{0x00000000d607c1e8}: 'int java.lang.invoke.DirectMethodHandle$Holder.invokeStatic(java.lang.Object, java.lang.Object, java.lang.Object, java.lang.Object)'> (0x00000000d607c1e8) 
thrown [s\open\src\hotspot\share\interpreter\linkResolver.cpp, line 759]
Event: 5.323 Thread 0x000001da698e8230 Exception <a 'java/lang/NoSuchMethodError'{0x00000000d60800b8}: 'java.lang.Object java.lang.invoke.Invokers$Holder.invokeExact_MT(java.lang.Object, java.lang.Object, java.lang.Object, java.lang.Object, java.lang.Object, java.lang.Object)'> (0x00000000d60800b8) 
thrown [s\open\src\hotspot\share\interpreter\linkResolver.cpp, line 759]
Event: 5.492 Thread 0x000001da698e8230 Exception <a 'java/lang/NoSuchMethodError'{0x00000000d6e3e7d8}: 'int java.lang.invoke.DirectMethodHandle$Holder.invokeStaticInit(java.lang.Object, java.lang.Object, java.lang.Object)'> (0x00000000d6e3e7d8) 
thrown [s\open\src\hotspot\share\interpreter\linkResolver.cpp, line 759]
Event: 5.679 Thread 0x000001da698e8230 Exception <a 'java/lang/NoSuchMethodError'{0x00000000d6394000}: 'void java.lang.invoke.DirectMethodHandle$Holder.invokeSpecial(java.lang.Object, java.lang.Object, java.lang.Object, java.lang.Object, java.lang.Object)'> (0x00000000d6394000) 
thrown [s\open\src\hotspot\share\interpreter\linkResolver.cpp, line 759]
Event: 5.680 Thread 0x000001da698e8230 Exception <a 'java/lang/NoSuchMethodError'{0x00000000d639b960}: 'java.lang.Object java.lang.invoke.Invokers$Holder.invoker(java.lang.Object, java.lang.Object, java.lang.Object, java.lang.Object)'> (0x00000000d639b960) 
thrown [s\open\src\hotspot\share\interpreter\linkResolver.cpp, line 759]
Event: 5.742 Thread 0x000001da698e8230 Exception <a 'java/lang/NoSuchMethodError'{0x00000000d6793f28}: 'java.lang.Object java.lang.invoke.DirectMethodHandle$Holder.invokeVirtual(java.lang.Object, java.lang.Object, java.lang.Object, java.lang.Object)'> (0x00000000d6793f28) 
thrown [s\open\src\hotspot\share\interpreter\linkResolver.cpp, line 759]

VM Operations (20 events):
Event: 4.656 Executing VM operation: HandshakeAllThreads
Event: 4.657 Executing VM operation: HandshakeAllThreads done
Event: 4.680 Executing VM operation: HandshakeAllThreads
Event: 4.680 Executing VM operation: HandshakeAllThreads done
Event: 4.720 Executing VM operation: HandshakeAllThreads
Event: 4.720 Executing VM operation: HandshakeAllThreads done
Event: 4.729 Executing VM operation: ParallelGCFailedAllocation
Event: 4.733 Executing VM operation: ParallelGCFailedAllocation done
Event: 4.831 Executing VM operation: HandshakeAllThreads
Event: 4.831 Executing VM operation: HandshakeAllThreads done
Event: 5.155 Executing VM operation: ParallelGCFailedAllocation
Event: 5.159 Executing VM operation: ParallelGCFailedAllocation done
Event: 5.352 Executing VM operation: HandshakeAllThreads
Event: 5.352 Executing VM operation: HandshakeAllThreads done
Event: 5.353 Executing VM operation: HandshakeAllThreads
Event: 5.353 Executing VM operation: HandshakeAllThreads done
Event: 5.526 Executing VM operation: ParallelGCFailedAllocation
Event: 5.530 Executing VM operation: ParallelGCFailedAllocation done
Event: 6.543 Executing VM operation: Cleanup
Event: 6.543 Executing VM operation: Cleanup done

Events (20 events):
Event: 5.544 loading class java/io/ObjectOutput done
Event: 5.544 loading class java/io/ObjectStreamConstants
Event: 5.544 loading class java/io/ObjectStreamConstants done
Event: 5.544 loading class java/io/ObjectOutputStream done
Event: 5.544 loading class java/io/ObjectInputStream
Event: 5.545 loading class java/io/ObjectInput
Event: 5.545 loading class java/io/ObjectInput done
Event: 5.545 loading class java/io/ObjectInputStream done
Event: 5.715 loading class javax/xml/parsers/ParserConfigurationException
Event: 5.715 loading class javax/xml/parsers/ParserConfigurationException done
Event: 5.715 loading class org/xml/sax/SAXException
Event: 5.716 loading class org/xml/sax/SAXException done
Event: 5.716 loading class javax/xml/xpath/XPathExpressionException
Event: 5.716 loading class javax/xml/xpath/XPathException
Event: 5.717 loading class javax/xml/xpath/XPathException done
Event: 5.717 loading class javax/xml/xpath/XPathExpressionException done
Event: 5.717 loading class org/xml/sax/ErrorHandler
Event: 5.717 loading class org/xml/sax/ErrorHandler done
Event: 5.721 loading class java/nio/file/AtomicMoveNotSupportedException
Event: 5.722 loading class java/nio/file/AtomicMoveNotSupportedException done


Dynamic libraries:
0x00007ff75d800000 - 0x00007ff75d810000 	C:\Program Files\Java\jdk-17\bin\java.exe
0x00007ffcd11a0000 - 0x00007ffcd1407000 	C:\WINDOWS\SYSTEM32\ntdll.dll
0x00007ffccfd30000 - 0x00007ffccfdf9000 	C:\WINDOWS\System32\KERNEL32.DLL
0x00007ffcce500000 - 0x00007ffcce8f1000 	C:\WINDOWS\System32\KERNELBASE.dll
0x00007ffccdb10000 - 0x00007ffccdc5b000 	C:\WINDOWS\System32\ucrtbase.dll
0x00007ffc53bd0000 - 0x00007ffc53be9000 	C:\Program Files\Java\jdk-17\bin\jli.dll
0x00007ffc53bb0000 - 0x00007ffc53bcb000 	C:\Program Files\Java\jdk-17\bin\VCRUNTIME140.dll
0x00007ffcd09e0000 - 0x00007ffcd0a9b000 	C:\WINDOWS\System32\ADVAPI32.dll
0x00007ffcd0140000 - 0x00007ffcd01e9000 	C:\WINDOWS\System32\msvcrt.dll
0x00007ffccefc0000 - 0x00007ffccf067000 	C:\WINDOWS\System32\sechost.dll
0x00007ffccf400000 - 0x00007ffccf518000 	C:\WINDOWS\System32\RPCRT4.dll
0x00007ffccf520000 - 0x00007ffccf6e5000 	C:\WINDOWS\System32\USER32.dll
0x00007ffccdc60000 - 0x00007ffccdc87000 	C:\WINDOWS\System32\win32u.dll
0x00007ffccfbd0000 - 0x00007ffccfbfb000 	C:\WINDOWS\System32\GDI32.dll
0x00007ffcad510000 - 0x00007ffcad7a3000 	C:\WINDOWS\WinSxS\amd64_microsoft.windows.common-controls_6595b64144ccf1df_6.0.26100.8037_none_3e092faae333b53b\COMCTL32.dll
0x00007ffccea80000 - 0x00007ffccebab000 	C:\WINDOWS\System32\gdi32full.dll
0x00007ffccec60000 - 0x00007ffcced03000 	C:\WINDOWS\System32\msvcp_win.dll
0x00007ffccb6b0000 - 0x00007ffccb6bb000 	C:\WINDOWS\SYSTEM32\VERSION.dll
0x00007ffccf850000 - 0x00007ffccf881000 	C:\WINDOWS\System32\IMM32.DLL
0x00007ffca3ec0000 - 0x00007ffca3ecc000 	C:\Program Files\Java\jdk-17\bin\vcruntime140_1.dll
0x00007ffc53270000 - 0x00007ffc532fe000 	C:\Program Files\Java\jdk-17\bin\msvcp140.dll
0x00007ffc52690000 - 0x00007ffc53270000 	C:\Program Files\Java\jdk-17\bin\server\jvm.dll
0x00007ffcd1150000 - 0x00007ffcd1158000 	C:\WINDOWS\System32\PSAPI.DLL
0x00007ffca5c40000 - 0x00007ffca5c4a000 	C:\WINDOWS\SYSTEM32\WSOCK32.dll
0x00007ffccef40000 - 0x00007ffccefb4000 	C:\WINDOWS\System32\WS2_32.dll
0x00007ffcc4b90000 - 0x00007ffcc4bc5000 	C:\WINDOWS\SYSTEM32\WINMM.dll
0x00007ffccc810000 - 0x00007ffccc82b000 	C:\WINDOWS\SYSTEM32\kernel.appcore.dll
0x00007ffca3a80000 - 0x00007ffca3a8a000 	C:\Program Files\Java\jdk-17\bin\jimage.dll
0x00007ffcc88a0000 - 0x00007ffcc8ae2000 	C:\WINDOWS\SYSTEM32\DBGHELP.DLL
0x00007ffccf070000 - 0x00007ffccf3f2000 	C:\WINDOWS\System32\combase.dll
0x00007ffccf770000 - 0x00007ffccf847000 	C:\WINDOWS\System32\OLEAUT32.dll
0x00007ffcad120000 - 0x00007ffcad15b000 	C:\WINDOWS\SYSTEM32\dbgcore.DLL
0x00007ffccebb0000 - 0x00007ffccec55000 	C:\WINDOWS\System32\bcryptPrimitives.dll
0x00007ffca5bf0000 - 0x00007ffca5bfe000 	C:\Program Files\Java\jdk-17\bin\instrument.dll
0x00007ffc52660000 - 0x00007ffc52685000 	C:\Program Files\Java\jdk-17\bin\java.dll
0x00007ffc52580000 - 0x00007ffc52657000 	C:\Program Files\Java\jdk-17\bin\jsvml.dll
0x00007ffcd0270000 - 0x00007ffcd09cf000 	C:\WINDOWS\System32\SHELL32.dll
0x00007ffcced10000 - 0x00007ffccee7a000 	C:\WINDOWS\System32\wintypes.dll
0x00007ffccdc90000 - 0x00007ffcce4f4000 	C:\WINDOWS\System32\windows.storage.dll
0x00007ffccfe00000 - 0x00007ffccfef7000 	C:\WINDOWS\System32\SHCORE.dll
0x00007ffccfc00000 - 0x00007ffccfc67000 	C:\WINDOWS\System32\shlwapi.dll
0x00007ffccd9a0000 - 0x00007ffccd9c9000 	C:\WINDOWS\SYSTEM32\profapi.dll
0x00007ffc52520000 - 0x00007ffc52538000 	C:\Program Files\Java\jdk-17\bin\zip.dll
0x00007ffc52560000 - 0x00007ffc52579000 	C:\Program Files\Java\jdk-17\bin\net.dll
0x00007ffcc68e0000 - 0x00007ffcc6a07000 	C:\WINDOWS\SYSTEM32\WINHTTP.dll
0x00007ffcccd80000 - 0x00007ffcccdeb000 	C:\WINDOWS\system32\mswsock.dll
0x00007ffc52540000 - 0x00007ffc52556000 	C:\Program Files\Java\jdk-17\bin\nio.dll
0x00007ffc96d80000 - 0x00007ffc96d90000 	C:\Program Files\Java\jdk-17\bin\verify.dll
0x00007ffc51d90000 - 0x00007ffc51db7000 	C:\Users\hp\.gradle\native\1def1411415f61bf3af743bc5b6707747c0891f09f0c88961ee8f79bc544acac\windows-amd64\native-platform.dll
0x00007ffc51810000 - 0x00007ffc51887000 	C:\Users\hp\.gradle\native\0.2.8\x86_64-windows-gnu\gradle-fileevents.dll
0x00007ffc9d110000 - 0x00007ffc9d11a000 	C:\Program Files\Java\jdk-17\bin\management.dll
0x00007ffc99e30000 - 0x00007ffc99e3b000 	C:\Program Files\Java\jdk-17\bin\management_ext.dll
0x00007ffccc230000 - 0x00007ffccc263000 	C:\WINDOWS\SYSTEM32\IPHLPAPI.DLL
0x00007ffcd1140000 - 0x00007ffcd114a000 	C:\WINDOWS\System32\NSI.dll
0x00007ffcc80b0000 - 0x00007ffcc80cd000 	C:\WINDOWS\SYSTEM32\dhcpcsvc6.DLL
0x00007ffcc8000000 - 0x00007ffcc8023000 	C:\WINDOWS\SYSTEM32\dhcpcsvc.DLL
0x00007ffccc2d0000 - 0x00007ffccc3fa000 	C:\WINDOWS\SYSTEM32\DNSAPI.dll
0x00007ffccd060000 - 0x00007ffccd07b000 	C:\WINDOWS\SYSTEM32\CRYPTSP.dll
0x00007ffccc770000 - 0x00007ffccc7a9000 	C:\WINDOWS\system32\rsaenh.dll
0x00007ffccce30000 - 0x00007ffccce62000 	C:\WINDOWS\SYSTEM32\USERENV.dll
0x00007ffccd970000 - 0x00007ffccd99a000 	C:\WINDOWS\SYSTEM32\bcrypt.dll
0x00007ffccd080000 - 0x00007ffccd08c000 	C:\WINDOWS\SYSTEM32\CRYPTBASE.dll
0x00007ffc90210000 - 0x00007ffc9021e000 	C:\Program Files\Java\jdk-17\bin\sunmscapi.dll
0x00007ffcce900000 - 0x00007ffccea77000 	C:\WINDOWS\System32\CRYPT32.dll
0x00007ffccd280000 - 0x00007ffccd2b0000 	C:\WINDOWS\SYSTEM32\ncrypt.dll
0x00007ffccd230000 - 0x00007ffccd26f000 	C:\WINDOWS\SYSTEM32\NTASN1.dll
0x00007ffca4750000 - 0x00007ffca4758000 	C:\WINDOWS\system32\wshunix.dll

dbghelp: loaded successfully - version: 4.0.5 - missing functions: none
symbol engine: initialized successfully - sym options: 0x614 - pdb path: .;C:\Program Files\Java\jdk-17\bin;C:\WINDOWS\SYSTEM32;C:\WINDOWS\WinSxS\amd64_microsoft.windows.common-controls_6595b64144ccf1df_6.0.26100.8037_none_3e092faae333b53b;C:\Program Files\Java\jdk-17\bin\server;C:\Users\hp\.gradle\native\1def1411415f61bf3af743bc5b6707747c0891f09f0c88961ee8f79bc544acac\windows-amd64;C:\Users\hp\.gradle\native\0.2.8\x86_64-windows-gnu

VM Arguments:
jvm_args: --add-opens=java.base/java.lang=ALL-UNNAMED --add-opens=java.base/java.lang.invoke=ALL-UNNAMED --add-opens=java.base/java.util=ALL-UNNAMED --add-opens=java.prefs/java.util.prefs=ALL-UNNAMED --add-exports=jdk.compiler/com.sun.tools.javac.api=ALL-UNNAMED --add-exports=jdk.compiler/com.sun.tools.javac.util=ALL-UNNAMED --add-opens=java.base/java.util=ALL-UNNAMED --add-opens=java.prefs/java.util.prefs=ALL-UNNAMED --add-opens=java.base/java.nio.charset=ALL-UNNAMED --add-opens=java.base/java.net=ALL-UNNAMED --add-opens=java.base/java.util.concurrent=ALL-UNNAMED --add-opens=java.base/java.util.concurrent.atomic=ALL-UNNAMED --add-opens=java.xml/javax.xml.namespace=ALL-UNNAMED -XX:MaxMetaspaceSize=512m -XX:+UseParallelGC --add-opens=java.base/java.lang=ALL-UNNAMED --add-opens=java.base/java.util=ALL-UNNAMED --add-opens=java.base/java.io=ALL-UNNAMED --add-opens=java.base/java.lang.reflect=ALL-UNNAMED --add-opens=java.base/java.text=ALL-UNNAMED --add-opens=java.base/java.nio=ALL-UNNAMED --add-exports=jdk.unsupported/sun.misc=ALL-UNNAMED --enable-native-access=ALL-UNNAMED -Xmx2048m -Dfile.encoding=windows-1252 -Duser.country=IN -Duser.language=en -Duser.variant -javaagent:C:\Users\hp\.gradle\wrapper\dists\gradle-9.0.0-bin\d6wjpkvcgsg3oed0qlfss3wgl\gradle-9.0.0\lib\agents\gradle-instrumentation-agent-9.0.0.jar 
java_command: org.gradle.launcher.daemon.bootstrap.GradleDaemon 9.0.0
java_class_path (initial): C:\Users\hp\.gradle\wrapper\dists\gradle-9.0.0-bin\d6wjpkvcgsg3oed0qlfss3wgl\gradle-9.0.0\lib\gradle-daemon-main-9.0.0.jar
Launcher Type: SUN_STANDARD

[Global flags]
     intx CICompilerCount                          = 4                                         {product} {ergonomic}
   size_t CompressedClassSpaceSize                 = 436207616                                 {product} {ergonomic}
   size_t InitialHeapSize                          = 130023424                                 {product} {ergonomic}
   size_t MaxHeapSize                              = 2147483648                                {product} {command line}
   size_t MaxMetaspaceSize                         = 536870912                                 {product} {command line}
   size_t MaxNewSize                               = 715653120                                 {product} {ergonomic}
   size_t MinHeapDeltaBytes                        = 524288                                    {product} {ergonomic}
   size_t MinHeapSize                              = 8388608                                   {product} {ergonomic}
   size_t NewSize                                  = 42991616                                  {product} {ergonomic}
    uintx NonNMethodCodeHeapSize                   = 5839372                                {pd product} {ergonomic}
    uintx NonProfiledCodeHeapSize                  = 122909434                              {pd product} {ergonomic}
   size_t OldSize                                  = 87031808                                  {product} {ergonomic}
    uintx ProfiledCodeHeapSize                     = 122909434                              {pd product} {ergonomic}
    uintx ReservedCodeCacheSize                    = 251658240                              {pd product} {ergonomic}
     bool SegmentedCodeCache                       = true                                      {product} {ergonomic}
   size_t SoftMaxHeapSize                          = 2147483648                             {manageable} {ergonomic}
     bool UseCompressedClassPointers               = true                           {product lp64_product} {ergonomic}
     bool UseCompressedOops                        = true                           {product lp64_product} {ergonomic}
     bool UseLargePagesIndividualAllocation        = false                                  {pd product} {ergonomic}
     bool UseParallelGC                            = true                                      {product} {command line}

Logging:
Log output configuration:
 #0: stdout all=warning uptime,level,tags
 #1: stderr all=off uptime,level,tags

Environment Variables:
JAVA_HOME=C:\Program Files\Java\jdk-17
PATH=C:\Users\hp\bin;C:\Program Files\Git\mingw64\bin;C:\Program Files\Git\usr\local\bin;C:\Program Files\Git\usr\bin;C:\Program Files\Git\usr\bin;C:\Program Files\Git\mingw64\bin;C:\Program Files\Git\usr\bin;C:\Users\hp\bin;C:\Program Files\Common Files\Oracle\Java\javapath;C:\WINDOWS\system32;C:\WINDOWS;C:\WINDOWS\system32\Wbem;C:\WINDOWS\System32\WindowsPowerShell\v1.0;C:\WINDOWS\System32\OpenSSH;C:\Program Files\Microsoft VS Code\bin;C:\Users\hp\Downloads\jdk-20_windows-x64_bin.exe;C:\Program Files\MySQL\MySQL Server 8.0\bin;C:\Program Files\php-8.2.11;C:\ProgramData\chocolatey\bin;C:\Users\hp\AppData\Local\nvm;C:\nvm4w\nodejs;C:\Program Files\Git\cmd;C:\Program Files\nodejs;C:\WINDOWS\System32\Wbem;C:\Program Files\Java\jdk-17\bin;C:\Users\hp\AppData\Local\Android\Sdk\platform-tools;C:\src\flutter\flutter\bin;C:\Program Files\MySQL\MySQL Shell 8.0\bin;C:\Users\hp\AppData\Local\Microsoft\WindowsApps;C:\MinGW\bin;C:\Users\hp\AppData\Local\GitHubDesktop\bin;C:\Users\hp\AppData\Local\nvm;C:\nvm4w\nodejs;C:\Users\hp\AppData\Roaming\npm;C:\Users\hp\AppData\Local\Microsoft\WindowsApps;C:\flutter\bin;C:\Users\hp\AppData\Local\Programs\Antigravity\bin;C:\src\flutter\flutter\bin;C:\Program Files\Git\usr\bin\vendor_perl;C:\Program Files\Git\usr\bin\core_perl
USERNAME=hp
SHELL=C:\Program Files\Git\usr\bin\bash.exe
OS=Windows_NT
PROCESSOR_IDENTIFIER=Intel64 Family 6 Model 154 Stepping 4, GenuineIntel



---------------  S Y S T E M  ---------------

OS:
 Windows 11 , 64 bit Build 26100 (10.0.26100.7920)
OS uptime: 0 days 0:50 hours
Hyper-V role detected

CPU: total 12 (initial active 12) (6 cores per cpu, 2 threads per core) family 6 model 154 stepping 4 microcode 0x42c, cx8, cmov, fxsr, ht, mmx, 3dnowpref, sse, sse2, sse3, ssse3, sse4.1, sse4.2, popcnt, lzcnt, tsc, tscinvbit, avx, avx2, aes, erms, clmul, bmi1, bmi2, adx, sha, fma, vzeroupper, clflush, clflushopt, clwb, hv

Memory: 4k page, system-wide physical 7863M (505M free)
TotalPageFile size 24247M (AvailPageFile size 28M)
current process WorkingSet (physical memory assigned to process): 191M, peak: 194M
current process commit charge ("private bytes"): 361M, peak: 363M

vm_info: Java HotSpot(TM) 64-Bit Server VM (17.0.12+8-LTS-286) for windows-amd64 JRE (17.0.12+8-LTS-286), built on Jun  5 2024 06:46:59 by "mach5one" with MS VC++ 17.6 (VS2022)

END.
